#
# There is insufficient memory for the Java Runtime Environment to continue.
# Native memory allocation (malloc) failed to allocate 198736 bytes. Error detail: Chunk::new
# Possible reasons:
#   The system is out of physical RAM or swap space
#   This process is running with CompressedOops enabled, and the Java Heap may be blocking the growth of the native heap
# Possible solutions:
#   Reduce memory load on the system
#   Increase physical memory or swap space
#   Check if swap backing store is full
#   Decrease Java heap size (-Xmx/-Xms)
#   Decrease number of Java threads
#   Decrease Java thread stack sizes (-Xss)
#   Set larger code cache with -XX:ReservedCodeCacheSize=
#   JVM is running with Unscaled Compressed Oops mode in which the Java heap is
#     placed in the first 4GB address space. The Java Heap base address is the
#     maximum limit for the native heap growth. Please use -XX:HeapBaseMinAddress
#     to set the Java Heap base and to place the Java Heap above 4GB virtual address.
# This output file may be truncated or incomplete.
#
#  Out of Memory Error (arena.cpp:168), pid=10532, tid=15048
#
# JRE version: OpenJDK Runtime Environment Temurin-21.0.6+7 (21.0.6+7) (build 21.0.6+7-LTS)
# Java VM: OpenJDK 64-Bit Server VM Temurin-21.0.6+7 (21.0.6+7-LTS, mixed mode, sharing, tiered, compressed oops, compressed class ptrs, parallel gc, windows-amd64)
# No core dump will be written. Minidumps are not enabled by default on client versions of Windows
#

---------------  S U M M A R Y ------------

Command Line: --add-modules=ALL-SYSTEM --add-opens=java.base/java.util=ALL-UNNAMED --add-opens=java.base/java.lang=ALL-UNNAMED --add-opens=java.base/sun.nio.fs=ALL-UNNAMED -Declipse.application=org.eclipse.jdt.ls.core.id1 -Dosgi.bundles.defaultStartLevel=4 -Declipse.product=org.eclipse.jdt.ls.core.product -Djava.import.generatesMetadataFilesAtProjectRoot=false -DDetectVMInstallationsJob.disabled=true -Dfile.encoding=utf8 -XX:+UseParallelGC -XX:GCTimeRatio=4 -XX:AdaptiveSizePolicyWeight=90 -Dsun.zip.disableMemoryMapping=true -Xmx1G -Xms100m -Xlog:disable -javaagent:c:\Users\student\.vscode\extensions\redhat.java-1.40.0-win32-x64\lombok\lombok-1.18.36.jar c:\Users\student\.vscode\extensions\redhat.java-1.40.0-win32-x64\server\plugins\org.eclipse.equinox.launcher_1.6.1000.v20250131-0606.jar -configuration c:\Users\student\AppData\Roaming\Code\User\globalStorage\redhat.java\1.40.0\config_ss_win -data c:\Users\student\AppData\Roaming\Code\User\workspaceStorage\34e1f0536f3a9bbe09a70fa07904f662\redhat.java\ss_ws --pipe=\\.\pipe\lsp-514f0a37d7089a6d62fb3b2b6c59ed2c-sock

Host: Intel(R) Core(TM) i3-8100T CPU @ 3.10GHz, 4 cores, 7G,  Windows 11 , 64 bit Build 26100 (10.0.26100.3323)
Time: Wed Mar 26 13:27:16 2025 India Standard Time elapsed time: 5731.582400 seconds (0d 1h 35m 31s)

---------------  T H R E A D  ---------------

Current thread (0x000001ce9c22fe00):  JavaThread "C2 CompilerThread0" daemon [_thread_in_native, id=15048, stack(0x000000cbe5500000,0x000000cbe5600000) (1024K)]


Current CompileTask:
C2:5731582 5175       4       org.eclipse.core.internal.dtree.AbstractDataTreeNode::assembleWith (502 bytes)

Stack: [0x000000cbe5500000,0x000000cbe5600000]
Native frames: (J=compiled Java code, j=interpreted, Vv=VM code, C=native code)
V  [jvm.dll+0x6cdee9]
V  [jvm.dll+0x8a83d1]
V  [jvm.dll+0x8aa8fe]
V  [jvm.dll+0x8aafe3]
V  [jvm.dll+0x27f706]
V  [jvm.dll+0xc500d]
V  [jvm.dll+0xc5543]
V  [jvm.dll+0x2f2acd]
V  [jvm.dll+0x5f6a2a]
V  [jvm.dll+0x250bb2]
V  [jvm.dll+0x249526]
V  [jvm.dll+0x246ec4]
V  [jvm.dll+0x1c75ee]
V  [jvm.dll+0x25685a]
V  [jvm.dll+0x254dfa]
V  [jvm.dll+0x3f0256]
V  [jvm.dll+0x851f8b]
V  [jvm.dll+0x6cc5ed]
C  [ucrtbase.dll+0x37b0]
C  [KERNEL32.DLL+0x2e8d7]
C  [ntdll.dll+0xbbf6c]


---------------  P R O C E S S  ---------------

Threads class SMR info:
_java_thread_list=0x000001cee2fc2440, length=30, elements={
0x000001ce85d4b4b0, 0x000001ce85f0dc70, 0x000001ce9c227130, 0x000001ce9c22ac20,
0x000001ce9c22db30, 0x000001ce9c22e580, 0x000001ce9c22efd0, 0x000001ce9c22fe00,
0x000001ce9c2af7d0, 0x000001cee2054250, 0x000001cee2290e90, 0x000001cee29e6cb0,
0x000001cee2b13050, 0x000001cee2859ea0, 0x000001cee2bde150, 0x000001cee25bf1a0,
0x000001cee27daaa0, 0x000001cee2d8a210, 0x000001cee2d8af30, 0x000001cee2d89b80,
0x000001cee2d8a8a0, 0x000001cee2d88e60, 0x000001cee2d88140, 0x000001cee2d887d0,
0x000001cee2d894f0, 0x000001cee3275280, 0x000001cee3277350, 0x000001cee3276cc0,
0x000001cee3275fa0, 0x000001cee33016e0
}

Java Threads: ( => current thread )
  0x000001ce85d4b4b0 JavaThread "main"                              [_thread_blocked, id=14824, stack(0x000000cbe4b00000,0x000000cbe4c00000) (1024K)]
  0x000001ce85f0dc70 JavaThread "Reference Handler"          daemon [_thread_blocked, id=15204, stack(0x000000cbe4f00000,0x000000cbe5000000) (1024K)]
  0x000001ce9c227130 JavaThread "Finalizer"                  daemon [_thread_blocked, id=15108, stack(0x000000cbe5000000,0x000000cbe5100000) (1024K)]
  0x000001ce9c22ac20 JavaThread "Signal Dispatcher"          daemon [_thread_blocked, id=15292, stack(0x000000cbe5100000,0x000000cbe5200000) (1024K)]
  0x000001ce9c22db30 JavaThread "Attach Listener"            daemon [_thread_blocked, id=15232, stack(0x000000cbe5200000,0x000000cbe5300000) (1024K)]
  0x000001ce9c22e580 JavaThread "Service Thread"             daemon [_thread_blocked, id=15212, stack(0x000000cbe5300000,0x000000cbe5400000) (1024K)]
  0x000001ce9c22efd0 JavaThread "Monitor Deflation Thread"   daemon [_thread_blocked, id=14996, stack(0x000000cbe5400000,0x000000cbe5500000) (1024K)]
=>0x000001ce9c22fe00 JavaThread "C2 CompilerThread0"         daemon [_thread_in_native, id=15048, stack(0x000000cbe5500000,0x000000cbe5600000) (1024K)]
  0x000001ce9c2af7d0 JavaThread "C1 CompilerThread0"         daemon [_thread_blocked, id=15308, stack(0x000000cbe5600000,0x000000cbe5700000) (1024K)]
  0x000001cee2054250 JavaThread "Common-Cleaner"             daemon [_thread_blocked, id=15200, stack(0x000000cbe5700000,0x000000cbe5800000) (1024K)]
  0x000001cee2290e90 JavaThread "Notification Thread"        daemon [_thread_blocked, id=15188, stack(0x000000cbe5800000,0x000000cbe5900000) (1024K)]
  0x000001cee29e6cb0 JavaThread "Active Thread: Equinox Container: 34c17ab7-a4e4-4126-8d22-89325c945c48"        [_thread_blocked, id=14592, stack(0x000000cbe5d00000,0x000000cbe5e00000) (1024K)]
  0x000001cee2b13050 JavaThread "Framework Event Dispatcher: Equinox Container: 34c17ab7-a4e4-4126-8d22-89325c945c48" daemon [_thread_blocked, id=14672, stack(0x000000cbe5c00000,0x000000cbe5d00000) (1024K)]
  0x000001cee2859ea0 JavaThread "Start Level: Equinox Container: 34c17ab7-a4e4-4126-8d22-89325c945c48" daemon [_thread_blocked, id=14616, stack(0x000000cbe5e00000,0x000000cbe5f00000) (1024K)]
  0x000001cee2bde150 JavaThread "SCR Component Actor"        daemon [_thread_blocked, id=14744, stack(0x000000cbe5f00000,0x000000cbe6000000) (1024K)]
  0x000001cee25bf1a0 JavaThread "JNA Cleaner"                daemon [_thread_blocked, id=5488, stack(0x000000cbe6200000,0x000000cbe6300000) (1024K)]
  0x000001cee27daaa0 JavaThread "Worker-0: Processing Java changes since last activation"        [_thread_blocked, id=12232, stack(0x000000cbe6300000,0x000000cbe6400000) (1024K)]
  0x000001cee2d8a210 JavaThread "Worker-1"                          [_thread_blocked, id=7556, stack(0x000000cbe6400000,0x000000cbe6500000) (1024K)]
  0x000001cee2d8af30 JavaThread "Worker-2: Initialize After Load"        [_thread_blocked, id=14880, stack(0x000000cbe6600000,0x000000cbe6700000) (1024K)]
  0x000001cee2d89b80 JavaThread "Worker-3: Compacting resource model"        [_thread_blocked, id=15004, stack(0x000000cbe6900000,0x000000cbe6a00000) (1024K)]
  0x000001cee2d8a8a0 JavaThread "Thread-2"                   daemon [_thread_in_native, id=15036, stack(0x000000cbe6a00000,0x000000cbe6b00000) (1024K)]
  0x000001cee2d88e60 JavaThread "Thread-3"                   daemon [_thread_in_native, id=15288, stack(0x000000cbe6b00000,0x000000cbe6c00000) (1024K)]
  0x000001cee2d88140 JavaThread "Thread-4"                   daemon [_thread_in_native, id=15056, stack(0x000000cbe6c00000,0x000000cbe6d00000) (1024K)]
  0x000001cee2d887d0 JavaThread "Thread-5"                   daemon [_thread_in_native, id=15136, stack(0x000000cbe6d00000,0x000000cbe6e00000) (1024K)]
  0x000001cee2d894f0 JavaThread "Thread-6"                   daemon [_thread_in_native, id=14560, stack(0x000000cbe6e00000,0x000000cbe6f00000) (1024K)]
  0x000001cee3275280 JavaThread "pool-2-thread-1"                   [_thread_blocked, id=8064, stack(0x000000cbe6f00000,0x000000cbe7000000) (1024K)]
  0x000001cee3277350 JavaThread "WorkspaceEventsHandler"            [_thread_blocked, id=14568, stack(0x000000cbe7000000,0x000000cbe7100000) (1024K)]
  0x000001cee3276cc0 JavaThread "Worker-5: Flushing content description cache."        [_thread_in_Java, id=13428, stack(0x000000cbe4a00000,0x000000cbe4b00000) (1024K)]
  0x000001cee3275fa0 JavaThread "Worker-6"                          [_thread_blocked, id=13396, stack(0x000000cbe6000000,0x000000cbe6100000) (1024K)]
  0x000001cee33016e0 JavaThread "C2 CompilerThread1"         daemon [_thread_in_native, id=22960, stack(0x000000cbe4900000,0x000000cbe4a00000) (1024K)]
Total: 30

Other Threads:
  0x000001ce9c21eda0 VMThread "VM Thread"                           [id=15092, stack(0x000000cbe4e00000,0x000000cbe4f00000) (1024K)]
  0x000001ce9c1bba00 WatcherThread "VM Periodic Task Thread"        [id=10628, stack(0x000000cbe4d00000,0x000000cbe4e00000) (1024K)]
  0x000001ce85e70c10 WorkerThread "GC Thread#0"                     [id=15164, stack(0x000000cbe4c00000,0x000000cbe4d00000) (1024K)]
  0x000001cee2481a20 WorkerThread "GC Thread#1"                     [id=9960, stack(0x000000cbe5900000,0x000000cbe5a00000) (1024K)]
  0x000001cee24f48b0 WorkerThread "GC Thread#2"                     [id=12220, stack(0x000000cbe5a00000,0x000000cbe5b00000) (1024K)]
  0x000001cee2481dc0 WorkerThread "GC Thread#3"                     [id=14488, stack(0x000000cbe5b00000,0x000000cbe5c00000) (1024K)]
Total: 6

Threads with active compile tasks:
C2 CompilerThread0  5731640 5175       4       org.eclipse.core.internal.dtree.AbstractDataTreeNode::assembleWith (502 bytes)
C2 CompilerThread1  5731640 5179       4       org.eclipse.core.internal.watson.ElementTreeIterator::requestPath (100 bytes)
Total: 2

VM state: not at safepoint (normal execution)

VM Mutex/Monitor currently owned by a thread: None

OutOfMemory and StackOverflow Exception counts:
OutOfMemoryError java_heap_errors=5
LinkageErrors=73

Heap address: 0x00000000c0000000, size: 1024 MB, Compressed Oops mode: 32-bit

CDS archive(s) mapped at: [0x000001ce9d000000-0x000001ce9dba0000-0x000001ce9dba0000), size 12189696, SharedBaseAddress: 0x000001ce9d000000, ArchiveRelocationMode: 1.
Compressed class space mapped at: 0x000001ce9e000000-0x000001cede000000, reserved size: 1073741824
Narrow klass base: 0x000001ce9d000000, Narrow klass shift: 0, Narrow klass range: 0x100000000

GC Precious Log:
 CardTable entry size: 512
 CPUs: 4 total, 4 available
 Memory: 8024M
 Large Page Support: Disabled
 NUMA Support: Disabled
 Compressed Oops: Enabled (32-bit)
 Alignments: Space 512K, Generation 512K, Heap 2M
 Heap Min Capacity: 100M
 Heap Initial Capacity: 100M
 Heap Max Capacity: 1G
 Pre-touch: Disabled
 Parallel Workers: 4

Heap:
 PSYoungGen      total 13312K, used 1604K [0x00000000eab00000, 0x00000000ec500000, 0x0000000100000000)
  eden space 12288K, 6% used [0x00000000eab00000,0x00000000eabb9280,0x00000000eb700000)
  from space 1024K, 84% used [0x00000000ec400000,0x00000000ec4d8000,0x00000000ec500000)
  to   space 5632K, 0% used [0x00000000eba00000,0x00000000eba00000,0x00000000ebf80000)
 ParOldGen       total 560640K, used 516976K [0x00000000c0000000, 0x00000000e2380000, 0x00000000eab00000)
  object space 560640K, 92% used [0x00000000c0000000,0x00000000df8dc388,0x00000000e2380000)
 Metaspace       used 29872K, committed 30592K, reserved 1114112K
  class space    used 2867K, committed 3200K, reserved 1048576K

Card table byte_map: [0x000001ce99b70000,0x000001ce99d80000] _byte_map_base: 0x000001ce99570000

Marking Bits: (ParMarkBitMap*) 0x00007ff8a5363260
 Begin Bits: [0x000001ce99ee0000, 0x000001ce9aee0000)
 End Bits:   [0x000001ce9aee0000, 0x000001ce9bee0000)

Polling page: 0x000001ce877d0000

Metaspace:

Usage:
  Non-class:     26.37 MB used.
      Class:      2.80 MB used.
       Both:     29.17 MB used.

Virtual space:
  Non-class space:       64.00 MB reserved,      26.75 MB ( 42%) committed,  1 nodes.
      Class space:        1.00 GB reserved,       3.12 MB ( <1%) committed,  1 nodes.
             Both:        1.06 GB reserved,      29.88 MB (  3%) committed. 

Chunk freelists:
   Non-Class:  4.35 MB
       Class:  12.92 MB
        Both:  17.27 MB

MaxMetaspaceSize: unlimited
CompressedClassSpaceSize: 1.00 GB
Initial GC threshold: 21.00 MB
Current GC threshold: 49.81 MB
CDS: on
 - commit_granule_bytes: 65536.
 - commit_granule_words: 8192.
 - virtual_space_node_default_size: 8388608.
 - enlarge_chunks_in_place: 1.
 - use_allocation_guard: 0.


Internal statistics:

num_allocs_failed_limit: 3.
num_arena_births: 592.
num_arena_deaths: 224.
num_vsnodes_births: 2.
num_vsnodes_deaths: 0.
num_space_committed: 478.
num_space_uncommitted: 0.
num_chunks_returned_to_freelist: 250.
num_chunks_taken_from_freelist: 1862.
num_chunk_merges: 62.
num_chunk_splits: 1115.
num_chunks_enlarged: 722.
num_inconsistent_stats: 0.

CodeHeap 'non-profiled nmethods': size=120000Kb used=423Kb max_used=2459Kb free=119576Kb
 bounds [0x000001ce92460000, 0x000001ce926d0000, 0x000001ce99990000]
CodeHeap 'profiled nmethods': size=120000Kb used=447Kb max_used=7904Kb free=119553Kb
 bounds [0x000001ce8a990000, 0x000001ce8b150000, 0x000001ce91ec0000]
CodeHeap 'non-nmethods': size=5760Kb used=1341Kb max_used=1413Kb free=4418Kb
 bounds [0x000001ce91ec0000, 0x000001ce92130000, 0x000001ce92460000]
 total_blobs=1238 nmethods=600 adapters=543
 compilation: enabled
              stopped_count=0, restarted_count=0
 full_count=0

Compilation events (20 events):
Event: 5729.500 Thread 0x000001ce9c22fe00 nmethod 5166 0x000001ce9255cb10 code [0x000001ce9255cca0, 0x000001ce9255cd30]
Event: 5729.519 Thread 0x000001ce9c2af7d0 5167       3       org.eclipse.core.runtime.Path::computeSegments (163 bytes)
Event: 5729.520 Thread 0x000001ce9c22fe00 5168       4       java.lang.StringLatin1::compareTo (14 bytes)
Event: 5729.521 Thread 0x000001ce9c2af7d0 nmethod 5167 0x000001ce8a993890 code [0x000001ce8a993be0, 0x000001ce8a995270]
Event: 5729.521 Thread 0x000001ce9c2af7d0 5172   !   3       org.eclipse.core.internal.resources.Workspace::getResourceInfo (109 bytes)
Event: 5729.521 Thread 0x000001ce9c2af7d0 nmethod 5172 0x000001ce8aadbf90 code [0x000001ce8aadc200, 0x000001ce8aadccf8]
Event: 5729.522 Thread 0x000001ce9c22fe00 nmethod 5168 0x000001ce9255c390 code [0x000001ce9255c520, 0x000001ce9255c778]
Event: 5729.522 Thread 0x000001ce9c22fe00 5171       4       jdk.internal.util.ArraysSupport::mismatch (73 bytes)
Event: 5729.525 Thread 0x000001ce9c22fe00 nmethod 5171 0x000001ce92488f10 code [0x000001ce924890a0, 0x000001ce92489298]
Event: 5729.525 Thread 0x000001ce9c22fe00 5170       4       java.lang.String::compareTo (63 bytes)
Event: 5729.526 Thread 0x000001ce9c22fe00 nmethod 5170 0x000001ce92488a10 code [0x000001ce92488ba0, 0x000001ce92488de8]
Event: 5729.526 Thread 0x000001ce9c22fe00 5169       4       java.lang.StringLatin1::compareTo (41 bytes)
Event: 5729.529 Thread 0x000001ce9c22fe00 nmethod 5169 0x000001ce92488310 code [0x000001ce924884c0, 0x000001ce92488798]
Event: 5729.537 Thread 0x000001ce9c22fe00 5173       4       java.lang.StringBuilder::<init> (6 bytes)
Event: 5729.538 Thread 0x000001ce9c22fe00 nmethod 5173 0x000001ce92487c90 code [0x000001ce92487e20, 0x000001ce92487ff0]
Event: 5729.546 Thread 0x000001ce9c2af7d0 5174       1       org.eclipse.core.internal.dtree.DataTreeNode::getData (5 bytes)
Event: 5729.546 Thread 0x000001ce9c2af7d0 nmethod 5174 0x000001ce9246d210 code [0x000001ce9246d3a0, 0x000001ce9246d468]
Event: 5729.546 Thread 0x000001ce9c22fe00 5175       4       org.eclipse.core.internal.dtree.AbstractDataTreeNode::assembleWith (502 bytes)
Event: 5729.558 Thread 0x000001ce9c2af7d0 5176       3       org.eclipse.core.internal.dtree.NoDataDeltaNode::<init> (7 bytes)
Event: 5729.558 Thread 0x000001ce9c2af7d0 nmethod 5176 0x000001ce8a993310 code [0x000001ce8a9934c0, 0x000001ce8a993780]

GC Heap History (20 events):
Event: 5722.619 GC heap before
{Heap before GC invocations=37200 (full 433):
 PSYoungGen      total 20480K, used 19238K [0x00000000eab00000, 0x00000000ed200000, 0x0000000100000000)
  eden space 10240K, 99% used [0x00000000eab00000,0x00000000eb4ffff8,0x00000000eb500000)
  from space 10240K, 87% used [0x00000000ec800000,0x00000000ed0c9bc8,0x00000000ed200000)
  to   space 14336K, 0% used [0x00000000eb780000,0x00000000eb780000,0x00000000ec580000)
 ParOldGen       total 699392K, used 699391K [0x00000000c0000000, 0x00000000eab00000, 0x00000000eab00000)
  object space 699392K, 99% used [0x00000000c0000000,0x00000000eaaffff0,0x00000000eab00000)
 Metaspace       used 29853K, committed 30592K, reserved 1114112K
  class space    used 2863K, committed 3200K, reserved 1048576K
}
Event: 5723.242 GC heap after
{Heap after GC invocations=37200 (full 433):
 PSYoungGen      total 20480K, used 19238K [0x00000000eab00000, 0x00000000ed200000, 0x0000000100000000)
  eden space 10240K, 99% used [0x00000000eab00000,0x00000000eb4ffff8,0x00000000eb500000)
  from space 10240K, 87% used [0x00000000ec800000,0x00000000ed0c9bc8,0x00000000ed200000)
  to   space 14336K, 0% used [0x00000000eb780000,0x00000000eb780000,0x00000000ec580000)
 ParOldGen       total 699392K, used 699391K [0x00000000c0000000, 0x00000000eab00000, 0x00000000eab00000)
  object space 699392K, 99% used [0x00000000c0000000,0x00000000eaafffd0,0x00000000eab00000)
 Metaspace       used 29853K, committed 30592K, reserved 1114112K
  class space    used 2863K, committed 3200K, reserved 1048576K
}
Event: 5723.243 GC heap before
{Heap before GC invocations=37201 (full 434):
 PSYoungGen      total 20480K, used 19238K [0x00000000eab00000, 0x00000000ed200000, 0x0000000100000000)
  eden space 10240K, 99% used [0x00000000eab00000,0x00000000eb4ffff8,0x00000000eb500000)
  from space 10240K, 87% used [0x00000000ec800000,0x00000000ed0c9bc8,0x00000000ed200000)
  to   space 14336K, 0% used [0x00000000eb780000,0x00000000eb780000,0x00000000ec580000)
 ParOldGen       total 699392K, used 699391K [0x00000000c0000000, 0x00000000eab00000, 0x00000000eab00000)
  object space 699392K, 99% used [0x00000000c0000000,0x00000000eaaffff0,0x00000000eab00000)
 Metaspace       used 29853K, committed 30592K, reserved 1114112K
  class space    used 2863K, committed 3200K, reserved 1048576K
}
Event: 5723.889 GC heap after
{Heap after GC invocations=37201 (full 434):
 PSYoungGen      total 20480K, used 19238K [0x00000000eab00000, 0x00000000ed200000, 0x0000000100000000)
  eden space 10240K, 99% used [0x00000000eab00000,0x00000000eb4ffff8,0x00000000eb500000)
  from space 10240K, 87% used [0x00000000ec800000,0x00000000ed0c9bc8,0x00000000ed200000)
  to   space 14336K, 0% used [0x00000000eb780000,0x00000000eb780000,0x00000000ec580000)
 ParOldGen       total 699392K, used 699391K [0x00000000c0000000, 0x00000000eab00000, 0x00000000eab00000)
  object space 699392K, 99% used [0x00000000c0000000,0x00000000eaafffd0,0x00000000eab00000)
 Metaspace       used 29853K, committed 30592K, reserved 1114112K
  class space    used 2863K, committed 3200K, reserved 1048576K
}
Event: 5723.890 GC heap before
{Heap before GC invocations=37202 (full 435):
 PSYoungGen      total 20480K, used 19238K [0x00000000eab00000, 0x00000000ed200000, 0x0000000100000000)
  eden space 10240K, 99% used [0x00000000eab00000,0x00000000eb4ffff8,0x00000000eb500000)
  from space 10240K, 87% used [0x00000000ec800000,0x00000000ed0c9bc8,0x00000000ed200000)
  to   space 14336K, 0% used [0x00000000eb780000,0x00000000eb780000,0x00000000ec580000)
 ParOldGen       total 699392K, used 699391K [0x00000000c0000000, 0x00000000eab00000, 0x00000000eab00000)
  object space 699392K, 99% used [0x00000000c0000000,0x00000000eaaffff0,0x00000000eab00000)
 Metaspace       used 29853K, committed 30592K, reserved 1114112K
  class space    used 2863K, committed 3200K, reserved 1048576K
}
Event: 5724.535 GC heap after
{Heap after GC invocations=37202 (full 435):
 PSYoungGen      total 20480K, used 19238K [0x00000000eab00000, 0x00000000ed200000, 0x0000000100000000)
  eden space 10240K, 99% used [0x00000000eab00000,0x00000000eb4ffff8,0x00000000eb500000)
  from space 10240K, 87% used [0x00000000ec800000,0x00000000ed0c9bc8,0x00000000ed200000)
  to   space 14336K, 0% used [0x00000000eb780000,0x00000000eb780000,0x00000000ec580000)
 ParOldGen       total 699392K, used 699391K [0x00000000c0000000, 0x00000000eab00000, 0x00000000eab00000)
  object space 699392K, 99% used [0x00000000c0000000,0x00000000eaafffd0,0x00000000eab00000)
 Metaspace       used 29853K, committed 30592K, reserved 1114112K
  class space    used 2863K, committed 3200K, reserved 1048576K
}
Event: 5724.542 GC heap before
{Heap before GC invocations=37203 (full 436):
 PSYoungGen      total 20480K, used 19238K [0x00000000eab00000, 0x00000000ed200000, 0x0000000100000000)
  eden space 10240K, 99% used [0x00000000eab00000,0x00000000eb4ffff8,0x00000000eb500000)
  from space 10240K, 87% used [0x00000000ec800000,0x00000000ed0c9bc8,0x00000000ed200000)
  to   space 14336K, 0% used [0x00000000eb780000,0x00000000eb780000,0x00000000ec580000)
 ParOldGen       total 699392K, used 699391K [0x00000000c0000000, 0x00000000eab00000, 0x00000000eab00000)
  object space 699392K, 99% used [0x00000000c0000000,0x00000000eaaffff0,0x00000000eab00000)
 Metaspace       used 29853K, committed 30592K, reserved 1114112K
  class space    used 2863K, committed 3200K, reserved 1048576K
}
Event: 5725.206 GC heap after
{Heap after GC invocations=37203 (full 436):
 PSYoungGen      total 20480K, used 19238K [0x00000000eab00000, 0x00000000ed200000, 0x0000000100000000)
  eden space 10240K, 99% used [0x00000000eab00000,0x00000000eb4ffff8,0x00000000eb500000)
  from space 10240K, 87% used [0x00000000ec800000,0x00000000ed0c9bc8,0x00000000ed200000)
  to   space 14336K, 0% used [0x00000000eb780000,0x00000000eb780000,0x00000000ec580000)
 ParOldGen       total 699392K, used 699391K [0x00000000c0000000, 0x00000000eab00000, 0x00000000eab00000)
  object space 699392K, 99% used [0x00000000c0000000,0x00000000eaaffff0,0x00000000eab00000)
 Metaspace       used 29853K, committed 30592K, reserved 1114112K
  class space    used 2863K, committed 3200K, reserved 1048576K
}
Event: 5725.206 GC heap before
{Heap before GC invocations=37204 (full 437):
 PSYoungGen      total 20480K, used 19238K [0x00000000eab00000, 0x00000000ed200000, 0x0000000100000000)
  eden space 10240K, 99% used [0x00000000eab00000,0x00000000eb4ffff8,0x00000000eb500000)
  from space 10240K, 87% used [0x00000000ec800000,0x00000000ed0c9bc8,0x00000000ed200000)
  to   space 14336K, 0% used [0x00000000eb780000,0x00000000eb780000,0x00000000ec580000)
 ParOldGen       total 699392K, used 699391K [0x00000000c0000000, 0x00000000eab00000, 0x00000000eab00000)
  object space 699392K, 99% used [0x00000000c0000000,0x00000000eaaffff0,0x00000000eab00000)
 Metaspace       used 29853K, committed 30592K, reserved 1114112K
  class space    used 2863K, committed 3200K, reserved 1048576K
}
Event: 5725.856 GC heap after
{Heap after GC invocations=37204 (full 437):
 PSYoungGen      total 20480K, used 19238K [0x00000000eab00000, 0x00000000ed200000, 0x0000000100000000)
  eden space 10240K, 99% used [0x00000000eab00000,0x00000000eb4ffff8,0x00000000eb500000)
  from space 10240K, 87% used [0x00000000ec800000,0x00000000ed0c9bc8,0x00000000ed200000)
  to   space 14336K, 0% used [0x00000000eb780000,0x00000000eb780000,0x00000000ec580000)
 ParOldGen       total 699392K, used 699391K [0x00000000c0000000, 0x00000000eab00000, 0x00000000eab00000)
  object space 699392K, 99% used [0x00000000c0000000,0x00000000eaaffff0,0x00000000eab00000)
 Metaspace       used 29853K, committed 30592K, reserved 1114112K
  class space    used 2863K, committed 3200K, reserved 1048576K
}
Event: 5725.856 GC heap before
{Heap before GC invocations=37205 (full 438):
 PSYoungGen      total 20480K, used 19238K [0x00000000eab00000, 0x00000000ed200000, 0x0000000100000000)
  eden space 10240K, 99% used [0x00000000eab00000,0x00000000eb4ffff8,0x00000000eb500000)
  from space 10240K, 87% used [0x00000000ec800000,0x00000000ed0c9bc8,0x00000000ed200000)
  to   space 14336K, 0% used [0x00000000eb780000,0x00000000eb780000,0x00000000ec580000)
 ParOldGen       total 699392K, used 699391K [0x00000000c0000000, 0x00000000eab00000, 0x00000000eab00000)
  object space 699392K, 99% used [0x00000000c0000000,0x00000000eaaffff0,0x00000000eab00000)
 Metaspace       used 29853K, committed 30592K, reserved 1114112K
  class space    used 2863K, committed 3200K, reserved 1048576K
}
Event: 5726.515 GC heap after
{Heap after GC invocations=37205 (full 438):
 PSYoungGen      total 20480K, used 19238K [0x00000000eab00000, 0x00000000ed200000, 0x0000000100000000)
  eden space 10240K, 99% used [0x00000000eab00000,0x00000000eb4ffff8,0x00000000eb500000)
  from space 10240K, 87% used [0x00000000ec800000,0x00000000ed0c9bc8,0x00000000ed200000)
  to   space 14336K, 0% used [0x00000000eb780000,0x00000000eb780000,0x00000000ec580000)
 ParOldGen       total 699392K, used 699391K [0x00000000c0000000, 0x00000000eab00000, 0x00000000eab00000)
  object space 699392K, 99% used [0x00000000c0000000,0x00000000eaaffff0,0x00000000eab00000)
 Metaspace       used 29853K, committed 30592K, reserved 1114112K
  class space    used 2863K, committed 3200K, reserved 1048576K
}
Event: 5726.515 GC heap before
{Heap before GC invocations=37206 (full 439):
 PSYoungGen      total 20480K, used 19238K [0x00000000eab00000, 0x00000000ed200000, 0x0000000100000000)
  eden space 10240K, 99% used [0x00000000eab00000,0x00000000eb4ffff8,0x00000000eb500000)
  from space 10240K, 87% used [0x00000000ec800000,0x00000000ed0c9bc8,0x00000000ed200000)
  to   space 14336K, 0% used [0x00000000eb780000,0x00000000eb780000,0x00000000ec580000)
 ParOldGen       total 699392K, used 699391K [0x00000000c0000000, 0x00000000eab00000, 0x00000000eab00000)
  object space 699392K, 99% used [0x00000000c0000000,0x00000000eaaffff0,0x00000000eab00000)
 Metaspace       used 29853K, committed 30592K, reserved 1114112K
  class space    used 2863K, committed 3200K, reserved 1048576K
}
Event: 5727.139 GC heap after
{Heap after GC invocations=37206 (full 439):
 PSYoungGen      total 20480K, used 19238K [0x00000000eab00000, 0x00000000ed200000, 0x0000000100000000)
  eden space 10240K, 99% used [0x00000000eab00000,0x00000000eb4ffff8,0x00000000eb500000)
  from space 10240K, 87% used [0x00000000ec800000,0x00000000ed0c9bc8,0x00000000ed200000)
  to   space 14336K, 0% used [0x00000000eb780000,0x00000000eb780000,0x00000000ec580000)
 ParOldGen       total 699392K, used 699391K [0x00000000c0000000, 0x00000000eab00000, 0x00000000eab00000)
  object space 699392K, 99% used [0x00000000c0000000,0x00000000eaaffff0,0x00000000eab00000)
 Metaspace       used 29853K, committed 30592K, reserved 1114112K
  class space    used 2863K, committed 3200K, reserved 1048576K
}
Event: 5727.140 GC heap before
{Heap before GC invocations=37207 (full 440):
 PSYoungGen      total 20480K, used 19238K [0x00000000eab00000, 0x00000000ed200000, 0x0000000100000000)
  eden space 10240K, 99% used [0x00000000eab00000,0x00000000eb4ffff8,0x00000000eb500000)
  from space 10240K, 87% used [0x00000000ec800000,0x00000000ed0c9bc8,0x00000000ed200000)
  to   space 14336K, 0% used [0x00000000eb780000,0x00000000eb780000,0x00000000ec580000)
 ParOldGen       total 699392K, used 699391K [0x00000000c0000000, 0x00000000eab00000, 0x00000000eab00000)
  object space 699392K, 99% used [0x00000000c0000000,0x00000000eaaffff0,0x00000000eab00000)
 Metaspace       used 29853K, committed 30592K, reserved 1114112K
  class space    used 2863K, committed 3200K, reserved 1048576K
}
Event: 5727.767 GC heap after
{Heap after GC invocations=37207 (full 440):
 PSYoungGen      total 20480K, used 19238K [0x00000000eab00000, 0x00000000ed200000, 0x0000000100000000)
  eden space 10240K, 99% used [0x00000000eab00000,0x00000000eb4ffff8,0x00000000eb500000)
  from space 10240K, 87% used [0x00000000ec800000,0x00000000ed0c9bc8,0x00000000ed200000)
  to   space 14336K, 0% used [0x00000000eb780000,0x00000000eb780000,0x00000000ec580000)
 ParOldGen       total 699392K, used 699391K [0x00000000c0000000, 0x00000000eab00000, 0x00000000eab00000)
  object space 699392K, 99% used [0x00000000c0000000,0x00000000eaaffff0,0x00000000eab00000)
 Metaspace       used 29853K, committed 30592K, reserved 1114112K
  class space    used 2863K, committed 3200K, reserved 1048576K
}
Event: 5727.767 GC heap before
{Heap before GC invocations=37208 (full 441):
 PSYoungGen      total 20480K, used 19238K [0x00000000eab00000, 0x00000000ed200000, 0x0000000100000000)
  eden space 10240K, 99% used [0x00000000eab00000,0x00000000eb4ffff8,0x00000000eb500000)
  from space 10240K, 87% used [0x00000000ec800000,0x00000000ed0c9bc8,0x00000000ed200000)
  to   space 14336K, 0% used [0x00000000eb780000,0x00000000eb780000,0x00000000ec580000)
 ParOldGen       total 699392K, used 699391K [0x00000000c0000000, 0x00000000eab00000, 0x00000000eab00000)
  object space 699392K, 99% used [0x00000000c0000000,0x00000000eaaffff0,0x00000000eab00000)
 Metaspace       used 29853K, committed 30592K, reserved 1114112K
  class space    used 2863K, committed 3200K, reserved 1048576K
}
Event: 5728.374 GC heap after
{Heap after GC invocations=37208 (full 441):
 PSYoungGen      total 20480K, used 19238K [0x00000000eab00000, 0x00000000ed200000, 0x0000000100000000)
  eden space 10240K, 99% used [0x00000000eab00000,0x00000000eb4ffff8,0x00000000eb500000)
  from space 10240K, 87% used [0x00000000ec800000,0x00000000ed0c9bc8,0x00000000ed200000)
  to   space 14336K, 0% used [0x00000000eb780000,0x00000000eb780000,0x00000000ec580000)
 ParOldGen       total 699392K, used 699391K [0x00000000c0000000, 0x00000000eab00000, 0x00000000eab00000)
  object space 699392K, 99% used [0x00000000c0000000,0x00000000eaaffff0,0x00000000eab00000)
 Metaspace       used 29853K, committed 30592K, reserved 1114112K
  class space    used 2863K, committed 3200K, reserved 1048576K
}
Event: 5728.377 GC heap before
{Heap before GC invocations=37209 (full 442):
 PSYoungGen      total 20480K, used 19238K [0x00000000eab00000, 0x00000000ed200000, 0x0000000100000000)
  eden space 10240K, 99% used [0x00000000eab00000,0x00000000eb4ffff8,0x00000000eb500000)
  from space 10240K, 87% used [0x00000000ec800000,0x00000000ed0c9bc8,0x00000000ed200000)
  to   space 14336K, 0% used [0x00000000eb780000,0x00000000eb780000,0x00000000ec580000)
 ParOldGen       total 699392K, used 699391K [0x00000000c0000000, 0x00000000eab00000, 0x00000000eab00000)
  object space 699392K, 99% used [0x00000000c0000000,0x00000000eaaffff0,0x00000000eab00000)
 Metaspace       used 29853K, committed 30592K, reserved 1114112K
  class space    used 2863K, committed 3200K, reserved 1048576K
}
Event: 5728.761 GC heap after
{Heap after GC invocations=37209 (full 442):
 PSYoungGen      total 11776K, used 0K [0x00000000eab00000, 0x00000000ed200000, 0x0000000100000000)
  eden space 11264K, 0% used [0x00000000eab00000,0x00000000eab00000,0x00000000eb600000)
  from space 512K, 0% used [0x00000000eb780000,0x00000000eb780000,0x00000000eb800000)
  to   space 14336K, 0% used [0x00000000ec400000,0x00000000ec400000,0x00000000ed200000)
 ParOldGen       total 560640K, used 516976K [0x00000000c0000000, 0x00000000e2380000, 0x00000000eab00000)
  object space 560640K, 92% used [0x00000000c0000000,0x00000000df8dc388,0x00000000e2380000)
 Metaspace       used 29853K, committed 30592K, reserved 1114112K
  class space    used 2863K, committed 3200K, reserved 1048576K
}

Dll operation events (10 events):
Event: 0.794 Loaded shared library c:\Users\student\.vscode\extensions\redhat.java-1.40.0-win32-x64\jre\21.0.6-win32-x86_64\bin\java.dll
Event: 0.936 Loaded shared library c:\Users\student\.vscode\extensions\redhat.java-1.40.0-win32-x64\jre\21.0.6-win32-x86_64\bin\zip.dll
Event: 0.969 Loaded shared library C:\Users\student\.vscode\extensions\redhat.java-1.40.0-win32-x64\jre\21.0.6-win32-x86_64\bin\instrument.dll
Event: 0.975 Loaded shared library C:\Users\student\.vscode\extensions\redhat.java-1.40.0-win32-x64\jre\21.0.6-win32-x86_64\bin\net.dll
Event: 0.977 Loaded shared library C:\Users\student\.vscode\extensions\redhat.java-1.40.0-win32-x64\jre\21.0.6-win32-x86_64\bin\nio.dll
Event: 0.981 Loaded shared library C:\Users\student\.vscode\extensions\redhat.java-1.40.0-win32-x64\jre\21.0.6-win32-x86_64\bin\zip.dll
Event: 1.008 Loaded shared library C:\Users\student\.vscode\extensions\redhat.java-1.40.0-win32-x64\jre\21.0.6-win32-x86_64\bin\jimage.dll
Event: 1.244 Loaded shared library c:\Users\student\.vscode\extensions\redhat.java-1.40.0-win32-x64\jre\21.0.6-win32-x86_64\bin\verify.dll
Event: 5.934 Loaded shared library C:\Users\student\AppData\Roaming\Code\User\globalStorage\redhat.java\1.40.0\config_ss_win\org.eclipse.equinox.launcher\org.eclipse.equinox.launcher.win32.win32.x86_64_1.2.1200.v20250212-0927\eclipse_11909.dll
Event: 9.451 Loaded shared library C:\Users\student\AppData\Local\Temp\jna--1879145925\jna1494635149115862178.dll

Deoptimization events (20 events):
Event: 5538.208 Thread 0x000001cee2d8af30 DEOPT PACKING pc=0x000001ce926aff30 sp=0x000000cbe66fedd0
Event: 5538.208 Thread 0x000001cee2d8af30 DEOPT UNPACKING pc=0x000001ce91f13aa2 sp=0x000000cbe66fed00 mode 2
Event: 5538.210 Thread 0x000001cee2d8af30 Uncommon trap: trap_request=0xffffffde fr.pc=0x000001ce926aff30 relative=0x0000000000000090
Event: 5538.210 Thread 0x000001cee2d8af30 Uncommon trap: reason=class_check action=maybe_recompile pc=0x000001ce926aff30 method=org.eclipse.core.runtime.SubMonitor$RootInfo.isCanceled()Z @ 4 c2
Event: 5538.210 Thread 0x000001cee2d8af30 DEOPT PACKING pc=0x000001ce926aff30 sp=0x000000cbe66fed70
Event: 5538.210 Thread 0x000001cee2d8af30 DEOPT UNPACKING pc=0x000001ce91f13aa2 sp=0x000000cbe66feca0 mode 2
Event: 5538.210 Thread 0x000001cee2d8af30 Uncommon trap: trap_request=0xffffffde fr.pc=0x000001ce926aff30 relative=0x0000000000000090
Event: 5538.210 Thread 0x000001cee2d8af30 Uncommon trap: reason=class_check action=maybe_recompile pc=0x000001ce926aff30 method=org.eclipse.core.runtime.SubMonitor$RootInfo.isCanceled()Z @ 4 c2
Event: 5538.210 Thread 0x000001cee2d8af30 DEOPT PACKING pc=0x000001ce926aff30 sp=0x000000cbe66fedd0
Event: 5538.210 Thread 0x000001cee2d8af30 DEOPT UNPACKING pc=0x000001ce91f13aa2 sp=0x000000cbe66fed00 mode 2
Event: 5539.871 Thread 0x000001cee3275910 Uncommon trap: trap_request=0xffffff45 fr.pc=0x000001ce9269d058 relative=0x0000000000004678
Event: 5539.871 Thread 0x000001cee3275910 Uncommon trap: reason=unstable_if action=reinterpret pc=0x000001ce9269d058 method=org.eclipse.core.internal.events.ResourceDeltaFactory.createDelta(Lorg/eclipse/core/internal/resources/Workspace;Lorg/eclipse/core/internal/dtree/DeltaDataTree;Lorg/eclipse/
Event: 5539.871 Thread 0x000001cee3275910 DEOPT PACKING pc=0x000001ce9269d058 sp=0x000000cbe49feb30
Event: 5539.871 Thread 0x000001cee3275910 DEOPT UNPACKING pc=0x000001ce91f13aa2 sp=0x000000cbe49feb90 mode 2
Event: 5540.651 Thread 0x000001cee2d8af30 DEOPT PACKING pc=0x000001ce8b13e4fb sp=0x000000cbe66fe6c0
Event: 5540.651 Thread 0x000001cee2d8af30 DEOPT UNPACKING pc=0x000001ce91f14242 sp=0x000000cbe66fdb38 mode 0
Event: 5727.139 Thread 0x000001cee2325140 DEOPT PACKING pc=0x000001ce924ec0d4 sp=0x000000cbe61ff090
Event: 5727.139 Thread 0x000001cee2325140 DEOPT UNPACKING pc=0x000001ce91f14242 sp=0x000000cbe61fe510 mode 1
Event: 5727.139 Thread 0x000001cee2d8a210 DEOPT PACKING pc=0x000001ce924b3c94 sp=0x000000cbe64fea20
Event: 5727.140 Thread 0x000001cee2d8a210 DEOPT UNPACKING pc=0x000001ce91f14242 sp=0x000000cbe64fdef8 mode 1

Classes loaded (20 events):
Event: 11.869 Loading class java/util/concurrent/CompletableFuture$AltResult
Event: 11.869 Loading class java/util/concurrent/CompletableFuture$AltResult done
Event: 11.869 Loading class java/util/concurrent/CompletableFuture$Completion
Event: 11.869 Loading class java/util/concurrent/CompletableFuture$AsynchronousCompletionTask
Event: 11.870 Loading class java/util/concurrent/CompletableFuture$AsynchronousCompletionTask done
Event: 11.870 Loading class java/util/concurrent/CompletableFuture$Completion done
Event: 5431.211 Loading class javax/xml/parsers/FactoryConfigurationError
Event: 5431.212 Loading class javax/xml/parsers/FactoryConfigurationError done
Event: 5446.858 Loading class java/io/UncheckedIOException
Event: 5446.859 Loading class java/io/UncheckedIOException done
Event: 5446.893 Loading class sun/net/www/protocol/https/Handler
Event: 5446.893 Loading class sun/net/www/protocol/http/Handler
Event: 5446.894 Loading class sun/net/www/protocol/http/Handler done
Event: 5446.894 Loading class sun/net/www/protocol/https/Handler done
Event: 5537.438 Loading class java/lang/Throwable$WrappedPrintWriter
Event: 5537.566 Loading class java/lang/Throwable$PrintStreamOrWriter
Event: 5537.566 Loading class java/lang/Throwable$PrintStreamOrWriter done
Event: 5537.566 Loading class java/lang/Throwable$WrappedPrintWriter done
Event: 5541.439 Loading class java/io/UTFDataFormatException
Event: 5541.440 Loading class java/io/UTFDataFormatException done

Classes unloaded (20 events):
Event: 1870.655 Thread 0x000001ce9c21eda0 Unloading class 0x000001ce9e005800 'java/lang/invoke/LambdaForm$MH+0x000001ce9e005800'
Event: 1870.655 Thread 0x000001ce9c21eda0 Unloading class 0x000001ce9e005400 'java/lang/invoke/LambdaForm$BMH+0x000001ce9e005400'
Event: 1870.655 Thread 0x000001ce9c21eda0 Unloading class 0x000001ce9e004000 'java/lang/invoke/LambdaForm$DMH+0x000001ce9e004000'
Event: 1870.655 Thread 0x000001ce9c21eda0 Unloading class 0x000001ce9e002800 'java/lang/invoke/LambdaForm$MH+0x000001ce9e002800'
Event: 1870.655 Thread 0x000001ce9c21eda0 Unloading class 0x000001ce9e002400 'java/lang/invoke/LambdaForm$MH+0x000001ce9e002400'
Event: 1870.655 Thread 0x000001ce9c21eda0 Unloading class 0x000001ce9e002000 'java/lang/invoke/LambdaForm$MH+0x000001ce9e002000'
Event: 1870.655 Thread 0x000001ce9c21eda0 Unloading class 0x000001ce9e001800 'java/lang/invoke/LambdaForm$MH+0x000001ce9e001800'
Event: 1870.655 Thread 0x000001ce9c21eda0 Unloading class 0x000001ce9e000400 'java/lang/invoke/LambdaForm$MH+0x000001ce9e000400'
Event: 5501.453 Thread 0x000001ce9c21eda0 Unloading class 0x000001ce9e2a9000 'java/lang/invoke/LambdaForm$MH+0x000001ce9e2a9000'
Event: 5543.858 Thread 0x000001ce9c21eda0 Unloading class 0x000001ce9e309800 'java/lang/invoke/LambdaForm$MH+0x000001ce9e309800'
Event: 5543.858 Thread 0x000001ce9c21eda0 Unloading class 0x000001ce9e019c00 'java/lang/invoke/LambdaForm$MH+0x000001ce9e019c00'
Event: 5689.981 Thread 0x000001ce9c21eda0 Unloading class 0x000001ce9e311000 'java/lang/invoke/LambdaForm$MH+0x000001ce9e311000'
Event: 5689.981 Thread 0x000001ce9c21eda0 Unloading class 0x000001ce9e310c00 'java/lang/invoke/LambdaForm$MH+0x000001ce9e310c00'
Event: 5689.981 Thread 0x000001ce9c21eda0 Unloading class 0x000001ce9e310800 'java/lang/invoke/LambdaForm$MH+0x000001ce9e310800'
Event: 5689.981 Thread 0x000001ce9c21eda0 Unloading class 0x000001ce9e310000 'java/lang/invoke/LambdaForm$MH+0x000001ce9e310000'
Event: 5689.981 Thread 0x000001ce9c21eda0 Unloading class 0x000001ce9e00c000 'java/lang/invoke/LambdaForm$MH+0x000001ce9e00c000'
Event: 5689.981 Thread 0x000001ce9c21eda0 Unloading class 0x000001ce9e00d800 'java/lang/invoke/LambdaForm$MH+0x000001ce9e00d800'
Event: 5689.981 Thread 0x000001ce9c21eda0 Unloading class 0x000001ce9e014800 'java/lang/invoke/LambdaForm$MH+0x000001ce9e014800'
Event: 5689.981 Thread 0x000001ce9c21eda0 Unloading class 0x000001ce9e01c000 'java/lang/invoke/LambdaForm$MH+0x000001ce9e01c000'
Event: 5689.981 Thread 0x000001ce9c21eda0 Unloading class 0x000001ce9e2a9000 'java/lang/invoke/LambdaForm$MH+0x000001ce9e2a9000'

Classes redefined (0 events):
No events

Internal exceptions (20 events):
Event: 5446.924 Thread 0x000001cee2d8a210 Exception <a 'sun/nio/fs/WindowsException'{0x00000000eacd36d8}> (0x00000000eacd36d8) 
thrown [s\src\hotspot\share\prims\jni.cpp, line 520]
Event: 5446.925 Thread 0x000001cee2d8a210 Exception <a 'sun/nio/fs/WindowsException'{0x00000000eacd5298}> (0x00000000eacd5298) 
thrown [s\src\hotspot\share\prims\jni.cpp, line 520]
Event: 5446.925 Thread 0x000001cee2d8a210 Exception <a 'sun/nio/fs/WindowsException'{0x00000000eacd5b98}> (0x00000000eacd5b98) 
thrown [s\src\hotspot\share\prims\jni.cpp, line 520]
Event: 5446.927 Thread 0x000001cee2d8a210 Exception <a 'java/lang/NoSuchMethodError'{0x00000000eace9140}: 'void java.lang.invoke.DirectMethodHandle$Holder.invokeVirtual(java.lang.Object, java.lang.Object, java.lang.Object, java.lang.Object)'> (0x00000000eace9140) 
thrown [s\src\hotspot\share\interpreter\linkResolver.cpp, line 773]
Event: 5446.944 Thread 0x000001cee2d8a210 Implicit null exception at 0x000001ce92634150 to 0x000001ce926368d8
Event: 5446.945 Thread 0x000001cee2d8a210 Implicit null exception at 0x000001ce925af006 to 0x000001ce925af2b6
Event: 5532.928 Thread 0x000001cee2d8a210 Exception <a 'java/lang/OutOfMemoryError'{0x00000000c0122910}> (0x00000000c0122910) 
thrown [s\src\hotspot\share\gc\shared\memAllocator.cpp, line 136]
Event: 5534.254 Thread 0x000001cee3276630 Exception <a 'java/lang/OutOfMemoryError'{0x00000000c0122be8}> (0x00000000c0122be8) 
thrown [s\src\hotspot\share\gc\shared\memAllocator.cpp, line 136]
Event: 5539.554 Thread 0x000001cee2d8af30 Exception <a 'java/io/FileNotFoundException'{0x00000000eacb4c10}> (0x00000000eacb4c10) 
thrown [s\src\hotspot\share\prims\jni.cpp, line 520]
Event: 5539.773 Thread 0x000001cee2d8af30 Exception <a 'sun/nio/fs/WindowsException'{0x00000000eacb61f0}> (0x00000000eacb61f0) 
thrown [s\src\hotspot\share\prims\jni.cpp, line 520]
Event: 5540.615 Thread 0x000001cee2d8af30 Exception <a 'java/io/FileNotFoundException'{0x00000000ead05578}> (0x00000000ead05578) 
thrown [s\src\hotspot\share\prims\jni.cpp, line 520]
Event: 5540.653 Thread 0x000001cee2d8af30 Exception <a 'java/io/FileNotFoundException'{0x00000000ead06af0}> (0x00000000ead06af0) 
thrown [s\src\hotspot\share\prims\jni.cpp, line 520]
Event: 5540.835 Thread 0x000001cee2d8af30 Exception <a 'java/lang/NoSuchMethodError'{0x00000000ead0f1a0}: 'java.lang.Object java.lang.invoke.DirectMethodHandle$Holder.newInvokeSpecial(java.lang.Object, java.lang.Object, java.lang.Object, int)'> (0x00000000ead0f1a0) 
thrown [s\src\hotspot\share\interpreter\linkResolver.cpp, line 773]
Event: 5540.836 Thread 0x000001cee2d8af30 Exception <a 'java/lang/NoSuchMethodError'{0x00000000ead130b8}: 'java.lang.Object java.lang.invoke.DirectMethodHandle$Holder.invokeSpecial(java.lang.Object, java.lang.Object, java.lang.Object, java.lang.Object, int)'> (0x00000000ead130b8) 
thrown [s\src\hotspot\share\interpreter\linkResolver.cpp, line 773]
Event: 5540.863 Thread 0x000001cee2d8af30 Exception <a 'java/lang/NoSuchMethodError'{0x00000000ead16560}: 'java.lang.Object java.lang.invoke.Invokers$Holder.linkToTargetMethod(java.lang.Object, java.lang.Object, int, java.lang.Object)'> (0x00000000ead16560) 
thrown [s\src\hotspot\share\interpreter\linkResolver.cpp, line 773]
Event: 5541.199 Thread 0x000001cee2d8af30 Exception <a 'java/lang/NoSuchMethodError'{0x00000000ead2b718}: 'void java.lang.invoke.DirectMethodHandle$Holder.invokeStaticInit(java.lang.Object, java.lang.Object, java.lang.Object)'> (0x00000000ead2b718) 
thrown [s\src\hotspot\share\interpreter\linkResolver.cpp, line 773]
Event: 5541.244 Thread 0x000001cee2d8af30 Exception <a 'sun/nio/fs/WindowsException'{0x00000000ead41940}> (0x00000000ead41940) 
thrown [s\src\hotspot\share\prims\jni.cpp, line 520]
Event: 5725.856 Thread 0x000001cee2325140 Exception <a 'java/lang/OutOfMemoryError'{0x00000000c0122bb0}> (0x00000000c0122bb0) 
thrown [s\src\hotspot\share\gc\shared\memAllocator.cpp, line 136]
Event: 5727.139 Thread 0x000001cee2d8a210 Exception <a 'java/lang/OutOfMemoryError'{0x00000000c0128048}> (0x00000000c0128048) 
thrown [s\src\hotspot\share\gc\shared\memAllocator.cpp, line 136]
Event: 5728.374 Thread 0x000001cee2325140 Exception <a 'java/lang/OutOfMemoryError'{0x00000000c0128610}> (0x00000000c0128610) 
thrown [s\src\hotspot\share\gc\shared\memAllocator.cpp, line 136]

ZGC Phase Switch (0 events):
No events

VM Operations (20 events):
Event: 5721.382 Executing VM operation: ParallelGCFailedAllocation (Allocation Failure) done
Event: 5721.383 Executing VM operation: ParallelGCFailedAllocation (Allocation Failure)
Event: 5722.012 Executing VM operation: ParallelGCFailedAllocation (Allocation Failure) done
Event: 5722.012 Executing VM operation: ParallelGCFailedAllocation (Allocation Failure)
Event: 5722.619 Executing VM operation: ParallelGCFailedAllocation (Allocation Failure) done
Event: 5722.619 Executing VM operation: ParallelGCFailedAllocation (Allocation Failure)
Event: 5723.242 Executing VM operation: ParallelGCFailedAllocation (Allocation Failure) done
Event: 5723.243 Executing VM operation: ParallelGCFailedAllocation (Allocation Failure)
Event: 5723.889 Executing VM operation: ParallelGCFailedAllocation (Allocation Failure) done
Event: 5723.889 Executing VM operation: ParallelGCFailedAllocation (Allocation Failure)
Event: 5724.535 Executing VM operation: ParallelGCFailedAllocation (Allocation Failure) done
Event: 5724.535 Executing VM operation: ParallelGCFailedAllocation (Allocation Failure)
Event: 5725.856 Executing VM operation: ParallelGCFailedAllocation (Allocation Failure) done
Event: 5725.856 Executing VM operation: ParallelGCFailedAllocation (Allocation Failure)
Event: 5727.139 Executing VM operation: ParallelGCFailedAllocation (Allocation Failure) done
Event: 5727.140 Executing VM operation: ParallelGCFailedAllocation (Allocation Failure)
Event: 5728.374 Executing VM operation: ParallelGCFailedAllocation (Allocation Failure) done
Event: 5728.375 Executing VM operation: ParallelGCFailedAllocation (Allocation Failure)
Event: 5728.761 Executing VM operation: ParallelGCFailedAllocation (Allocation Failure) done
Event: 5729.722 Executing VM operation: ParallelGCFailedAllocation (Allocation Failure)

Memory protections (0 events):
No events

Nmethod flushes (20 events):
Event: 5598.126 Thread 0x000001ce9c21eda0 flushing  nmethod 0x000001ce8ad7ff10
Event: 5598.126 Thread 0x000001ce9c21eda0 flushing  nmethod 0x000001ce8ae8c490
Event: 5598.126 Thread 0x000001ce9c21eda0 flushing  nmethod 0x000001ce8ae8d390
Event: 5598.126 Thread 0x000001ce9c21eda0 flushing  nmethod 0x000001ce8ae8d910
Event: 5598.126 Thread 0x000001ce9c21eda0 flushing  nmethod 0x000001ce8aea5f10
Event: 5598.126 Thread 0x000001ce9c21eda0 flushing  nmethod 0x000001ce8b13d410
Event: 5598.126 Thread 0x000001ce9c21eda0 flushing  nmethod 0x000001ce8b13dc90
Event: 5598.126 Thread 0x000001ce9c21eda0 flushing  nmethod 0x000001ce8b13e710
Event: 5598.126 Thread 0x000001ce9c21eda0 flushing  nmethod 0x000001ce8b13f190
Event: 5598.126 Thread 0x000001ce9c21eda0 flushing  nmethod 0x000001ce8b13f610
Event: 5598.126 Thread 0x000001ce9c21eda0 flushing osr nmethod 0x000001ce8b140110
Event: 5598.126 Thread 0x000001ce9c21eda0 flushing  nmethod 0x000001ce8b140990
Event: 5598.126 Thread 0x000001ce9c21eda0 flushing  nmethod 0x000001ce8b140d10
Event: 5598.126 Thread 0x000001ce9c21eda0 flushing  nmethod 0x000001ce8b142490
Event: 5598.126 Thread 0x000001ce9c21eda0 flushing  nmethod 0x000001ce8b143e90
Event: 5598.126 Thread 0x000001ce9c21eda0 flushing  nmethod 0x000001ce8b144290
Event: 5598.126 Thread 0x000001ce9c21eda0 flushing  nmethod 0x000001ce8b144610
Event: 5598.126 Thread 0x000001ce9c21eda0 flushing  nmethod 0x000001ce8b146990
Event: 5598.126 Thread 0x000001ce9c21eda0 flushing  nmethod 0x000001ce8b146d90
Event: 5598.126 Thread 0x000001ce9c21eda0 flushing  nmethod 0x000001ce8b147210

Events (20 events):
Event: 5448.050 Thread 0x000001ce9c22fe00 Thread added: 0x000001cee25f4e00
Event: 5453.398 Thread 0x000001cee25f4e00 Thread exited: 0x000001cee25f4e00
Event: 5536.896 Thread 0x000001cee2d8a210 Thread added: 0x000001cee3276cc0
Event: 5537.320 Thread 0x000001cee3276cc0 Thread added: 0x000001cee3275fa0
Event: 5537.323 Thread 0x000001ce9c22fe00 Thread added: 0x000001cee25f4060
Event: 5539.062 Thread 0x000001cee25f4060 Thread exited: 0x000001cee25f4060
Event: 5540.178 Thread 0x000001ce9c2af7d0 Thread added: 0x000001cee25f4730
Event: 5540.496 Thread 0x000001cee25f4730 Thread exited: 0x000001cee25f4730
Event: 5540.706 Thread 0x000001ce9c2af7d0 Thread added: 0x000001cee25f4730
Event: 5540.972 Thread 0x000001cee25f4730 Thread exited: 0x000001cee25f4730
Event: 5541.549 Thread 0x000001ce9c2af7d0 Thread added: 0x000001cee25f3990
Event: 5547.580 Thread 0x000001cee25f3990 Thread exited: 0x000001cee25f3990
Event: 5602.165 Thread 0x000001ce9c22fe00 Thread added: 0x000001cee3301010
Event: 5623.325 Thread 0x000001cee3301010 Thread exited: 0x000001cee3301010
Event: 5635.363 Thread 0x000001cee3276630 Thread exited: 0x000001cee3276630
Event: 5673.520 Thread 0x000001cee3275910 Thread exited: 0x000001cee3275910
Event: 5728.762 Thread 0x000001cee2325140 Thread exited: 0x000001cee2325140
Event: 5728.763 Thread 0x000001ce9c22fe00 Thread added: 0x000001cee33016e0
Event: 5729.443 Thread 0x000001cee33016e0 Thread exited: 0x000001cee33016e0
Event: 5731.577 Thread 0x000001ce9c2af7d0 Thread added: 0x000001cee33016e0


Dynamic libraries:
0x00007ff7a95f0000 - 0x00007ff7a95fe000 	c:\Users\student\.vscode\extensions\redhat.java-1.40.0-win32-x64\jre\21.0.6-win32-x86_64\bin\java.exe
0x00007ff914920000 - 0x00007ff914b83000 	C:\WINDOWS\SYSTEM32\ntdll.dll
0x00007ff8e1790000 - 0x00007ff8e17aa000 	C:\Program Files\Avast Software\Avast\aswhook.dll
0x00007ff913980000 - 0x00007ff913a47000 	C:\WINDOWS\System32\KERNEL32.DLL
0x00007ff912160000 - 0x00007ff912529000 	C:\WINDOWS\System32\KERNELBASE.dll
0x00007ff911d40000 - 0x00007ff911e8c000 	C:\WINDOWS\System32\ucrtbase.dll
0x00007ff8e6fb0000 - 0x00007ff8e6fc8000 	c:\Users\student\.vscode\extensions\redhat.java-1.40.0-win32-x64\jre\21.0.6-win32-x86_64\bin\jli.dll
0x00007ff914260000 - 0x00007ff91442a000 	C:\WINDOWS\System32\USER32.dll
0x00007ff911d10000 - 0x00007ff911d37000 	C:\WINDOWS\System32\win32u.dll
0x00007ff912f50000 - 0x00007ff912f7a000 	C:\WINDOWS\System32\GDI32.dll
0x00007ff911b20000 - 0x00007ff911c51000 	C:\WINDOWS\System32\gdi32full.dll
0x00007ff911c60000 - 0x00007ff911d03000 	C:\WINDOWS\System32\msvcp_win.dll
0x00007ff8e0f70000 - 0x00007ff8e0f8e000 	c:\Users\student\.vscode\extensions\redhat.java-1.40.0-win32-x64\jre\21.0.6-win32-x86_64\bin\VCRUNTIME140.dll
0x00007ff8f1800000 - 0x00007ff8f1a90000 	C:\WINDOWS\WinSxS\amd64_microsoft.windows.common-controls_6595b64144ccf1df_6.0.26100.3323_none_3e088096e3344490\COMCTL32.dll
0x00007ff913a50000 - 0x00007ff913af9000 	C:\WINDOWS\System32\msvcrt.dll
0x00007ff914430000 - 0x00007ff91445f000 	C:\WINDOWS\System32\IMM32.DLL
0x00007ff90c030000 - 0x00007ff90c03c000 	c:\Users\student\.vscode\extensions\redhat.java-1.40.0-win32-x64\jre\21.0.6-win32-x86_64\bin\vcruntime140_1.dll
0x00007ff8a5440000 - 0x00007ff8a54cd000 	c:\Users\student\.vscode\extensions\redhat.java-1.40.0-win32-x64\jre\21.0.6-win32-x86_64\bin\msvcp140.dll
0x00007ff8a46b0000 - 0x00007ff8a5440000 	c:\Users\student\.vscode\extensions\redhat.java-1.40.0-win32-x64\jre\21.0.6-win32-x86_64\bin\server\jvm.dll
0x00007ff9147c0000 - 0x00007ff914872000 	C:\WINDOWS\System32\ADVAPI32.dll
0x00007ff914690000 - 0x00007ff914736000 	C:\WINDOWS\System32\sechost.dll
0x00007ff914470000 - 0x00007ff914586000 	C:\WINDOWS\System32\RPCRT4.dll
0x00007ff912e30000 - 0x00007ff912ea4000 	C:\WINDOWS\System32\WS2_32.dll
0x00007ff9119b0000 - 0x00007ff9119fe000 	C:\WINDOWS\SYSTEM32\POWRPROF.dll
0x00007ff8f20b0000 - 0x00007ff8f20e6000 	C:\WINDOWS\SYSTEM32\WINMM.dll
0x00007ff90bca0000 - 0x00007ff90bcab000 	C:\WINDOWS\SYSTEM32\VERSION.dll
0x00007ff911990000 - 0x00007ff9119a4000 	C:\WINDOWS\SYSTEM32\UMPDC.dll
0x00007ff910940000 - 0x00007ff91095a000 	C:\WINDOWS\SYSTEM32\kernel.appcore.dll
0x00007ff8fb7d0000 - 0x00007ff8fb7da000 	c:\Users\student\.vscode\extensions\redhat.java-1.40.0-win32-x64\jre\21.0.6-win32-x86_64\bin\jimage.dll
0x00007ff905390000 - 0x00007ff9055d1000 	C:\WINDOWS\SYSTEM32\DBGHELP.DLL
0x00007ff912a90000 - 0x00007ff912e12000 	C:\WINDOWS\System32\combase.dll
0x00007ff912840000 - 0x00007ff912916000 	C:\WINDOWS\System32\OLEAUT32.dll
0x00007ff905330000 - 0x00007ff905369000 	C:\WINDOWS\SYSTEM32\dbgcore.DLL
0x00007ff9126a0000 - 0x00007ff912739000 	C:\WINDOWS\System32\bcryptPrimitives.dll
0x00007ff8fb3f0000 - 0x00007ff8fb3ff000 	c:\Users\student\.vscode\extensions\redhat.java-1.40.0-win32-x64\jre\21.0.6-win32-x86_64\bin\instrument.dll
0x00007ff8e0bd0000 - 0x00007ff8e0bef000 	c:\Users\student\.vscode\extensions\redhat.java-1.40.0-win32-x64\jre\21.0.6-win32-x86_64\bin\java.dll
0x00007ff913250000 - 0x00007ff913965000 	C:\WINDOWS\System32\SHELL32.dll
0x00007ff912530000 - 0x00007ff912698000 	C:\WINDOWS\System32\wintypes.dll
0x00007ff90f840000 - 0x00007ff910085000 	C:\WINDOWS\SYSTEM32\windows.storage.dll
0x00007ff912f80000 - 0x00007ff91306b000 	C:\WINDOWS\System32\SHCORE.dll
0x00007ff914880000 - 0x00007ff9148dd000 	C:\WINDOWS\System32\shlwapi.dll
0x00007ff911a30000 - 0x00007ff911a5f000 	C:\WINDOWS\SYSTEM32\profapi.dll
0x00007ff8db110000 - 0x00007ff8db128000 	c:\Users\student\.vscode\extensions\redhat.java-1.40.0-win32-x64\jre\21.0.6-win32-x86_64\bin\zip.dll
0x00007ff8fa9e0000 - 0x00007ff8fa9f0000 	C:\Users\student\.vscode\extensions\redhat.java-1.40.0-win32-x64\jre\21.0.6-win32-x86_64\bin\net.dll
0x00007ff909130000 - 0x00007ff90924e000 	C:\WINDOWS\SYSTEM32\WINHTTP.dll
0x00007ff910e60000 - 0x00007ff910eca000 	C:\WINDOWS\system32\mswsock.dll
0x00007ff8d0d10000 - 0x00007ff8d0d26000 	C:\Users\student\.vscode\extensions\redhat.java-1.40.0-win32-x64\jre\21.0.6-win32-x86_64\bin\nio.dll
0x00007ff8fa930000 - 0x00007ff8fa940000 	c:\Users\student\.vscode\extensions\redhat.java-1.40.0-win32-x64\jre\21.0.6-win32-x86_64\bin\verify.dll
0x00007ff8a4660000 - 0x00007ff8a46a5000 	C:\Users\student\AppData\Roaming\Code\User\globalStorage\redhat.java\1.40.0\config_ss_win\org.eclipse.equinox.launcher\org.eclipse.equinox.launcher.win32.win32.x86_64_1.2.1200.v20250212-0927\eclipse_11909.dll
0x00007ff913b90000 - 0x00007ff913d25000 	C:\WINDOWS\System32\ole32.dll
0x00007ff911100000 - 0x00007ff91111c000 	C:\WINDOWS\SYSTEM32\CRYPTSP.dll
0x00007ff9108a0000 - 0x00007ff9108da000 	C:\WINDOWS\system32\rsaenh.dll
0x00007ff910f00000 - 0x00007ff910f2b000 	C:\WINDOWS\SYSTEM32\USERENV.dll
0x00007ff911340000 - 0x00007ff911366000 	C:\WINDOWS\SYSTEM32\bcrypt.dll
0x00007ff911120000 - 0x00007ff91112c000 	C:\WINDOWS\SYSTEM32\CRYPTBASE.dll
0x00007ff910380000 - 0x00007ff9103b3000 	C:\WINDOWS\SYSTEM32\IPHLPAPI.DLL
0x00007ff913dc0000 - 0x00007ff913dca000 	C:\WINDOWS\System32\NSI.dll
0x00007ff8f7f80000 - 0x00007ff8f7fc9000 	C:\Users\student\AppData\Local\Temp\jna--1879145925\jna1494635149115862178.dll
0x00007ff912e20000 - 0x00007ff912e28000 	C:\WINDOWS\System32\PSAPI.DLL
0x00007ff909800000 - 0x00007ff90981f000 	C:\WINDOWS\SYSTEM32\dhcpcsvc6.DLL
0x00007ff9097a0000 - 0x00007ff9097c5000 	C:\WINDOWS\SYSTEM32\dhcpcsvc.DLL

dbghelp: loaded successfully - version: 4.0.5 - missing functions: none
symbol engine: initialized successfully - sym options: 0x614 - pdb path: .;c:\Users\student\.vscode\extensions\redhat.java-1.40.0-win32-x64\jre\21.0.6-win32-x86_64\bin;C:\WINDOWS\SYSTEM32;C:\Program Files\Avast Software\Avast;C:\WINDOWS\WinSxS\amd64_microsoft.windows.common-controls_6595b64144ccf1df_6.0.26100.3323_none_3e088096e3344490;c:\Users\student\.vscode\extensions\redhat.java-1.40.0-win32-x64\jre\21.0.6-win32-x86_64\bin\server;C:\Users\student\AppData\Roaming\Code\User\globalStorage\redhat.java\1.40.0\config_ss_win\org.eclipse.equinox.launcher\org.eclipse.equinox.launcher.win32.win32.x86_64_1.2.1200.v20250212-0927;C:\Users\student\AppData\Local\Temp\jna--1879145925

VM Arguments:
jvm_args: --add-modules=ALL-SYSTEM --add-opens=java.base/java.util=ALL-UNNAMED --add-opens=java.base/java.lang=ALL-UNNAMED --add-opens=java.base/sun.nio.fs=ALL-UNNAMED -Declipse.application=org.eclipse.jdt.ls.core.id1 -Dosgi.bundles.defaultStartLevel=4 -Declipse.product=org.eclipse.jdt.ls.core.product -Djava.import.generatesMetadataFilesAtProjectRoot=false -DDetectVMInstallationsJob.disabled=true -Dfile.encoding=utf8 -XX:+UseParallelGC -XX:GCTimeRatio=4 -XX:AdaptiveSizePolicyWeight=90 -Dsun.zip.disableMemoryMapping=true -Xmx1G -Xms100m -Xlog:disable -javaagent:c:\Users\student\.vscode\extensions\redhat.java-1.40.0-win32-x64\lombok\lombok-1.18.36.jar 
java_command: c:\Users\student\.vscode\extensions\redhat.java-1.40.0-win32-x64\server\plugins\org.eclipse.equinox.launcher_1.6.1000.v20250131-0606.jar -configuration c:\Users\student\AppData\Roaming\Code\User\globalStorage\redhat.java\1.40.0\config_ss_win -data c:\Users\student\AppData\Roaming\Code\User\workspaceStorage\34e1f0536f3a9bbe09a70fa07904f662\redhat.java\ss_ws --pipe=\\.\pipe\lsp-514f0a37d7089a6d62fb3b2b6c59ed2c-sock
java_class_path (initial): c:\Users\student\.vscode\extensions\redhat.java-1.40.0-win32-x64\server\plugins\org.eclipse.equinox.launcher_1.6.1000.v20250131-0606.jar
Launcher Type: SUN_STANDARD

[Global flags]
    uintx AdaptiveSizePolicyWeight                 = 90                                        {product} {command line}
     intx CICompilerCount                          = 3                                         {product} {ergonomic}
    uintx GCTimeRatio                              = 4                                         {product} {command line}
   size_t InitialHeapSize                          = 104857600                                 {product} {command line}
   size_t MaxHeapSize                              = 1073741824                                {product} {command line}
   size_t MaxNewSize                               = 357564416                                 {product} {ergonomic}
   size_t MinHeapDeltaBytes                        = 524288                                    {product} {ergonomic}
   size_t MinHeapSize                              = 104857600                                 {product} {command line}
   size_t NewSize                                  = 34603008                                  {product} {ergonomic}
    uintx NonNMethodCodeHeapSize                   = 5832780                                {pd product} {ergonomic}
    uintx NonProfiledCodeHeapSize                  = 122912730                              {pd product} {ergonomic}
   size_t OldSize                                  = 70254592                                  {product} {ergonomic}
    uintx ProfiledCodeHeapSize                     = 122912730                              {pd product} {ergonomic}
    uintx ReservedCodeCacheSize                    = 251658240                              {pd product} {ergonomic}
     bool SegmentedCodeCache                       = true                                      {product} {ergonomic}
   size_t SoftMaxHeapSize                          = 1073741824                             {manageable} {ergonomic}
     bool UseCompressedOops                        = true                           {product lp64_product} {ergonomic}
     bool UseLargePagesIndividualAllocation        = false                                  {pd product} {ergonomic}
     bool UseParallelGC                            = true                                      {product} {command line}

Logging:
Log output configuration:
 #0: stdout all=off uptime,level,tags foldmultilines=false
 #1: stderr all=off uptime,level,tags foldmultilines=false

Environment Variables:
PATH=C:\Program Files\Java\jdk-17.0.10\bin;C:\Program Files (x86)\Common Files\Oracle\Java\javapath;C:\WINDOWS\system32;C:\WINDOWS;C:\WINDOWS\System32\Wbem;C:\WINDOWS\System32\WindowsPowerShell\v1.0\;C:\WINDOWS\System32\OpenSSH\;C:\Users\admin\AppData\Local\Programs\Python\Python312;C:\Users\admin\AppData\Local\Programs\Python\Python312\Scripts;C:\Program Files\MySQL\MySQL Server 8.0\bin;C:\Program Files\node-v20.18.0;C:\Program Files\nodejs;C:\Program Files\apache-maven-3.8.8\bin;C:\Program Files\GitHub CLI\;C:\Program Files\nodejs\;C:\Users\student\AppData\Local\Programs\Python\Launcher\;C:\Users\student\AppData\Local\Microsoft\WindowsApps;C:\Users\admin\AppData\Local\Programs\Python\Python312;C:\Users\admin\AppData\Local\Programs\Python\Python312\Scripts;C:\Users\student\AppData\Local\Programs\Microsoft VS Code\bin;C:\Users\student\AppData\Local\GitHubDesktop\bin;C:\Users\student\AppData\Local\Programs\Git\cmd;C:\Program Files\MongoDB\Server\7.0\bin;C:\Users\student\AppData\Roaming\npm
USERNAME=student
OS=Windows_NT
PROCESSOR_IDENTIFIER=Intel64 Family 6 Model 158 Stepping 11, GenuineIntel
TMP=C:\Users\student\AppData\Local\Temp
TEMP=C:\Users\student\AppData\Local\Temp




Periodic native trim disabled

---------------  S Y S T E M  ---------------

OS:
 Windows 11 , 64 bit Build 26100 (10.0.26100.3323)
OS uptime: 0 days 1:37 hours

CPU: total 4 (initial active 4) (4 cores per cpu, 1 threads per core) family 6 model 158 stepping 11 microcode 0xde, cx8, cmov, fxsr, mmx, 3dnowpref, sse, sse2, sse3, ssse3, sse4.1, sse4.2, popcnt, lzcnt, tsc, tscinvbit, avx, avx2, aes, erms, clmul, bmi1, bmi2, adx, fma, vzeroupper, clflush, clflushopt, rdtscp, f16c
Processor Information for the first 4 processors :
  Max Mhz: 3096, Current Mhz: 3096, Mhz Limit: 3096

Memory: 4k page, system-wide physical 8024M (728M free)
TotalPageFile size 19798M (AvailPageFile size 6M)
current process WorkingSet (physical memory assigned to process): 690M, peak: 870M
current process commit charge ("private bytes"): 714M, peak: 914M

vm_info: OpenJDK 64-Bit Server VM (21.0.6+7-LTS) for windows-amd64 JRE (21.0.6+7-LTS), built on 2025-01-21T00:00:00Z by "admin" with MS VC++ 17.7 (VS2022)

END.
