#
# There is insufficient memory for the Java Runtime Environment to continue.
# Native memory allocation (malloc) failed to allocate 65552 bytes. Error detail: Chunk::new
# Possible reasons:
#   The system is out of physical RAM or swap space
#   This process is running with CompressedOops enabled, and the Java Heap may be blocking the growth of the native heap
# Possible solutions:
#   Reduce memory load on the system
#   Increase physical memory or swap space
#   Check if swap backing store is full
#   Decrease Java heap size (-Xmx/-Xms)
#   Decrease number of Java threads
#   Decrease Java thread stack sizes (-Xss)
#   Set larger code cache with -XX:ReservedCodeCacheSize=
#   JVM is running with Unscaled Compressed Oops mode in which the Java heap is
#     placed in the first 4GB address space. The Java Heap base address is the
#     maximum limit for the native heap growth. Please use -XX:HeapBaseMinAddress
#     to set the Java Heap base and to place the Java Heap above 4GB virtual address.
# This output file may be truncated or incomplete.
#
#  Out of Memory Error (arena.cpp:168), pid=24356, tid=18696
#
# JRE version: OpenJDK Runtime Environment Temurin-21.0.6+7 (21.0.6+7) (build 21.0.6+7-LTS)
# Java VM: OpenJDK 64-Bit Server VM Temurin-21.0.6+7 (21.0.6+7-LTS, mixed mode, sharing, tiered, compressed oops, compressed class ptrs, parallel gc, windows-amd64)
# No core dump will be written. Minidumps are not enabled by default on client versions of Windows
#

---------------  S U M M A R Y ------------

Command Line: --add-modules=ALL-SYSTEM --add-opens=java.base/java.util=ALL-UNNAMED --add-opens=java.base/java.lang=ALL-UNNAMED --add-opens=java.base/sun.nio.fs=ALL-UNNAMED -Declipse.application=org.eclipse.jdt.ls.core.id1 -Dosgi.bundles.defaultStartLevel=4 -Declipse.product=org.eclipse.jdt.ls.core.product -Djava.import.generatesMetadataFilesAtProjectRoot=false -DDetectVMInstallationsJob.disabled=true -Dfile.encoding=utf8 -XX:+UseParallelGC -XX:GCTimeRatio=4 -XX:AdaptiveSizePolicyWeight=90 -Dsun.zip.disableMemoryMapping=true -Xmx1G -Xms100m -Xlog:disable -javaagent:c:\Users\student\.vscode\extensions\redhat.java-1.40.0-win32-x64\lombok\lombok-1.18.36.jar c:\Users\student\.vscode\extensions\redhat.java-1.40.0-win32-x64\server\plugins\org.eclipse.equinox.launcher_1.6.1000.v20250131-0606.jar -configuration c:\Users\student\AppData\Roaming\Code\User\globalStorage\redhat.java\1.40.0\config_ss_win -data c:\Users\student\AppData\Roaming\Code\User\workspaceStorage\ec8f5fe802b5364a02ddefdc53ea4874\redhat.java\ss_ws --pipe=\\.\pipe\lsp-b0621d95f22a46b0916904193dc061ed-sock

Host: Intel(R) Core(TM) i3-8100T CPU @ 3.10GHz, 4 cores, 7G,  Windows 11 , 64 bit Build 26100 (10.0.26100.3323)
Time: Thu Mar 27 13:03:16 2025 India Standard Time elapsed time: 1.516993 seconds (0d 0h 0m 1s)

---------------  T H R E A D  ---------------

Current thread (0x00000230f81f0f70):  JavaThread "C2 CompilerThread1" daemon [_thread_in_native, id=18696, stack(0x000000a2dbb00000,0x000000a2dbc00000) (1024K)]


Current CompileTask:
C2:1517 1646       4       java.io.WinNTFileSystem::normalize (143 bytes)

Stack: [0x000000a2dbb00000,0x000000a2dbc00000]
Native frames: (J=compiled Java code, j=interpreted, Vv=VM code, C=native code)
V  [jvm.dll+0x6cdee9]
V  [jvm.dll+0x8a83d1]
V  [jvm.dll+0x8aa8fe]
V  [jvm.dll+0x8aafe3]
V  [jvm.dll+0x27f706]
V  [jvm.dll+0xc500d]
V  [jvm.dll+0xc5543]
V  [jvm.dll+0xc5135]
V  [jvm.dll+0x6f51df]
V  [jvm.dll+0x1cba53]
V  [jvm.dll+0x6f5fb0]
V  [jvm.dll+0x612637]
V  [jvm.dll+0x614654]
V  [jvm.dll+0x2499c5]
V  [jvm.dll+0x246ec4]
V  [jvm.dll+0x1c75ee]
V  [jvm.dll+0x25685a]
V  [jvm.dll+0x254dfa]
V  [jvm.dll+0x3f0256]
V  [jvm.dll+0x851f8b]
V  [jvm.dll+0x6cc5ed]
C  [ucrtbase.dll+0x37b0]
C  [KERNEL32.DLL+0x2e8d7]
C  [ntdll.dll+0xbbf6c]


---------------  P R O C E S S  ---------------

Threads class SMR info:
_java_thread_list=0x00000230f8bbeca0, length=15, elements={
0x00000230dee52540, 0x00000230f31842a0, 0x00000230def0d690, 0x00000230def0e670,
0x00000230f3187810, 0x00000230f318b3b0, 0x00000230f318c080, 0x00000230f318ceb0,
0x00000230f3205b20, 0x00000230f8044650, 0x00000230f81f0f70, 0x00000230f829ba90,
0x00000230f8bd38b0, 0x00000230f89e27d0, 0x00000230f8aa6450
}

Java Threads: ( => current thread )
  0x00000230dee52540 JavaThread "main"                              [_thread_blocked, id=19588, stack(0x000000a2dae00000,0x000000a2daf00000) (1024K)]
  0x00000230f31842a0 JavaThread "Reference Handler"          daemon [_thread_blocked, id=8768, stack(0x000000a2db200000,0x000000a2db300000) (1024K)]
  0x00000230def0d690 JavaThread "Finalizer"                  daemon [_thread_blocked, id=25724, stack(0x000000a2db300000,0x000000a2db400000) (1024K)]
  0x00000230def0e670 JavaThread "Signal Dispatcher"          daemon [_thread_blocked, id=9552, stack(0x000000a2db400000,0x000000a2db500000) (1024K)]
  0x00000230f3187810 JavaThread "Attach Listener"            daemon [_thread_blocked, id=16792, stack(0x000000a2db500000,0x000000a2db600000) (1024K)]
  0x00000230f318b3b0 JavaThread "Service Thread"             daemon [_thread_blocked, id=1092, stack(0x000000a2db600000,0x000000a2db700000) (1024K)]
  0x00000230f318c080 JavaThread "Monitor Deflation Thread"   daemon [_thread_blocked, id=26988, stack(0x000000a2db700000,0x000000a2db800000) (1024K)]
  0x00000230f318ceb0 JavaThread "C2 CompilerThread0"         daemon [_thread_in_native, id=27328, stack(0x000000a2db800000,0x000000a2db900000) (1024K)]
  0x00000230f3205b20 JavaThread "C1 CompilerThread0"         daemon [_thread_blocked, id=29664, stack(0x000000a2db900000,0x000000a2dba00000) (1024K)]
  0x00000230f8044650 JavaThread "Common-Cleaner"             daemon [_thread_blocked, id=28156, stack(0x000000a2dba00000,0x000000a2dbb00000) (1024K)]
=>0x00000230f81f0f70 JavaThread "C2 CompilerThread1"         daemon [_thread_in_native, id=18696, stack(0x000000a2dbb00000,0x000000a2dbc00000) (1024K)]
  0x00000230f829ba90 JavaThread "Notification Thread"        daemon [_thread_blocked, id=23192, stack(0x000000a2dbc00000,0x000000a2dbd00000) (1024K)]
  0x00000230f8bd38b0 JavaThread "Active Thread: Equinox Container: cd6cd769-244f-49b8-93dd-58143d8a51e9"        [_thread_blocked, id=22280, stack(0x000000a2dc000000,0x000000a2dc100000) (1024K)]
  0x00000230f89e27d0 JavaThread "Framework Event Dispatcher: Equinox Container: cd6cd769-244f-49b8-93dd-58143d8a51e9" daemon [_thread_blocked, id=20920, stack(0x000000a2dc100000,0x000000a2dc200000) (1024K)]
  0x00000230f8aa6450 JavaThread "Start Level: Equinox Container: cd6cd769-244f-49b8-93dd-58143d8a51e9" daemon [_thread_in_native, id=22840, stack(0x000000a2dc200000,0x000000a2dc300000) (1024K)]
Total: 15

Other Threads:
  0x00000230deef78c0 VMThread "VM Thread"                           [id=17156, stack(0x000000a2db100000,0x000000a2db200000) (1024K)]
  0x00000230f311ba00 WatcherThread "VM Periodic Task Thread"        [id=28416, stack(0x000000a2db000000,0x000000a2db100000) (1024K)]
  0x00000230dee74a10 WorkerThread "GC Thread#0"                     [id=18528, stack(0x000000a2daf00000,0x000000a2db000000) (1024K)]
  0x00000230f82dec30 WorkerThread "GC Thread#1"                     [id=28456, stack(0x000000a2dbd00000,0x000000a2dbe00000) (1024K)]
  0x00000230f82dfe50 WorkerThread "GC Thread#2"                     [id=22532, stack(0x000000a2dbe00000,0x000000a2dbf00000) (1024K)]
  0x00000230f82de890 WorkerThread "GC Thread#3"                     [id=5920, stack(0x000000a2dbf00000,0x000000a2dc000000) (1024K)]
Total: 6

Threads with active compile tasks:
C2 CompilerThread0  1550 1654 %     4       java.io.WinNTFileSystem::normalize @ 58 (224 bytes)
C2 CompilerThread1  1550 1646       4       java.io.WinNTFileSystem::normalize (143 bytes)
Total: 2

VM state: not at safepoint (normal execution)

VM Mutex/Monitor currently owned by a thread: None

Heap address: 0x00000000c0000000, size: 1024 MB, Compressed Oops mode: 32-bit

CDS archive(s) mapped at: [0x0000023080000000-0x0000023080ba0000-0x0000023080ba0000), size 12189696, SharedBaseAddress: 0x0000023080000000, ArchiveRelocationMode: 1.
Compressed class space mapped at: 0x0000023081000000-0x00000230c1000000, reserved size: 1073741824
Narrow klass base: 0x0000023080000000, Narrow klass shift: 0, Narrow klass range: 0x100000000

GC Precious Log:
 CardTable entry size: 512
 CPUs: 4 total, 4 available
 Memory: 8024M
 Large Page Support: Disabled
 NUMA Support: Disabled
 Compressed Oops: Enabled (32-bit)
 Alignments: Space 512K, Generation 512K, Heap 2M
 Heap Min Capacity: 100M
 Heap Initial Capacity: 100M
 Heap Max Capacity: 1G
 Pre-touch: Disabled
 Parallel Workers: 4

Heap:
 PSYoungGen      total 29696K, used 26355K [0x00000000eab00000, 0x00000000ecc00000, 0x0000000100000000)
  eden space 25600K, 90% used [0x00000000eab00000,0x00000000ec1a7610,0x00000000ec400000)
  from space 4096K, 77% used [0x00000000ec400000,0x00000000ec715800,0x00000000ec800000)
  to   space 4096K, 0% used [0x00000000ec800000,0x00000000ec800000,0x00000000ecc00000)
 ParOldGen       total 68608K, used 16K [0x00000000c0000000, 0x00000000c4300000, 0x00000000eab00000)
  object space 68608K, 0% used [0x00000000c0000000,0x00000000c0004000,0x00000000c4300000)
 Metaspace       used 7765K, committed 8064K, reserved 1114112K
  class space    used 763K, committed 896K, reserved 1048576K

Card table byte_map: [0x00000230de7f0000,0x00000230dea00000] _byte_map_base: 0x00000230de1f0000

Marking Bits: (ParMarkBitMap*) 0x00007ffc494e3260
 Begin Bits: [0x00000230f1040000, 0x00000230f2040000)
 End Bits:   [0x00000230f2040000, 0x00000230f3040000)

Polling page: 0x00000230de530000

Metaspace:

Usage:
  Non-class:      6.84 MB used.
      Class:    763.69 KB used.
       Both:      7.58 MB used.

Virtual space:
  Non-class space:       64.00 MB reserved,       7.00 MB ( 11%) committed,  1 nodes.
      Class space:        1.00 GB reserved,     896.00 KB ( <1%) committed,  1 nodes.
             Both:        1.06 GB reserved,       7.88 MB ( <1%) committed. 

Chunk freelists:
   Non-Class:  8.80 MB
       Class:  14.95 MB
        Both:  23.74 MB

MaxMetaspaceSize: unlimited
CompressedClassSpaceSize: 1.00 GB
Initial GC threshold: 21.00 MB
Current GC threshold: 21.00 MB
CDS: on
 - commit_granule_bytes: 65536.
 - commit_granule_words: 8192.
 - virtual_space_node_default_size: 8388608.
 - enlarge_chunks_in_place: 1.
 - use_allocation_guard: 0.


Internal statistics:

num_allocs_failed_limit: 0.
num_arena_births: 182.
num_arena_deaths: 0.
num_vsnodes_births: 2.
num_vsnodes_deaths: 0.
num_space_committed: 126.
num_space_uncommitted: 0.
num_chunks_returned_to_freelist: 0.
num_chunks_taken_from_freelist: 357.
num_chunk_merges: 0.
num_chunk_splits: 244.
num_chunks_enlarged: 175.
num_inconsistent_stats: 0.

CodeHeap 'non-profiled nmethods': size=120000Kb used=680Kb max_used=680Kb free=119319Kb
 bounds [0x00000230e9b10000, 0x00000230e9d80000, 0x00000230f1040000]
CodeHeap 'profiled nmethods': size=120000Kb used=3049Kb max_used=3049Kb free=116950Kb
 bounds [0x00000230e2040000, 0x00000230e2340000, 0x00000230e9570000]
CodeHeap 'non-nmethods': size=5760Kb used=1212Kb max_used=1239Kb free=4547Kb
 bounds [0x00000230e9570000, 0x00000230e97e0000, 0x00000230e9b10000]
 total_blobs=2152 nmethods=1675 adapters=384
 compilation: enabled
              stopped_count=0, restarted_count=0
 full_count=0

Compilation events (20 events):
Event: 1.502 Thread 0x00000230f81f0f70 nmethod 1644 0x00000230e9bb7f90 code [0x00000230e9bb8120, 0x00000230e9bb81b8]
Event: 1.503 Thread 0x00000230f3205b20 1645       3       org.eclipse.osgi.internal.framework.EquinoxConfiguration$ConfigValues::internalGet (24 bytes)
Event: 1.503 Thread 0x00000230f3205b20 nmethod 1645 0x00000230e2325f90 code [0x00000230e23261a0, 0x00000230e2326798]
Event: 1.505 Thread 0x00000230f81f0f70 1646       4       java.io.WinNTFileSystem::normalize (143 bytes)
Event: 1.507 Thread 0x00000230f3205b20 1647       3       java.lang.String::toCharArray (25 bytes)
Event: 1.507 Thread 0x00000230f3205b20 nmethod 1647 0x00000230e2326990 code [0x00000230e2326b60, 0x00000230e2326df8]
Event: 1.508 Thread 0x00000230f318ceb0 1648       4       sun.nio.fs.WindowsPathParser::isInvalidPathChar (22 bytes)
Event: 1.509 Thread 0x00000230f318ceb0 nmethod 1648 0x00000230e9bb8290 code [0x00000230e9bb8420, 0x00000230e9bb85d8]
Event: 1.510 Thread 0x00000230f318ceb0 1649       4       java.lang.StringLatin1::inflate (34 bytes)
Event: 1.512 Thread 0x00000230f3205b20 1650       3       sun.net.util.IPAddressUtil::scan (62 bytes)
Event: 1.512 Thread 0x00000230f3205b20 nmethod 1650 0x00000230e2326f10 code [0x00000230e2327160, 0x00000230e2327a20]
Event: 1.512 Thread 0x00000230f3205b20 1651       3       sun.net.util.IPAddressUtil::checkUserInfo (44 bytes)
Event: 1.513 Thread 0x00000230f3205b20 nmethod 1651 0x00000230e2327e10 code [0x00000230e23280a0, 0x00000230e2328ae8]
Event: 1.514 Thread 0x00000230f3205b20 1652       3       java.io.File::isAbsolute (8 bytes)
Event: 1.514 Thread 0x00000230f3205b20 nmethod 1652 0x00000230e2328f90 code [0x00000230e2329140, 0x00000230e2329290]
Event: 1.514 Thread 0x00000230f3205b20 1653       3       java.io.WinNTFileSystem::isAbsolute (36 bytes)
Event: 1.514 Thread 0x00000230f318ceb0 nmethod 1649 0x00000230e9bb8790 code [0x00000230e9bb8920, 0x00000230e9bb8ac0]
Event: 1.514 Thread 0x00000230f318ceb0 1654 %     4       java.io.WinNTFileSystem::normalize @ 58 (224 bytes)
Event: 1.514 Thread 0x00000230f3205b20 nmethod 1653 0x00000230e2329310 code [0x00000230e2329520, 0x00000230e2329ba0]
Event: 1.515 Thread 0x00000230f3205b20 1655       3       java.net.URL::<init> (438 bytes)

GC Heap History (2 events):
Event: 0.982 GC heap before
{Heap before GC invocations=1 (full 0):
 PSYoungGen      total 29696K, used 25600K [0x00000000eab00000, 0x00000000ecc00000, 0x0000000100000000)
  eden space 25600K, 100% used [0x00000000eab00000,0x00000000ec400000,0x00000000ec400000)
  from space 4096K, 0% used [0x00000000ec800000,0x00000000ec800000,0x00000000ecc00000)
  to   space 4096K, 0% used [0x00000000ec400000,0x00000000ec400000,0x00000000ec800000)
 ParOldGen       total 68608K, used 0K [0x00000000c0000000, 0x00000000c4300000, 0x00000000eab00000)
  object space 68608K, 0% used [0x00000000c0000000,0x00000000c0000000,0x00000000c4300000)
 Metaspace       used 4354K, committed 4608K, reserved 1114112K
  class space    used 436K, committed 512K, reserved 1048576K
}
Event: 0.988 GC heap after
{Heap after GC invocations=1 (full 0):
 PSYoungGen      total 29696K, used 3158K [0x00000000eab00000, 0x00000000ecc00000, 0x0000000100000000)
  eden space 25600K, 0% used [0x00000000eab00000,0x00000000eab00000,0x00000000ec400000)
  from space 4096K, 77% used [0x00000000ec400000,0x00000000ec715800,0x00000000ec800000)
  to   space 4096K, 0% used [0x00000000ec800000,0x00000000ec800000,0x00000000ecc00000)
 ParOldGen       total 68608K, used 16K [0x00000000c0000000, 0x00000000c4300000, 0x00000000eab00000)
  object space 68608K, 0% used [0x00000000c0000000,0x00000000c0004000,0x00000000c4300000)
 Metaspace       used 4354K, committed 4608K, reserved 1114112K
  class space    used 436K, committed 512K, reserved 1048576K
}

Dll operation events (8 events):
Event: 0.013 Loaded shared library c:\Users\student\.vscode\extensions\redhat.java-1.40.0-win32-x64\jre\21.0.6-win32-x86_64\bin\java.dll
Event: 0.110 Loaded shared library c:\Users\student\.vscode\extensions\redhat.java-1.40.0-win32-x64\jre\21.0.6-win32-x86_64\bin\zip.dll
Event: 0.147 Loaded shared library C:\Users\student\.vscode\extensions\redhat.java-1.40.0-win32-x64\jre\21.0.6-win32-x86_64\bin\instrument.dll
Event: 0.152 Loaded shared library C:\Users\student\.vscode\extensions\redhat.java-1.40.0-win32-x64\jre\21.0.6-win32-x86_64\bin\net.dll
Event: 0.154 Loaded shared library C:\Users\student\.vscode\extensions\redhat.java-1.40.0-win32-x64\jre\21.0.6-win32-x86_64\bin\nio.dll
Event: 0.157 Loaded shared library C:\Users\student\.vscode\extensions\redhat.java-1.40.0-win32-x64\jre\21.0.6-win32-x86_64\bin\zip.dll
Event: 0.274 Loaded shared library C:\Users\student\.vscode\extensions\redhat.java-1.40.0-win32-x64\jre\21.0.6-win32-x86_64\bin\jimage.dll
Event: 0.417 Loaded shared library c:\Users\student\.vscode\extensions\redhat.java-1.40.0-win32-x64\jre\21.0.6-win32-x86_64\bin\verify.dll

Deoptimization events (20 events):
Event: 1.345 Thread 0x00000230dee52540 Uncommon trap: trap_request=0xffffffc6 fr.pc=0x00000230e9ba1980 relative=0x00000000000006e0
Event: 1.345 Thread 0x00000230dee52540 Uncommon trap: reason=bimorphic_or_optimized_type_check action=maybe_recompile pc=0x00000230e9ba1980 method=java.util.Collections$UnmodifiableCollection$1.<init>(Ljava/util/Collections$UnmodifiableCollection;)V @ 17 c2
Event: 1.345 Thread 0x00000230dee52540 DEOPT PACKING pc=0x00000230e9ba1980 sp=0x000000a2daefe710
Event: 1.345 Thread 0x00000230dee52540 DEOPT UNPACKING pc=0x00000230e95c3aa2 sp=0x000000a2daefe658 mode 2
Event: 1.379 Thread 0x00000230dee52540 Uncommon trap: trap_request=0xffffffde fr.pc=0x00000230e9b64448 relative=0x0000000000000968
Event: 1.379 Thread 0x00000230dee52540 Uncommon trap: reason=class_check action=maybe_recompile pc=0x00000230e9b64448 method=java.util.HashMap.putVal(ILjava/lang/Object;Ljava/lang/Object;ZZ)Ljava/lang/Object; @ 253 c2
Event: 1.379 Thread 0x00000230dee52540 DEOPT PACKING pc=0x00000230e9b64448 sp=0x000000a2daefe560
Event: 1.379 Thread 0x00000230dee52540 DEOPT UNPACKING pc=0x00000230e95c3aa2 sp=0x000000a2daefe4f0 mode 2
Event: 1.443 Thread 0x00000230dee52540 Uncommon trap: trap_request=0xffffffc6 fr.pc=0x00000230e9ba1980 relative=0x00000000000006e0
Event: 1.443 Thread 0x00000230dee52540 Uncommon trap: reason=bimorphic_or_optimized_type_check action=maybe_recompile pc=0x00000230e9ba1980 method=java.util.Collections$UnmodifiableCollection$1.<init>(Ljava/util/Collections$UnmodifiableCollection;)V @ 17 c2
Event: 1.443 Thread 0x00000230dee52540 DEOPT PACKING pc=0x00000230e9ba1980 sp=0x000000a2daefe910
Event: 1.443 Thread 0x00000230dee52540 DEOPT UNPACKING pc=0x00000230e95c3aa2 sp=0x000000a2daefe858 mode 2
Event: 1.445 Thread 0x00000230dee52540 DEOPT PACKING pc=0x00000230e2193588 sp=0x000000a2daefc670
Event: 1.445 Thread 0x00000230dee52540 DEOPT UNPACKING pc=0x00000230e95c4242 sp=0x000000a2daefbaf0 mode 0
Event: 1.446 Thread 0x00000230dee52540 DEOPT PACKING pc=0x00000230e2193588 sp=0x000000a2daefc980
Event: 1.446 Thread 0x00000230dee52540 DEOPT UNPACKING pc=0x00000230e95c4242 sp=0x000000a2daefbe00 mode 0
Event: 1.452 Thread 0x00000230dee52540 DEOPT PACKING pc=0x00000230e2193588 sp=0x000000a2daefc8d0
Event: 1.452 Thread 0x00000230dee52540 DEOPT UNPACKING pc=0x00000230e95c4242 sp=0x000000a2daefbd50 mode 0
Event: 1.453 Thread 0x00000230dee52540 DEOPT PACKING pc=0x00000230e2193588 sp=0x000000a2daefcbd0
Event: 1.453 Thread 0x00000230dee52540 DEOPT UNPACKING pc=0x00000230e95c4242 sp=0x000000a2daefc050 mode 0

Classes loaded (20 events):
Event: 1.440 Loading class java/security/KeyStoreException
Event: 1.440 Loading class java/security/KeyStoreException done
Event: 1.476 Loading class java/util/LinkedList$Node
Event: 1.476 Loading class java/util/LinkedList$Node done
Event: 1.476 Loading class java/util/LinkedList$ListItr
Event: 1.476 Loading class java/util/LinkedList$ListItr done
Event: 1.477 Loading class java/lang/Thread$Builder$OfPlatform
Event: 1.478 Loading class java/lang/Thread$Builder
Event: 1.478 Loading class java/lang/Thread$Builder done
Event: 1.478 Loading class java/lang/Thread$Builder$OfPlatform done
Event: 1.478 Loading class java/lang/Thread$Builder$OfVirtual
Event: 1.478 Loading class java/lang/Thread$Builder$OfVirtual done
Event: 1.486 Loading class sun/nio/fs/WindowsChannelFactory
Event: 1.487 Loading class sun/nio/fs/WindowsChannelFactory done
Event: 1.487 Loading class sun/nio/fs/WindowsChannelFactory$1
Event: 1.487 Loading class sun/nio/fs/WindowsChannelFactory$1 done
Event: 1.487 Loading class sun/nio/fs/WindowsChannelFactory$Flags
Event: 1.487 Loading class sun/nio/fs/WindowsChannelFactory$Flags done
Event: 1.487 Loading class sun/nio/ch/FileChannelImpl$Closer
Event: 1.487 Loading class sun/nio/ch/FileChannelImpl$Closer done

Classes unloaded (0 events):
No events

Classes redefined (0 events):
No events

Internal exceptions (20 events):
Event: 0.926 Thread 0x00000230dee52540 Exception <a 'java/io/FileNotFoundException'{0x00000000ec27f918}> (0x00000000ec27f918) 
thrown [s\src\hotspot\share\prims\jni.cpp, line 520]
Event: 0.970 Thread 0x00000230dee52540 Implicit null exception at 0x00000230e9b56f49 to 0x00000230e9b578f4
Event: 0.970 Thread 0x00000230dee52540 Implicit null exception at 0x00000230e9b619a0 to 0x00000230e9b61bbc
Event: 0.970 Thread 0x00000230dee52540 Exception <a 'java/lang/NoSuchMethodError'{0x00000000ec3aa170}: 'void java.lang.invoke.DirectMethodHandle$Holder.invokeStatic(java.lang.Object, java.lang.Object, java.lang.Object, java.lang.Object)'> (0x00000000ec3aa170) 
thrown [s\src\hotspot\share\interpreter\linkResolver.cpp, line 773]
Event: 0.971 Thread 0x00000230dee52540 Implicit null exception at 0x00000230e9b623a0 to 0x00000230e9b625bc
Event: 0.971 Thread 0x00000230dee52540 Implicit null exception at 0x00000230e9b59ec0 to 0x00000230e9b59f45
Event: 1.019 Thread 0x00000230dee52540 Exception <a 'java/lang/NoSuchMethodError'{0x00000000eacebc70}: 'long java.lang.invoke.DirectMethodHandle$Holder.invokeStatic(java.lang.Object, java.lang.Object, int)'> (0x00000000eacebc70) 
thrown [s\src\hotspot\share\interpreter\linkResolver.cpp, line 773]
Event: 1.020 Thread 0x00000230dee52540 Exception <a 'java/lang/NoSuchMethodError'{0x00000000eacf3a30}: 'java.lang.Object java.lang.invoke.DirectMethodHandle$Holder.invokeSpecial(java.lang.Object, java.lang.Object, java.lang.Object, java.lang.Object, long)'> (0x00000000eacf3a30) 
thrown [s\src\hotspot\share\interpreter\linkResolver.cpp, line 773]
Event: 1.021 Thread 0x00000230dee52540 Exception <a 'java/lang/NoSuchMethodError'{0x00000000ead016b0}: 'java.lang.Object java.lang.invoke.DirectMethodHandle$Holder.invokeSpecial(java.lang.Object, java.lang.Object, java.lang.Object, int, java.lang.Object)'> (0x00000000ead016b0) 
thrown [s\src\hotspot\share\interpreter\linkResolver.cpp, line 773]
Event: 1.026 Thread 0x00000230dee52540 Exception <a 'java/lang/NoSuchMethodError'{0x00000000ead1b0b0}: 'java.lang.Object java.lang.invoke.Invokers$Holder.invokeExact_MT(java.lang.Object, java.lang.Object, java.lang.Object, java.lang.Object, java.lang.Object, java.lang.Object)'> (0x00000000ead1b0b0) 
thrown [s\src\hotspot\share\interpreter\linkResolver.cpp, line 773]
Event: 1.029 Thread 0x00000230dee52540 Exception <a 'java/lang/NoSuchMethodError'{0x00000000ead34988}: 'int java.lang.invoke.DirectMethodHandle$Holder.invokeStaticInit(java.lang.Object, java.lang.Object, java.lang.Object, java.lang.Object)'> (0x00000000ead34988) 
thrown [s\src\hotspot\share\interpreter\linkResolver.cpp, line 773]
Event: 1.030 Thread 0x00000230dee52540 Exception <a 'java/lang/NoSuchMethodError'{0x00000000ead3d3d8}: 'java.lang.Object java.lang.invoke.DirectMethodHandle$Holder.invokeInterface(java.lang.Object, java.lang.Object)'> (0x00000000ead3d3d8) 
thrown [s\src\hotspot\share\interpreter\linkResolver.cpp, line 773]
Event: 1.030 Thread 0x00000230dee52540 Exception <a 'java/lang/IncompatibleClassChangeError'{0x00000000ead40910}: Found class java.lang.Object, but interface was expected> (0x00000000ead40910) 
thrown [s\src\hotspot\share\interpreter\linkResolver.cpp, line 840]
Event: 1.031 Thread 0x00000230dee52540 Exception <a 'java/lang/NoSuchMethodError'{0x00000000ead44ac8}: 'void java.lang.invoke.DirectMethodHandle$Holder.invokeStatic(java.lang.Object, java.lang.Object)'> (0x00000000ead44ac8) 
thrown [s\src\hotspot\share\interpreter\linkResolver.cpp, line 773]
Event: 1.031 Thread 0x00000230dee52540 Exception <a 'java/lang/NoSuchMethodError'{0x00000000ead47e70}: 'void java.lang.invoke.DirectMethodHandle$Holder.invokeStaticInit(java.lang.Object, java.lang.Object)'> (0x00000000ead47e70) 
thrown [s\src\hotspot\share\interpreter\linkResolver.cpp, line 773]
Event: 1.032 Thread 0x00000230dee52540 Exception <a 'java/lang/NoSuchMethodError'{0x00000000ead4eed0}: 'int java.lang.invoke.DirectMethodHandle$Holder.invokeStaticInit(java.lang.Object, java.lang.Object)'> (0x00000000ead4eed0) 
thrown [s\src\hotspot\share\interpreter\linkResolver.cpp, line 773]
Event: 1.071 Thread 0x00000230dee52540 Exception <a 'java/lang/NoSuchMethodError'{0x00000000eae8e3f8}: 'void java.lang.invoke.DirectMethodHandle$Holder.invokeSpecial(java.lang.Object, java.lang.Object, java.lang.Object)'> (0x00000000eae8e3f8) 
thrown [s\src\hotspot\share\interpreter\linkResolver.cpp, line 773]
Event: 1.265 Thread 0x00000230dee52540 Exception <a 'java/lang/NoSuchMethodError'{0x00000000eb749420}: 'int java.lang.invoke.DirectMethodHandle$Holder.invokeVirtual(java.lang.Object, java.lang.Object)'> (0x00000000eb749420) 
thrown [s\src\hotspot\share\interpreter\linkResolver.cpp, line 773]
Event: 1.366 Thread 0x00000230dee52540 Exception <a 'java/lang/NoSuchMethodError'{0x00000000ebab3080}: 'java.lang.Object java.lang.invoke.DirectMethodHandle$Holder.newInvokeSpecial(java.lang.Object, int, java.lang.Object)'> (0x00000000ebab3080) 
thrown [s\src\hotspot\share\interpreter\linkResolver.cpp, line 773]
Event: 1.410 Thread 0x00000230dee52540 Exception <a 'java/lang/NoSuchMethodError'{0x00000000ebc4e368}: 'java.lang.Object java.lang.invoke.DirectMethodHandle$Holder.newInvokeSpecial(java.lang.Object, java.lang.Object, java.lang.Object, java.lang.Object, int, java.lang.Object)'> (0x00000000ebc4e368) 
thrown [s\src\hotspot\share\interpreter\linkResolver.cpp, line 773]

ZGC Phase Switch (0 events):
No events

VM Operations (18 events):
Event: 0.109 Executing VM operation: HandshakeAllThreads (Deoptimize)
Event: 0.109 Executing VM operation: HandshakeAllThreads (Deoptimize) done
Event: 0.287 Executing VM operation: HandshakeAllThreads (Deoptimize)
Event: 0.287 Executing VM operation: HandshakeAllThreads (Deoptimize) done
Event: 0.741 Executing VM operation: HandshakeAllThreads (Deoptimize)
Event: 0.741 Executing VM operation: HandshakeAllThreads (Deoptimize) done
Event: 0.752 Executing VM operation: HandshakeAllThreads (Deoptimize)
Event: 0.752 Executing VM operation: HandshakeAllThreads (Deoptimize) done
Event: 0.889 Executing VM operation: ICBufferFull
Event: 0.890 Executing VM operation: ICBufferFull done
Event: 0.982 Executing VM operation: ParallelGCFailedAllocation (Allocation Failure)
Event: 0.988 Executing VM operation: ParallelGCFailedAllocation (Allocation Failure) done
Event: 1.335 Executing VM operation: HandshakeAllThreads (Deoptimize)
Event: 1.335 Executing VM operation: HandshakeAllThreads (Deoptimize) done
Event: 1.354 Executing VM operation: HandshakeAllThreads (Deoptimize)
Event: 1.354 Executing VM operation: HandshakeAllThreads (Deoptimize) done
Event: 1.408 Executing VM operation: HandshakeAllThreads (Deoptimize)
Event: 1.408 Executing VM operation: HandshakeAllThreads (Deoptimize) done

Memory protections (0 events):
No events

Nmethod flushes (0 events):
No events

Events (13 events):
Event: 0.037 Thread 0x00000230dee52540 Thread added: 0x00000230dee52540
Event: 0.061 Thread 0x00000230dee52540 Thread added: 0x00000230f31842a0
Event: 0.061 Thread 0x00000230dee52540 Thread added: 0x00000230def0d690
Event: 0.061 Thread 0x00000230dee52540 Thread added: 0x00000230def0e670
Event: 0.061 Thread 0x00000230dee52540 Thread added: 0x00000230f3187810
Event: 0.061 Thread 0x00000230dee52540 Thread added: 0x00000230f318b3b0
Event: 0.061 Thread 0x00000230dee52540 Thread added: 0x00000230f318c080
Event: 0.061 Thread 0x00000230dee52540 Thread added: 0x00000230f318ceb0
Event: 0.068 Thread 0x00000230dee52540 Thread added: 0x00000230f3205b20
Event: 0.098 Thread 0x00000230dee52540 Thread added: 0x00000230f8044650
Event: 0.412 Thread 0x00000230f3205b20 Thread added: 0x00000230f81f0f70
Event: 0.532 Thread 0x00000230dee52540 Thread added: 0x00000230f829ba90
Event: 1.307 Thread 0x00000230dee52540 Thread added: 0x00000230f8bd38b0


Dynamic libraries:
0x00007ff6dabb0000 - 0x00007ff6dabbe000 	c:\Users\student\.vscode\extensions\redhat.java-1.40.0-win32-x64\jre\21.0.6-win32-x86_64\bin\java.exe
0x00007ffc9bda0000 - 0x00007ffc9c003000 	C:\WINDOWS\SYSTEM32\ntdll.dll
0x00007ffc6bb10000 - 0x00007ffc6bb2a000 	C:\Program Files\Avast Software\Avast\aswhook.dll
0x00007ffc9a7e0000 - 0x00007ffc9a8a7000 	C:\WINDOWS\System32\KERNEL32.DLL
0x00007ffc98fd0000 - 0x00007ffc99399000 	C:\WINDOWS\System32\KERNELBASE.dll
0x00007ffc995d0000 - 0x00007ffc9971c000 	C:\WINDOWS\System32\ucrtbase.dll
0x00007ffc96060000 - 0x00007ffc96078000 	c:\Users\student\.vscode\extensions\redhat.java-1.40.0-win32-x64\jre\21.0.6-win32-x86_64\bin\jli.dll
0x00007ffc9bb50000 - 0x00007ffc9bd1a000 	C:\WINDOWS\System32\USER32.dll
0x00007ffc98fa0000 - 0x00007ffc98fc7000 	C:\WINDOWS\System32\win32u.dll
0x00007ffc99bc0000 - 0x00007ffc99bea000 	C:\WINDOWS\System32\GDI32.dll
0x00007ffc99870000 - 0x00007ffc999a1000 	C:\WINDOWS\System32\gdi32full.dll
0x00007ffc99720000 - 0x00007ffc997c3000 	C:\WINDOWS\System32\msvcp_win.dll
0x00007ffc94120000 - 0x00007ffc9413e000 	c:\Users\student\.vscode\extensions\redhat.java-1.40.0-win32-x64\jre\21.0.6-win32-x86_64\bin\VCRUNTIME140.dll
0x00007ffc797e0000 - 0x00007ffc79a70000 	C:\WINDOWS\WinSxS\amd64_microsoft.windows.common-controls_6595b64144ccf1df_6.0.26100.3323_none_3e088096e3344490\COMCTL32.dll
0x00007ffc99cf0000 - 0x00007ffc99d99000 	C:\WINDOWS\System32\msvcrt.dll
0x00007ffc9b830000 - 0x00007ffc9b85f000 	C:\WINDOWS\System32\IMM32.DLL
0x00007ffc93550000 - 0x00007ffc9355c000 	c:\Users\student\.vscode\extensions\redhat.java-1.40.0-win32-x64\jre\21.0.6-win32-x86_64\bin\vcruntime140_1.dll
0x00007ffc863e0000 - 0x00007ffc8646d000 	c:\Users\student\.vscode\extensions\redhat.java-1.40.0-win32-x64\jre\21.0.6-win32-x86_64\bin\msvcp140.dll
0x00007ffc48830000 - 0x00007ffc495c0000 	c:\Users\student\.vscode\extensions\redhat.java-1.40.0-win32-x64\jre\21.0.6-win32-x86_64\bin\server\jvm.dll
0x00007ffc9b960000 - 0x00007ffc9ba12000 	C:\WINDOWS\System32\ADVAPI32.dll
0x00007ffc9adf0000 - 0x00007ffc9ae96000 	C:\WINDOWS\System32\sechost.dll
0x00007ffc9a6c0000 - 0x00007ffc9a7d6000 	C:\WINDOWS\System32\RPCRT4.dll
0x00007ffc9ba20000 - 0x00007ffc9ba94000 	C:\WINDOWS\System32\WS2_32.dll
0x00007ffc98e30000 - 0x00007ffc98e7e000 	C:\WINDOWS\SYSTEM32\POWRPROF.dll
0x00007ffc79a80000 - 0x00007ffc79ab6000 	C:\WINDOWS\SYSTEM32\WINMM.dll
0x00007ffc8f9e0000 - 0x00007ffc8f9eb000 	C:\WINDOWS\SYSTEM32\VERSION.dll
0x00007ffc98e10000 - 0x00007ffc98e24000 	C:\WINDOWS\SYSTEM32\UMPDC.dll
0x00007ffc97dc0000 - 0x00007ffc97dda000 	C:\WINDOWS\SYSTEM32\kernel.appcore.dll
0x00007ffc93540000 - 0x00007ffc9354a000 	c:\Users\student\.vscode\extensions\redhat.java-1.40.0-win32-x64\jre\21.0.6-win32-x86_64\bin\jimage.dll
0x00007ffc8c340000 - 0x00007ffc8c581000 	C:\WINDOWS\SYSTEM32\DBGHELP.DLL
0x00007ffc9a8b0000 - 0x00007ffc9ac32000 	C:\WINDOWS\System32\combase.dll
0x00007ffc9b350000 - 0x00007ffc9b426000 	C:\WINDOWS\System32\OLEAUT32.dll
0x00007ffc8c250000 - 0x00007ffc8c289000 	C:\WINDOWS\SYSTEM32\dbgcore.DLL
0x00007ffc997d0000 - 0x00007ffc99869000 	C:\WINDOWS\System32\bcryptPrimitives.dll
0x00007ffc93110000 - 0x00007ffc9311f000 	c:\Users\student\.vscode\extensions\redhat.java-1.40.0-win32-x64\jre\21.0.6-win32-x86_64\bin\instrument.dll
0x00007ffc92ac0000 - 0x00007ffc92adf000 	c:\Users\student\.vscode\extensions\redhat.java-1.40.0-win32-x64\jre\21.0.6-win32-x86_64\bin\java.dll
0x00007ffc99f80000 - 0x00007ffc9a695000 	C:\WINDOWS\System32\SHELL32.dll
0x00007ffc993a0000 - 0x00007ffc99508000 	C:\WINDOWS\System32\wintypes.dll
0x00007ffc96cc0000 - 0x00007ffc97505000 	C:\WINDOWS\SYSTEM32\windows.storage.dll
0x00007ffc9b870000 - 0x00007ffc9b95b000 	C:\WINDOWS\System32\SHCORE.dll
0x00007ffc9b770000 - 0x00007ffc9b7cd000 	C:\WINDOWS\System32\shlwapi.dll
0x00007ffc98eb0000 - 0x00007ffc98edf000 	C:\WINDOWS\SYSTEM32\profapi.dll
0x00007ffc92a40000 - 0x00007ffc92a58000 	c:\Users\student\.vscode\extensions\redhat.java-1.40.0-win32-x64\jre\21.0.6-win32-x86_64\bin\zip.dll
0x00007ffc92bc0000 - 0x00007ffc92bd0000 	C:\Users\student\.vscode\extensions\redhat.java-1.40.0-win32-x64\jre\21.0.6-win32-x86_64\bin\net.dll
0x00007ffc8fe90000 - 0x00007ffc8ffae000 	C:\WINDOWS\SYSTEM32\WINHTTP.dll
0x00007ffc982e0000 - 0x00007ffc9834a000 	C:\WINDOWS\system32\mswsock.dll
0x00007ffc8a950000 - 0x00007ffc8a966000 	C:\Users\student\.vscode\extensions\redhat.java-1.40.0-win32-x64\jre\21.0.6-win32-x86_64\bin\nio.dll
0x00007ffc92b40000 - 0x00007ffc92b50000 	c:\Users\student\.vscode\extensions\redhat.java-1.40.0-win32-x64\jre\21.0.6-win32-x86_64\bin\verify.dll
0x00007ffc86240000 - 0x00007ffc86285000 	C:\Users\student\AppData\Roaming\Code\User\globalStorage\redhat.java\1.40.0\config_ss_win\org.eclipse.equinox.launcher\org.eclipse.equinox.launcher.win32.win32.x86_64_1.2.1200.v20250212-0927\eclipse_11909.dll
0x00007ffc9ac40000 - 0x00007ffc9add5000 	C:\WINDOWS\System32\ole32.dll

dbghelp: loaded successfully - version: 4.0.5 - missing functions: none
symbol engine: initialized successfully - sym options: 0x614 - pdb path: .;c:\Users\student\.vscode\extensions\redhat.java-1.40.0-win32-x64\jre\21.0.6-win32-x86_64\bin;C:\WINDOWS\SYSTEM32;C:\Program Files\Avast Software\Avast;C:\WINDOWS\WinSxS\amd64_microsoft.windows.common-controls_6595b64144ccf1df_6.0.26100.3323_none_3e088096e3344490;c:\Users\student\.vscode\extensions\redhat.java-1.40.0-win32-x64\jre\21.0.6-win32-x86_64\bin\server;C:\Users\student\AppData\Roaming\Code\User\globalStorage\redhat.java\1.40.0\config_ss_win\org.eclipse.equinox.launcher\org.eclipse.equinox.launcher.win32.win32.x86_64_1.2.1200.v20250212-0927

VM Arguments:
jvm_args: --add-modules=ALL-SYSTEM --add-opens=java.base/java.util=ALL-UNNAMED --add-opens=java.base/java.lang=ALL-UNNAMED --add-opens=java.base/sun.nio.fs=ALL-UNNAMED -Declipse.application=org.eclipse.jdt.ls.core.id1 -Dosgi.bundles.defaultStartLevel=4 -Declipse.product=org.eclipse.jdt.ls.core.product -Djava.import.generatesMetadataFilesAtProjectRoot=false -DDetectVMInstallationsJob.disabled=true -Dfile.encoding=utf8 -XX:+UseParallelGC -XX:GCTimeRatio=4 -XX:AdaptiveSizePolicyWeight=90 -Dsun.zip.disableMemoryMapping=true -Xmx1G -Xms100m -Xlog:disable -javaagent:c:\Users\student\.vscode\extensions\redhat.java-1.40.0-win32-x64\lombok\lombok-1.18.36.jar 
java_command: c:\Users\student\.vscode\extensions\redhat.java-1.40.0-win32-x64\server\plugins\org.eclipse.equinox.launcher_1.6.1000.v20250131-0606.jar -configuration c:\Users\student\AppData\Roaming\Code\User\globalStorage\redhat.java\1.40.0\config_ss_win -data c:\Users\student\AppData\Roaming\Code\User\workspaceStorage\ec8f5fe802b5364a02ddefdc53ea4874\redhat.java\ss_ws --pipe=\\.\pipe\lsp-b0621d95f22a46b0916904193dc061ed-sock
java_class_path (initial): c:\Users\student\.vscode\extensions\redhat.java-1.40.0-win32-x64\server\plugins\org.eclipse.equinox.launcher_1.6.1000.v20250131-0606.jar
Launcher Type: SUN_STANDARD

[Global flags]
    uintx AdaptiveSizePolicyWeight                 = 90                                        {product} {command line}
     intx CICompilerCount                          = 3                                         {product} {ergonomic}
    uintx GCTimeRatio                              = 4                                         {product} {command line}
   size_t InitialHeapSize                          = 104857600                                 {product} {command line}
   size_t MaxHeapSize                              = 1073741824                                {product} {command line}
   size_t MaxNewSize                               = 357564416                                 {product} {ergonomic}
   size_t MinHeapDeltaBytes                        = 524288                                    {product} {ergonomic}
   size_t MinHeapSize                              = 104857600                                 {product} {command line}
   size_t NewSize                                  = 34603008                                  {product} {ergonomic}
    uintx NonNMethodCodeHeapSize                   = 5832780                                {pd product} {ergonomic}
    uintx NonProfiledCodeHeapSize                  = 122912730                              {pd product} {ergonomic}
   size_t OldSize                                  = 70254592                                  {product} {ergonomic}
    uintx ProfiledCodeHeapSize                     = 122912730                              {pd product} {ergonomic}
    uintx ReservedCodeCacheSize                    = 251658240                              {pd product} {ergonomic}
     bool SegmentedCodeCache                       = true                                      {product} {ergonomic}
   size_t SoftMaxHeapSize                          = 1073741824                             {manageable} {ergonomic}
     bool UseCompressedOops                        = true                           {product lp64_product} {ergonomic}
     bool UseLargePagesIndividualAllocation        = false                                  {pd product} {ergonomic}
     bool UseParallelGC                            = true                                      {product} {command line}

Logging:
Log output configuration:
 #0: stdout all=off uptime,level,tags foldmultilines=false
 #1: stderr all=off uptime,level,tags foldmultilines=false

Environment Variables:
PATH=C:\Program Files\Java\jdk-17.0.10\bin;C:\Program Files (x86)\Common Files\Oracle\Java\javapath;C:\WINDOWS\system32;C:\WINDOWS;C:\WINDOWS\System32\Wbem;C:\WINDOWS\System32\WindowsPowerShell\v1.0\;C:\WINDOWS\System32\OpenSSH\;C:\Users\admin\AppData\Local\Programs\Python\Python312;C:\Users\admin\AppData\Local\Programs\Python\Python312\Scripts;C:\Program Files\MySQL\MySQL Server 8.0\bin;C:\Program Files\node-v20.18.0;C:\Program Files\nodejs;C:\Program Files\apache-maven-3.8.8\bin;C:\Program Files\GitHub CLI\;C:\Program Files\nodejs\;C:\Program Files\Android\Android Studio\bin;C:\Users\student\AppData\Local\Android\Sdk\platform-tools;C:\Users\student\AppData\Local\Android\Sdk\tools;C:\Users\student\AppData\Local\Android\Sdk\emulator;C:\Users\student\AppData\Local\Programs\Python\Launcher\;C:\Users\student\AppData\Local\Microsoft\WindowsApps;C:\Users\admin\AppData\Local\Programs\Python\Python312;C:\Users\admin\AppData\Local\Programs\Python\Python312\Scripts;C:\Users\student\AppData\Local\Programs\Microsoft VS Code\bin;C:\Users\student\AppData\Local\GitHubDesktop\bin;C:\Users\student\AppData\Local\Programs\Git\cmd;C:\Program Files\MongoDB\Server\7.0\bin;C:\Users\student\AppData\Roaming\npm
USERNAME=student
OS=Windows_NT
PROCESSOR_IDENTIFIER=Intel64 Family 6 Model 158 Stepping 11, GenuineIntel
TMP=C:\Users\student\AppData\Local\Temp
TEMP=C:\Users\student\AppData\Local\Temp




Periodic native trim disabled

---------------  S Y S T E M  ---------------

OS:
 Windows 11 , 64 bit Build 26100 (10.0.26100.3323)
OS uptime: 0 days 3:00 hours

CPU: total 4 (initial active 4) (4 cores per cpu, 1 threads per core) family 6 model 158 stepping 11 microcode 0xde, cx8, cmov, fxsr, mmx, 3dnowpref, sse, sse2, sse3, ssse3, sse4.1, sse4.2, popcnt, lzcnt, tsc, tscinvbit, avx, avx2, aes, erms, clmul, bmi1, bmi2, adx, fma, vzeroupper, clflush, clflushopt, rdtscp, f16c
Processor Information for the first 4 processors :
  Max Mhz: 3096, Current Mhz: 3096, Mhz Limit: 3096

Memory: 4k page, system-wide physical 8024M (803M free)
TotalPageFile size 13189M (AvailPageFile size 0M)
current process WorkingSet (physical memory assigned to process): 89M, peak: 89M
current process commit charge ("private bytes"): 193M, peak: 193M

vm_info: OpenJDK 64-Bit Server VM (21.0.6+7-LTS) for windows-amd64 JRE (21.0.6+7-LTS), built on 2025-01-21T00:00:00Z by "admin" with MS VC++ 17.7 (VS2022)

END.
