#
# There is insufficient memory for the Java Runtime Environment to continue.
# Native memory allocation (malloc) failed to allocate 707008 bytes. Error detail: Chunk::new
# Possible reasons:
#   The system is out of physical RAM or swap space
#   This process is running with CompressedOops enabled, and the Java Heap may be blocking the growth of the native heap
# Possible solutions:
#   Reduce memory load on the system
#   Increase physical memory or swap space
#   Check if swap backing store is full
#   Decrease Java heap size (-Xmx/-Xms)
#   Decrease number of Java threads
#   Decrease Java thread stack sizes (-Xss)
#   Set larger code cache with -XX:ReservedCodeCacheSize=
#   JVM is running with Unscaled Compressed Oops mode in which the Java heap is
#     placed in the first 4GB address space. The Java Heap base address is the
#     maximum limit for the native heap growth. Please use -XX:HeapBaseMinAddress
#     to set the Java Heap base and to place the Java Heap above 4GB virtual address.
# This output file may be truncated or incomplete.
#
#  Out of Memory Error (arena.cpp:168), pid=16380, tid=8664
#
# JRE version: OpenJDK Runtime Environment Temurin-21.0.6+7 (21.0.6+7) (build 21.0.6+7-LTS)
# Java VM: OpenJDK 64-Bit Server VM Temurin-21.0.6+7 (21.0.6+7-LTS, mixed mode, sharing, tiered, compressed oops, compressed class ptrs, parallel gc, windows-amd64)
# No core dump will be written. Minidumps are not enabled by default on client versions of Windows
#

---------------  S U M M A R Y ------------

Command Line: --add-modules=ALL-SYSTEM --add-opens=java.base/java.util=ALL-UNNAMED --add-opens=java.base/java.lang=ALL-UNNAMED --add-opens=java.base/sun.nio.fs=ALL-UNNAMED -Declipse.application=org.eclipse.jdt.ls.core.id1 -Dosgi.bundles.defaultStartLevel=4 -Declipse.product=org.eclipse.jdt.ls.core.product -Djava.import.generatesMetadataFilesAtProjectRoot=false -DDetectVMInstallationsJob.disabled=true -Dfile.encoding=utf8 -XX:+UseParallelGC -XX:GCTimeRatio=4 -XX:AdaptiveSizePolicyWeight=90 -Dsun.zip.disableMemoryMapping=true -Xmx1G -Xms100m -Xlog:disable -javaagent:c:\Users\student\.vscode\extensions\redhat.java-1.40.0-win32-x64\lombok\lombok-1.18.36.jar -XX:+HeapDumpOnOutOfMemoryError -XX:HeapDumpPath=c:\Users\student\AppData\Roaming\Code\User\workspaceStorage\34e1f0536f3a9bbe09a70fa07904f662\redhat.java -Daether.dependencyCollector.impl=bf c:\Users\student\.vscode\extensions\redhat.java-1.40.0-win32-x64\server\plugins\org.eclipse.equinox.launcher_1.6.1000.v20250131-0606.jar -configuration c:\Users\student\AppData\Roaming\Code\User\globalStorage\redhat.java\1.40.0\config_win -data c:\Users\student\AppData\Roaming\Code\User\workspaceStorage\34e1f0536f3a9bbe09a70fa07904f662\redhat.java\jdt_ws --pipe=\\.\pipe\lsp-012e4402083e9292044ebbe306f09e8d-sock

Host: Intel(R) Core(TM) i3-8100T CPU @ 3.10GHz, 4 cores, 7G,  Windows 11 , 64 bit Build 26100 (10.0.26100.3323)
Time: Thu Mar 27 11:25:57 2025 India Standard Time elapsed time: 4572.623199 seconds (0d 1h 16m 12s)

---------------  T H R E A D  ---------------

Current thread (0x00000240b8e1cb00):  JavaThread "C2 CompilerThread0" daemon [_thread_in_native, id=8664, stack(0x000000936b300000,0x000000936b400000) (1024K)]


Current CompileTask:
C2:4572623 15779   !   4       org.eclipse.jdt.internal.core.SearchableEnvironment::hasSubPackageInUnnamedModule (132 bytes)

Stack: [0x000000936b300000,0x000000936b400000]
Native frames: (J=compiled Java code, j=interpreted, Vv=VM code, C=native code)
V  [jvm.dll+0x6cdee9]
V  [jvm.dll+0x8a83d1]
V  [jvm.dll+0x8aa8fe]
V  [jvm.dll+0x8aafe3]
V  [jvm.dll+0x27f706]
V  [jvm.dll+0xc500d]
V  [jvm.dll+0xc5543]
V  [jvm.dll+0x3b678c]
V  [jvm.dll+0x382935]
V  [jvm.dll+0x381d9a]
V  [jvm.dll+0x2479f0]
V  [jvm.dll+0x246fcf]
V  [jvm.dll+0x1c75ee]
V  [jvm.dll+0x25685a]
V  [jvm.dll+0x254dfa]
V  [jvm.dll+0x3f0256]
V  [jvm.dll+0x851f8b]
V  [jvm.dll+0x6cc5ed]
C  [ucrtbase.dll+0x37b0]
C  [KERNEL32.DLL+0x2e8d7]
C  [ntdll.dll+0xbbf6c]


---------------  P R O C E S S  ---------------

Threads class SMR info:
_java_thread_list=0x0000024081042680, length=37, elements={
0x00000240a4ae45a0, 0x00000240b8e14370, 0x00000240a4b9dd00, 0x00000240b8e179d0,
0x00000240b8e18620, 0x00000240b8e19270, 0x00000240b8e1bcd0, 0x00000240b8e1cb00,
0x00000240b8e99060, 0x00000240b8ece3a0, 0x00000240fad35c20, 0x00000240ff5d7bc0,
0x00000240ff3de600, 0x00000240ff3da400, 0x00000240ff3dae30, 0x00000240ff638470,
0x00000240b8e797a0, 0x00000240ff280520, 0x00000240ff27eae0, 0x00000240ff27f170,
0x0000024081d27ed0, 0x0000024081d26490, 0x0000024081d28560, 0x0000024081d250e0,
0x0000024081d25e00, 0x0000024081d28bf0, 0x0000024081d25770, 0x0000024081d29280,
0x0000024080f58550, 0x0000024080f58be0, 0x0000024080f59270, 0x0000024080f59900,
0x0000024080f5a620, 0x0000024080f571a0, 0x0000024080f5d410, 0x0000024080f5acb0,
0x0000024080f57830
}

Java Threads: ( => current thread )
  0x00000240a4ae45a0 JavaThread "main"                              [_thread_blocked, id=712, stack(0x000000936a900000,0x000000936aa00000) (1024K)]
  0x00000240b8e14370 JavaThread "Reference Handler"          daemon [_thread_blocked, id=7280, stack(0x000000936ad00000,0x000000936ae00000) (1024K)]
  0x00000240a4b9dd00 JavaThread "Finalizer"                  daemon [_thread_blocked, id=4424, stack(0x000000936ae00000,0x000000936af00000) (1024K)]
  0x00000240b8e179d0 JavaThread "Signal Dispatcher"          daemon [_thread_blocked, id=4460, stack(0x000000936af00000,0x000000936b000000) (1024K)]
  0x00000240b8e18620 JavaThread "Attach Listener"            daemon [_thread_blocked, id=14984, stack(0x000000936b000000,0x000000936b100000) (1024K)]
  0x00000240b8e19270 JavaThread "Service Thread"             daemon [_thread_blocked, id=6804, stack(0x000000936b100000,0x000000936b200000) (1024K)]
  0x00000240b8e1bcd0 JavaThread "Monitor Deflation Thread"   daemon [_thread_blocked, id=5692, stack(0x000000936b200000,0x000000936b300000) (1024K)]
=>0x00000240b8e1cb00 JavaThread "C2 CompilerThread0"         daemon [_thread_in_native, id=8664, stack(0x000000936b300000,0x000000936b400000) (1024K)]
  0x00000240b8e99060 JavaThread "C1 CompilerThread0"         daemon [_thread_blocked, id=1160, stack(0x000000936b400000,0x000000936b500000) (1024K)]
  0x00000240b8ece3a0 JavaThread "Common-Cleaner"             daemon [_thread_blocked, id=14828, stack(0x000000936b500000,0x000000936b600000) (1024K)]
  0x00000240fad35c20 JavaThread "Notification Thread"        daemon [_thread_blocked, id=10260, stack(0x000000936b600000,0x000000936b700000) (1024K)]
  0x00000240ff5d7bc0 JavaThread "Active Thread: Equinox Container: 46713bbd-84fc-4666-8786-009a49016857"        [_thread_blocked, id=15136, stack(0x000000936bb00000,0x000000936bc00000) (1024K)]
  0x00000240ff3de600 JavaThread "Refresh Thread: Equinox Container: 46713bbd-84fc-4666-8786-009a49016857" daemon [_thread_blocked, id=5444, stack(0x000000936ba00000,0x000000936bb00000) (1024K)]
  0x00000240ff3da400 JavaThread "Framework Event Dispatcher: Equinox Container: 46713bbd-84fc-4666-8786-009a49016857" daemon [_thread_blocked, id=16184, stack(0x000000936bc00000,0x000000936bd00000) (1024K)]
  0x00000240ff3dae30 JavaThread "Start Level: Equinox Container: 46713bbd-84fc-4666-8786-009a49016857" daemon [_thread_blocked, id=17228, stack(0x000000936bd00000,0x000000936be00000) (1024K)]
  0x00000240ff638470 JavaThread "Bundle File Closer"         daemon [_thread_blocked, id=2080, stack(0x000000936be00000,0x000000936bf00000) (1024K)]
  0x00000240b8e797a0 JavaThread "SCR Component Actor"        daemon [_thread_blocked, id=8820, stack(0x000000936bf00000,0x000000936c000000) (1024K)]
  0x00000240ff280520 JavaThread "Worker-JM"                         [_thread_blocked, id=15248, stack(0x000000936c200000,0x000000936c300000) (1024K)]
  0x00000240ff27eae0 JavaThread "JNA Cleaner"                daemon [_thread_blocked, id=14724, stack(0x000000936c300000,0x000000936c400000) (1024K)]
  0x00000240ff27f170 JavaThread "Java indexing"              daemon [_thread_blocked, id=1428, stack(0x000000936c600000,0x000000936c700000) (1024K)]
  0x0000024081d27ed0 JavaThread "Thread-2"                   daemon [_thread_in_native, id=6636, stack(0x000000936cb00000,0x000000936cc00000) (1024K)]
  0x0000024081d26490 JavaThread "Thread-3"                   daemon [_thread_in_native, id=7784, stack(0x000000936cc00000,0x000000936cd00000) (1024K)]
  0x0000024081d28560 JavaThread "Thread-4"                   daemon [_thread_in_native, id=13232, stack(0x000000936cd00000,0x000000936ce00000) (1024K)]
  0x0000024081d250e0 JavaThread "Thread-5"                   daemon [_thread_in_native, id=16736, stack(0x000000936ce00000,0x000000936cf00000) (1024K)]
  0x0000024081d25e00 JavaThread "Thread-6"                   daemon [_thread_in_native, id=12368, stack(0x000000936cf00000,0x000000936d000000) (1024K)]
  0x0000024081d28bf0 JavaThread "pool-2-thread-1"                   [_thread_blocked, id=9388, stack(0x000000936d000000,0x000000936d100000) (1024K)]
  0x0000024081d25770 JavaThread "WorkspaceEventsHandler"            [_thread_blocked, id=14712, stack(0x000000936d400000,0x000000936d500000) (1024K)]
  0x0000024081d29280 JavaThread "pool-1-thread-1"                   [_thread_blocked, id=11228, stack(0x000000936d500000,0x000000936d600000) (1024K)]
  0x0000024080f58550 JavaThread "Worker-9"                          [_thread_blocked, id=2424, stack(0x000000936e100000,0x000000936e200000) (1024K)]
  0x0000024080f58be0 JavaThread "Java Debug Server"          daemon [_thread_in_native, id=6900, stack(0x000000936a800000,0x000000936a900000) (1024K)]
  0x0000024080f59270 JavaThread "pool-5-thread-1"                   [_thread_in_native, id=11168, stack(0x000000936e400000,0x000000936e500000) (1024K)]
  0x0000024080f59900 JavaThread "RxSchedulerPurge-1"         daemon [_thread_blocked, id=13904, stack(0x000000936e500000,0x000000936e600000) (1024K)]
  0x0000024080f5a620 JavaThread "RxCachedWorkerPoolEvictor-1" daemon [_thread_blocked, id=10660, stack(0x000000936e600000,0x000000936e700000) (1024K)]
  0x0000024080f571a0 JavaThread "RxNewThreadScheduler-1"     daemon [_thread_blocked, id=16288, stack(0x000000936e700000,0x000000936e800000) (1024K)]
  0x0000024080f5d410 JavaThread "process reaper (pid 8080)"  daemon [_thread_in_native, id=8964, stack(0x000000936a330000,0x000000936a350000) (128K)]
  0x0000024080f5acb0 JavaThread "Worker-10"                         [_thread_blocked, id=17512, stack(0x000000936a700000,0x000000936a800000) (1024K)]
  0x0000024080f57830 JavaThread "ForkJoinPool.commonPool-worker-6" daemon [_thread_in_Java, id=19396, stack(0x000000936c000000,0x000000936c100000) (1024K)]
Total: 37

Other Threads:
  0x00000240b8e0f0f0 VMThread "VM Thread"                           [id=2644, stack(0x000000936ac00000,0x000000936ad00000) (1024K)]
  0x00000240b8daca00 WatcherThread "VM Periodic Task Thread"        [id=10776, stack(0x000000936ab00000,0x000000936ac00000) (1024K)]
  0x00000240a4b03a50 WorkerThread "GC Thread#0"                     [id=11692, stack(0x000000936aa00000,0x000000936ab00000) (1024K)]
  0x00000240fae95a00 WorkerThread "GC Thread#1"                     [id=10048, stack(0x000000936b700000,0x000000936b800000) (1024K)]
  0x00000240ff119380 WorkerThread "GC Thread#2"                     [id=2068, stack(0x000000936b800000,0x000000936b900000) (1024K)]
  0x00000240ff21cb00 WorkerThread "GC Thread#3"                     [id=13436, stack(0x000000936b900000,0x000000936ba00000) (1024K)]
Total: 6

Threads with active compile tasks:
C2 CompilerThread0  4572685 15779   !   4       org.eclipse.jdt.internal.core.SearchableEnvironment::hasSubPackageInUnnamedModule (132 bytes)
Total: 1

VM state: not at safepoint (normal execution)

VM Mutex/Monitor currently owned by a thread: None

Heap address: 0x00000000c0000000, size: 1024 MB, Compressed Oops mode: 32-bit

CDS archive(s) mapped at: [0x00000240b9000000-0x00000240b9ba0000-0x00000240b9ba0000), size 12189696, SharedBaseAddress: 0x00000240b9000000, ArchiveRelocationMode: 1.
Compressed class space mapped at: 0x00000240ba000000-0x00000240fa000000, reserved size: 1073741824
Narrow klass base: 0x00000240b9000000, Narrow klass shift: 0, Narrow klass range: 0x100000000

GC Precious Log:
 CardTable entry size: 512
 CPUs: 4 total, 4 available
 Memory: 8024M
 Large Page Support: Disabled
 NUMA Support: Disabled
 Compressed Oops: Enabled (32-bit)
 Alignments: Space 512K, Generation 512K, Heap 2M
 Heap Min Capacity: 100M
 Heap Initial Capacity: 100M
 Heap Max Capacity: 1G
 Pre-touch: Disabled
 Parallel Workers: 4

Heap:
 PSYoungGen      total 4608K, used 1803K [0x00000000eab00000, 0x00000000eb180000, 0x0000000100000000)
  eden space 4096K, 31% used [0x00000000eab00000,0x00000000eac45b30,0x00000000eaf00000)
  from space 512K, 97% used [0x00000000eb000000,0x00000000eb07d220,0x00000000eb080000)
  to   space 1024K, 0% used [0x00000000eaf00000,0x00000000eaf00000,0x00000000eb000000)
 ParOldGen       total 263680K, used 261666K [0x00000000c0000000, 0x00000000d0180000, 0x00000000eab00000)
  object space 263680K, 99% used [0x00000000c0000000,0x00000000cff88af0,0x00000000d0180000)
 Metaspace       used 77867K, committed 79552K, reserved 1179648K
  class space    used 8085K, committed 8832K, reserved 1048576K

Card table byte_map: [0x00000240a4390000,0x00000240a45a0000] _byte_map_base: 0x00000240a3d90000

Marking Bits: (ParMarkBitMap*) 0x00007ffc494e3260
 Begin Bits: [0x00000240b6cd0000, 0x00000240b7cd0000)
 End Bits:   [0x00000240b7cd0000, 0x00000240b8cd0000)

Polling page: 0x00000240a2850000

Metaspace:

Usage:
  Non-class:     68.15 MB used.
      Class:      7.90 MB used.
       Both:     76.04 MB used.

Virtual space:
  Non-class space:      128.00 MB reserved,      69.06 MB ( 54%) committed,  2 nodes.
      Class space:        1.00 GB reserved,       8.62 MB ( <1%) committed,  1 nodes.
             Both:        1.12 GB reserved,      77.69 MB (  7%) committed. 

Chunk freelists:
   Non-Class:  10.78 MB
       Class:  7.40 MB
        Both:  18.18 MB

MaxMetaspaceSize: unlimited
CompressedClassSpaceSize: 1.00 GB
Initial GC threshold: 21.00 MB
Current GC threshold: 123.56 MB
CDS: on
 - commit_granule_bytes: 65536.
 - commit_granule_words: 8192.
 - virtual_space_node_default_size: 8388608.
 - enlarge_chunks_in_place: 1.
 - use_allocation_guard: 0.


Internal statistics:

num_allocs_failed_limit: 9.
num_arena_births: 1488.
num_arena_deaths: 14.
num_vsnodes_births: 3.
num_vsnodes_deaths: 0.
num_space_committed: 1243.
num_space_uncommitted: 0.
num_chunks_returned_to_freelist: 23.
num_chunks_taken_from_freelist: 5120.
num_chunk_merges: 9.
num_chunk_splits: 3095.
num_chunks_enlarged: 1716.
num_inconsistent_stats: 0.

CodeHeap 'non-profiled nmethods': size=120000Kb used=12944Kb max_used=14151Kb free=107056Kb
 bounds [0x00000240af7a0000, 0x00000240b0580000, 0x00000240b6cd0000]
CodeHeap 'profiled nmethods': size=120000Kb used=31946Kb max_used=35277Kb free=88053Kb
 bounds [0x00000240a7cd0000, 0x00000240a9f50000, 0x00000240af200000]
CodeHeap 'non-nmethods': size=5760Kb used=1513Kb max_used=1653Kb free=4246Kb
 bounds [0x00000240af200000, 0x00000240af470000, 0x00000240af7a0000]
 total_blobs=14600 nmethods=13764 adapters=739
 compilation: enabled
              stopped_count=0, restarted_count=0
 full_count=0

Compilation events (20 events):
Event: 4571.345 Thread 0x00000240b8e1cb00 nmethod 15769 0x00000240afd70c90 code [0x00000240afd71020, 0x00000240afd729b0]
Event: 4571.624 Thread 0x00000240b8e1cb00 15770       4       org.eclipse.jdt.internal.compiler.impl.IrritantSet::set (23 bytes)
Event: 4571.625 Thread 0x00000240b8e1cb00 nmethod 15770 0x00000240af7dfc90 code [0x00000240af7dfe20, 0x00000240af7dff08]
Event: 4571.743 Thread 0x00000240b8e99060 15771       3       org.eclipse.jdt.internal.compiler.ast.SingleMemberAnnotation::<init> (23 bytes)
Event: 4571.750 Thread 0x00000240b8e99060 nmethod 15771 0x00000240a8404b90 code [0x00000240a8404d60, 0x00000240a84050a8]
Event: 4571.750 Thread 0x00000240b8e99060 15772       3       org.eclipse.jdt.internal.compiler.ast.ArrayTypeReference::<init> (25 bytes)
Event: 4571.751 Thread 0x00000240b8e99060 nmethod 15772 0x00000240a8802d90 code [0x00000240a8802f40, 0x00000240a88030c0]
Event: 4571.919 Thread 0x00000240b8e1cb00 15773   !   4       org.eclipse.jdt.internal.core.NameLookup::seekModule (267 bytes)
Event: 4571.950 Thread 0x00000240b8e1cb00 nmethod 15773 0x00000240afe4f710 code [0x00000240afe4f9c0, 0x00000240afe50e30]
Event: 4572.021 Thread 0x00000240b8e1cb00 15774       4       org.eclipse.jdt.internal.compiler.lookup.PackageBinding::problemId (17 bytes)
Event: 4572.022 Thread 0x00000240b8e1cb00 nmethod 15774 0x00000240afe4f410 code [0x00000240afe4f5a0, 0x00000240afe4f660]
Event: 4572.201 Thread 0x00000240b8e1cb00 15775       4       org.eclipse.jdt.internal.compiler.lookup.ModuleBinding::completeIfNeeded (53 bytes)
Event: 4572.206 Thread 0x00000240b8e1cb00 nmethod 15775 0x00000240af7df790 code [0x00000240af7df940, 0x00000240af7dfb00]
Event: 4572.230 Thread 0x00000240b8e99060 15776       3       java.util.stream.AbstractPipeline::sourceSpliterator (265 bytes)
Event: 4572.245 Thread 0x00000240b8e99060 nmethod 15776 0x00000240a89cc910 code [0x00000240a89ccb80, 0x00000240a89cd8a8]
Event: 4572.266 Thread 0x00000240b8e1cb00 15777       4       org.eclipse.jdt.internal.core.util.Util::splitOn (134 bytes)
Event: 4572.288 Thread 0x00000240b8e1cb00 nmethod 15777 0x00000240afa54710 code [0x00000240afa54980, 0x00000240afa55e00]
Event: 4572.470 Thread 0x00000240b8e1cb00 15778       4       org.eclipse.jdt.internal.compiler.classfmt.ClassFileReader::getMemberTypes (151 bytes)
Event: 4572.528 Thread 0x00000240b8e1cb00 nmethod 15778 0x00000240af7dd990 code [0x00000240af7ddbe0, 0x00000240af7ded88]
Event: 4572.528 Thread 0x00000240b8e1cb00 15779   !   4       org.eclipse.jdt.internal.core.SearchableEnvironment::hasSubPackageInUnnamedModule (132 bytes)

GC Heap History (20 events):
Event: 93.372 GC heap before
{Heap before GC invocations=1742 (full 4):
 PSYoungGen      total 5120K, used 4812K [0x00000000eab00000, 0x00000000eb080000, 0x0000000100000000)
  eden space 4608K, 100% used [0x00000000eab00000,0x00000000eaf80000,0x00000000eaf80000)
  from space 512K, 39% used [0x00000000eb000000,0x00000000eb033328,0x00000000eb080000)
  to   space 512K, 0% used [0x00000000eaf80000,0x00000000eaf80000,0x00000000eb000000)
 ParOldGen       total 263680K, used 260535K [0x00000000c0000000, 0x00000000d0180000, 0x00000000eab00000)
  object space 263680K, 98% used [0x00000000c0000000,0x00000000cfe6dd00,0x00000000d0180000)
 Metaspace       used 74657K, committed 76352K, reserved 1179648K
  class space    used 7666K, committed 8448K, reserved 1048576K
}
Event: 93.373 GC heap after
{Heap after GC invocations=1742 (full 4):
 PSYoungGen      total 5120K, used 192K [0x00000000eab00000, 0x00000000eb080000, 0x0000000100000000)
  eden space 4608K, 0% used [0x00000000eab00000,0x00000000eab00000,0x00000000eaf80000)
  from space 512K, 37% used [0x00000000eaf80000,0x00000000eafb0000,0x00000000eb000000)
  to   space 512K, 0% used [0x00000000eb000000,0x00000000eb000000,0x00000000eb080000)
 ParOldGen       total 263680K, used 260567K [0x00000000c0000000, 0x00000000d0180000, 0x00000000eab00000)
  object space 263680K, 98% used [0x00000000c0000000,0x00000000cfe75d00,0x00000000d0180000)
 Metaspace       used 74657K, committed 76352K, reserved 1179648K
  class space    used 7666K, committed 8448K, reserved 1048576K
}
Event: 93.446 GC heap before
{Heap before GC invocations=1743 (full 4):
 PSYoungGen      total 5120K, used 4800K [0x00000000eab00000, 0x00000000eb080000, 0x0000000100000000)
  eden space 4608K, 100% used [0x00000000eab00000,0x00000000eaf80000,0x00000000eaf80000)
  from space 512K, 37% used [0x00000000eaf80000,0x00000000eafb0000,0x00000000eb000000)
  to   space 512K, 0% used [0x00000000eb000000,0x00000000eb000000,0x00000000eb080000)
 ParOldGen       total 263680K, used 260567K [0x00000000c0000000, 0x00000000d0180000, 0x00000000eab00000)
  object space 263680K, 98% used [0x00000000c0000000,0x00000000cfe75d00,0x00000000d0180000)
 Metaspace       used 75391K, committed 77056K, reserved 1179648K
  class space    used 7732K, committed 8512K, reserved 1048576K
}
Event: 93.448 GC heap after
{Heap after GC invocations=1743 (full 4):
 PSYoungGen      total 5120K, used 305K [0x00000000eab00000, 0x00000000eb080000, 0x0000000100000000)
  eden space 4608K, 0% used [0x00000000eab00000,0x00000000eab00000,0x00000000eaf80000)
  from space 512K, 59% used [0x00000000eb000000,0x00000000eb04c500,0x00000000eb080000)
  to   space 512K, 0% used [0x00000000eaf80000,0x00000000eaf80000,0x00000000eb000000)
 ParOldGen       total 263680K, used 260655K [0x00000000c0000000, 0x00000000d0180000, 0x00000000eab00000)
  object space 263680K, 98% used [0x00000000c0000000,0x00000000cfe8bd00,0x00000000d0180000)
 Metaspace       used 75391K, committed 77056K, reserved 1179648K
  class space    used 7732K, committed 8512K, reserved 1048576K
}
Event: 93.489 GC heap before
{Heap before GC invocations=1744 (full 4):
 PSYoungGen      total 5120K, used 4879K [0x00000000eab00000, 0x00000000eb080000, 0x0000000100000000)
  eden space 4608K, 99% used [0x00000000eab00000,0x00000000eaf77728,0x00000000eaf80000)
  from space 512K, 59% used [0x00000000eb000000,0x00000000eb04c500,0x00000000eb080000)
  to   space 512K, 0% used [0x00000000eaf80000,0x00000000eaf80000,0x00000000eb000000)
 ParOldGen       total 263680K, used 260655K [0x00000000c0000000, 0x00000000d0180000, 0x00000000eab00000)
  object space 263680K, 98% used [0x00000000c0000000,0x00000000cfe8bd00,0x00000000d0180000)
 Metaspace       used 75900K, committed 77568K, reserved 1179648K
  class space    used 7797K, committed 8576K, reserved 1048576K
}
Event: 93.490 GC heap after
{Heap after GC invocations=1744 (full 4):
 PSYoungGen      total 5120K, used 188K [0x00000000eab00000, 0x00000000eb080000, 0x0000000100000000)
  eden space 4608K, 0% used [0x00000000eab00000,0x00000000eab00000,0x00000000eaf80000)
  from space 512K, 36% used [0x00000000eaf80000,0x00000000eafaf220,0x00000000eb000000)
  to   space 512K, 0% used [0x00000000eb000000,0x00000000eb000000,0x00000000eb080000)
 ParOldGen       total 263680K, used 260854K [0x00000000c0000000, 0x00000000d0180000, 0x00000000eab00000)
  object space 263680K, 98% used [0x00000000c0000000,0x00000000cfebd800,0x00000000d0180000)
 Metaspace       used 75900K, committed 77568K, reserved 1179648K
  class space    used 7797K, committed 8576K, reserved 1048576K
}
Event: 93.543 GC heap before
{Heap before GC invocations=1745 (full 4):
 PSYoungGen      total 5120K, used 4796K [0x00000000eab00000, 0x00000000eb080000, 0x0000000100000000)
  eden space 4608K, 100% used [0x00000000eab00000,0x00000000eaf80000,0x00000000eaf80000)
  from space 512K, 36% used [0x00000000eaf80000,0x00000000eafaf220,0x00000000eb000000)
  to   space 512K, 0% used [0x00000000eb000000,0x00000000eb000000,0x00000000eb080000)
 ParOldGen       total 263680K, used 260854K [0x00000000c0000000, 0x00000000d0180000, 0x00000000eab00000)
  object space 263680K, 98% used [0x00000000c0000000,0x00000000cfebd800,0x00000000d0180000)
 Metaspace       used 76395K, committed 78016K, reserved 1179648K
  class space    used 7886K, committed 8640K, reserved 1048576K
}
Event: 93.544 GC heap after
{Heap after GC invocations=1745 (full 4):
 PSYoungGen      total 5120K, used 208K [0x00000000eab00000, 0x00000000eb080000, 0x0000000100000000)
  eden space 4608K, 0% used [0x00000000eab00000,0x00000000eab00000,0x00000000eaf80000)
  from space 512K, 40% used [0x00000000eb000000,0x00000000eb034010,0x00000000eb080000)
  to   space 512K, 0% used [0x00000000eaf80000,0x00000000eaf80000,0x00000000eb000000)
 ParOldGen       total 263680K, used 260910K [0x00000000c0000000, 0x00000000d0180000, 0x00000000eab00000)
  object space 263680K, 98% used [0x00000000c0000000,0x00000000cfecb800,0x00000000d0180000)
 Metaspace       used 76395K, committed 78016K, reserved 1179648K
  class space    used 7886K, committed 8640K, reserved 1048576K
}
Event: 93.588 GC heap before
{Heap before GC invocations=1746 (full 4):
 PSYoungGen      total 5120K, used 4816K [0x00000000eab00000, 0x00000000eb080000, 0x0000000100000000)
  eden space 4608K, 100% used [0x00000000eab00000,0x00000000eaf80000,0x00000000eaf80000)
  from space 512K, 40% used [0x00000000eb000000,0x00000000eb034010,0x00000000eb080000)
  to   space 512K, 0% used [0x00000000eaf80000,0x00000000eaf80000,0x00000000eb000000)
 ParOldGen       total 263680K, used 260910K [0x00000000c0000000, 0x00000000d0180000, 0x00000000eab00000)
  object space 263680K, 98% used [0x00000000c0000000,0x00000000cfecb800,0x00000000d0180000)
 Metaspace       used 76827K, committed 78528K, reserved 1179648K
  class space    used 7978K, committed 8768K, reserved 1048576K
}
Event: 93.589 GC heap after
{Heap after GC invocations=1746 (full 4):
 PSYoungGen      total 5120K, used 160K [0x00000000eab00000, 0x00000000eb080000, 0x0000000100000000)
  eden space 4608K, 0% used [0x00000000eab00000,0x00000000eab00000,0x00000000eaf80000)
  from space 512K, 31% used [0x00000000eaf80000,0x00000000eafa8000,0x00000000eb000000)
  to   space 512K, 0% used [0x00000000eb000000,0x00000000eb000000,0x00000000eb080000)
 ParOldGen       total 263680K, used 261022K [0x00000000c0000000, 0x00000000d0180000, 0x00000000eab00000)
  object space 263680K, 98% used [0x00000000c0000000,0x00000000cfee7830,0x00000000d0180000)
 Metaspace       used 76827K, committed 78528K, reserved 1179648K
  class space    used 7978K, committed 8768K, reserved 1048576K
}
Event: 94.642 GC heap before
{Heap before GC invocations=1747 (full 4):
 PSYoungGen      total 5120K, used 4752K [0x00000000eab00000, 0x00000000eb080000, 0x0000000100000000)
  eden space 4608K, 99% used [0x00000000eab00000,0x00000000eaf7c2d0,0x00000000eaf80000)
  from space 512K, 31% used [0x00000000eaf80000,0x00000000eafa8000,0x00000000eb000000)
  to   space 512K, 0% used [0x00000000eb000000,0x00000000eb000000,0x00000000eb080000)
 ParOldGen       total 263680K, used 261022K [0x00000000c0000000, 0x00000000d0180000, 0x00000000eab00000)
  object space 263680K, 98% used [0x00000000c0000000,0x00000000cfee7830,0x00000000d0180000)
 Metaspace       used 77436K, committed 79168K, reserved 1179648K
  class space    used 8043K, committed 8832K, reserved 1048576K
}
Event: 94.643 GC heap after
{Heap after GC invocations=1747 (full 4):
 PSYoungGen      total 5120K, used 256K [0x00000000eab00000, 0x00000000eb080000, 0x0000000100000000)
  eden space 4608K, 0% used [0x00000000eab00000,0x00000000eab00000,0x00000000eaf80000)
  from space 512K, 50% used [0x00000000eb000000,0x00000000eb040000,0x00000000eb080000)
  to   space 512K, 0% used [0x00000000eaf80000,0x00000000eaf80000,0x00000000eb000000)
 ParOldGen       total 263680K, used 261102K [0x00000000c0000000, 0x00000000d0180000, 0x00000000eab00000)
  object space 263680K, 99% used [0x00000000c0000000,0x00000000cfefb830,0x00000000d0180000)
 Metaspace       used 77436K, committed 79168K, reserved 1179648K
  class space    used 8043K, committed 8832K, reserved 1048576K
}
Event: 2246.659 GC heap before
{Heap before GC invocations=1748 (full 4):
 PSYoungGen      total 5120K, used 4864K [0x00000000eab00000, 0x00000000eb080000, 0x0000000100000000)
  eden space 4608K, 100% used [0x00000000eab00000,0x00000000eaf80000,0x00000000eaf80000)
  from space 512K, 50% used [0x00000000eb000000,0x00000000eb040000,0x00000000eb080000)
  to   space 512K, 0% used [0x00000000eaf80000,0x00000000eaf80000,0x00000000eb000000)
 ParOldGen       total 263680K, used 261102K [0x00000000c0000000, 0x00000000d0180000, 0x00000000eab00000)
  object space 263680K, 99% used [0x00000000c0000000,0x00000000cfefb830,0x00000000d0180000)
 Metaspace       used 77818K, committed 79488K, reserved 1179648K
  class space    used 8085K, committed 8832K, reserved 1048576K
}
Event: 2247.151 GC heap after
{Heap after GC invocations=1748 (full 4):
 PSYoungGen      total 5120K, used 336K [0x00000000eab00000, 0x00000000eb080000, 0x0000000100000000)
  eden space 4608K, 0% used [0x00000000eab00000,0x00000000eab00000,0x00000000eaf80000)
  from space 512K, 65% used [0x00000000eaf80000,0x00000000eafd4030,0x00000000eb000000)
  to   space 512K, 0% used [0x00000000eb000000,0x00000000eb000000,0x00000000eb080000)
 ParOldGen       total 263680K, used 261278K [0x00000000c0000000, 0x00000000d0180000, 0x00000000eab00000)
  object space 263680K, 99% used [0x00000000c0000000,0x00000000cff27840,0x00000000d0180000)
 Metaspace       used 77818K, committed 79488K, reserved 1179648K
  class space    used 8085K, committed 8832K, reserved 1048576K
}
Event: 3038.562 GC heap before
{Heap before GC invocations=1749 (full 4):
 PSYoungGen      total 5120K, used 4944K [0x00000000eab00000, 0x00000000eb080000, 0x0000000100000000)
  eden space 4608K, 100% used [0x00000000eab00000,0x00000000eaf80000,0x00000000eaf80000)
  from space 512K, 65% used [0x00000000eaf80000,0x00000000eafd4030,0x00000000eb000000)
  to   space 512K, 0% used [0x00000000eb000000,0x00000000eb000000,0x00000000eb080000)
 ParOldGen       total 263680K, used 261278K [0x00000000c0000000, 0x00000000d0180000, 0x00000000eab00000)
  object space 263680K, 99% used [0x00000000c0000000,0x00000000cff27840,0x00000000d0180000)
 Metaspace       used 77832K, committed 79488K, reserved 1179648K
  class space    used 8085K, committed 8832K, reserved 1048576K
}
Event: 3038.567 GC heap after
{Heap after GC invocations=1749 (full 4):
 PSYoungGen      total 5120K, used 64K [0x00000000eab00000, 0x00000000eb080000, 0x0000000100000000)
  eden space 4608K, 0% used [0x00000000eab00000,0x00000000eab00000,0x00000000eaf80000)
  from space 512K, 12% used [0x00000000eb000000,0x00000000eb010000,0x00000000eb080000)
  to   space 512K, 0% used [0x00000000eaf80000,0x00000000eaf80000,0x00000000eb000000)
 ParOldGen       total 263680K, used 261430K [0x00000000c0000000, 0x00000000d0180000, 0x00000000eab00000)
  object space 263680K, 99% used [0x00000000c0000000,0x00000000cff4d840,0x00000000d0180000)
 Metaspace       used 77832K, committed 79488K, reserved 1179648K
  class space    used 8085K, committed 8832K, reserved 1048576K
}
Event: 3475.337 GC heap before
{Heap before GC invocations=1750 (full 4):
 PSYoungGen      total 5120K, used 4672K [0x00000000eab00000, 0x00000000eb080000, 0x0000000100000000)
  eden space 4608K, 100% used [0x00000000eab00000,0x00000000eaf80000,0x00000000eaf80000)
  from space 512K, 12% used [0x00000000eb000000,0x00000000eb010000,0x00000000eb080000)
  to   space 512K, 0% used [0x00000000eaf80000,0x00000000eaf80000,0x00000000eb000000)
 ParOldGen       total 263680K, used 261430K [0x00000000c0000000, 0x00000000d0180000, 0x00000000eab00000)
  object space 263680K, 99% used [0x00000000c0000000,0x00000000cff4d840,0x00000000d0180000)
 Metaspace       used 77845K, committed 79488K, reserved 1179648K
  class space    used 8085K, committed 8832K, reserved 1048576K
}
Event: 3475.344 GC heap after
{Heap after GC invocations=1750 (full 4):
 PSYoungGen      total 5120K, used 288K [0x00000000eab00000, 0x00000000eb080000, 0x0000000100000000)
  eden space 4608K, 0% used [0x00000000eab00000,0x00000000eab00000,0x00000000eaf80000)
  from space 512K, 56% used [0x00000000eaf80000,0x00000000eafc8020,0x00000000eb000000)
  to   space 512K, 0% used [0x00000000eb000000,0x00000000eb000000,0x00000000eb080000)
 ParOldGen       total 263680K, used 261454K [0x00000000c0000000, 0x00000000d0180000, 0x00000000eab00000)
  object space 263680K, 99% used [0x00000000c0000000,0x00000000cff53840,0x00000000d0180000)
 Metaspace       used 77845K, committed 79488K, reserved 1179648K
  class space    used 8085K, committed 8832K, reserved 1048576K
}
Event: 4572.230 GC heap before
{Heap before GC invocations=1751 (full 4):
 PSYoungGen      total 5120K, used 4896K [0x00000000eab00000, 0x00000000eb080000, 0x0000000100000000)
  eden space 4608K, 100% used [0x00000000eab00000,0x00000000eaf80000,0x00000000eaf80000)
  from space 512K, 56% used [0x00000000eaf80000,0x00000000eafc8020,0x00000000eb000000)
  to   space 512K, 0% used [0x00000000eb000000,0x00000000eb000000,0x00000000eb080000)
 ParOldGen       total 263680K, used 261454K [0x00000000c0000000, 0x00000000d0180000, 0x00000000eab00000)
  object space 263680K, 99% used [0x00000000c0000000,0x00000000cff53840,0x00000000d0180000)
 Metaspace       used 77867K, committed 79552K, reserved 1179648K
  class space    used 8085K, committed 8832K, reserved 1048576K
}
Event: 4572.243 GC heap after
{Heap after GC invocations=1751 (full 4):
 PSYoungGen      total 4608K, used 500K [0x00000000eab00000, 0x00000000eb180000, 0x0000000100000000)
  eden space 4096K, 0% used [0x00000000eab00000,0x00000000eab00000,0x00000000eaf00000)
  from space 512K, 97% used [0x00000000eb000000,0x00000000eb07d220,0x00000000eb080000)
  to   space 1024K, 0% used [0x00000000eaf00000,0x00000000eaf00000,0x00000000eb000000)
 ParOldGen       total 263680K, used 261666K [0x00000000c0000000, 0x00000000d0180000, 0x00000000eab00000)
  object space 263680K, 99% used [0x00000000c0000000,0x00000000cff88af0,0x00000000d0180000)
 Metaspace       used 77867K, committed 79552K, reserved 1179648K
  class space    used 8085K, committed 8832K, reserved 1048576K
}

Dll operation events (12 events):
Event: 0.803 Loaded shared library c:\Users\student\.vscode\extensions\redhat.java-1.40.0-win32-x64\jre\21.0.6-win32-x86_64\bin\java.dll
Event: 0.985 Loaded shared library c:\Users\student\.vscode\extensions\redhat.java-1.40.0-win32-x64\jre\21.0.6-win32-x86_64\bin\zip.dll
Event: 1.011 Loaded shared library C:\Users\student\.vscode\extensions\redhat.java-1.40.0-win32-x64\jre\21.0.6-win32-x86_64\bin\instrument.dll
Event: 1.015 Loaded shared library C:\Users\student\.vscode\extensions\redhat.java-1.40.0-win32-x64\jre\21.0.6-win32-x86_64\bin\net.dll
Event: 1.018 Loaded shared library C:\Users\student\.vscode\extensions\redhat.java-1.40.0-win32-x64\jre\21.0.6-win32-x86_64\bin\nio.dll
Event: 1.029 Loaded shared library C:\Users\student\.vscode\extensions\redhat.java-1.40.0-win32-x64\jre\21.0.6-win32-x86_64\bin\zip.dll
Event: 1.118 Loaded shared library C:\Users\student\.vscode\extensions\redhat.java-1.40.0-win32-x64\jre\21.0.6-win32-x86_64\bin\jimage.dll
Event: 1.244 Loaded shared library c:\Users\student\.vscode\extensions\redhat.java-1.40.0-win32-x64\jre\21.0.6-win32-x86_64\bin\verify.dll
Event: 5.511 Loaded shared library C:\Users\student\AppData\Roaming\Code\User\globalStorage\redhat.java\1.40.0\config_win\org.eclipse.equinox.launcher\org.eclipse.equinox.launcher.win32.win32.x86_64_1.2.1200.v20250212-0927\eclipse_11909.dll
Event: 14.196 Loaded shared library C:\Users\student\AppData\Local\Temp\jna--1879145925\jna13518835947104585386.dll
Event: 16.102 Loaded shared library C:\Users\student\.vscode\extensions\redhat.java-1.40.0-win32-x64\jre\21.0.6-win32-x86_64\bin\sunmscapi.dll
Event: 16.277 Loaded shared library C:\Users\student\.vscode\extensions\redhat.java-1.40.0-win32-x64\jre\21.0.6-win32-x86_64\bin\extnet.dll

Deoptimization events (20 events):
Event: 318.202 Thread 0x0000024080f58550 DEOPT PACKING pc=0x00000240afdd8858 sp=0x000000936e1fea00
Event: 318.202 Thread 0x0000024080f58550 DEOPT UNPACKING pc=0x00000240af253aa2 sp=0x000000936e1fe930 mode 2
Event: 318.213 Thread 0x0000024080f58550 Uncommon trap: trap_request=0xffffffc6 fr.pc=0x00000240b0136778 relative=0x0000000000004d98
Event: 318.213 Thread 0x0000024080f58550 Uncommon trap: reason=bimorphic_or_optimized_type_check action=maybe_recompile pc=0x00000240b0136778 method=java.util.Properties.load0(Ljava/util/Properties$LineReader;)V @ 241 c2
Event: 318.213 Thread 0x0000024080f58550 DEOPT PACKING pc=0x00000240b0136778 sp=0x000000936e1febc0
Event: 318.213 Thread 0x0000024080f58550 DEOPT UNPACKING pc=0x00000240af253aa2 sp=0x000000936e1febf0 mode 2
Event: 318.213 Thread 0x0000024080f58550 Uncommon trap: trap_request=0xffffffc6 fr.pc=0x00000240b00aca8c relative=0x0000000000004eac
Event: 318.213 Thread 0x0000024080f58550 Uncommon trap: reason=bimorphic_or_optimized_type_check action=maybe_recompile pc=0x00000240b00aca8c method=java.util.Properties.load0(Ljava/util/Properties$LineReader;)V @ 241 c2
Event: 318.213 Thread 0x0000024080f58550 DEOPT PACKING pc=0x00000240b00aca8c sp=0x000000936e1febc0
Event: 318.213 Thread 0x0000024080f58550 DEOPT UNPACKING pc=0x00000240af253aa2 sp=0x000000936e1febf0 mode 2
Event: 3474.922 Thread 0x0000024080f58550 DEOPT PACKING pc=0x00000240a85b4f04 sp=0x000000936e1fe2e0
Event: 3474.923 Thread 0x0000024080f58550 DEOPT UNPACKING pc=0x00000240af254242 sp=0x000000936e1fd798 mode 0
Event: 3774.785 Thread 0x0000024080f5acb0 Uncommon trap: trap_request=0xffffff45 fr.pc=0x00000240afb73d78 relative=0x00000000000001b8
Event: 3774.786 Thread 0x0000024080f5acb0 Uncommon trap: reason=unstable_if action=reinterpret pc=0x00000240afb73d78 method=java.io.ObjectOutputStream$HandleTable.lookup(Ljava/lang/Object;)I @ 4 c2
Event: 3774.786 Thread 0x0000024080f5acb0 DEOPT PACKING pc=0x00000240afb73d78 sp=0x000000936a7fe890
Event: 3774.786 Thread 0x0000024080f5acb0 DEOPT UNPACKING pc=0x00000240af253aa2 sp=0x000000936a7fe820 mode 2
Event: 4571.919 Thread 0x0000024080f57830 DEOPT PACKING pc=0x00000240a9af4c81 sp=0x000000936c0fd920
Event: 4571.952 Thread 0x0000024080f57830 DEOPT UNPACKING pc=0x00000240af254242 sp=0x000000936c0fce50 mode 0
Event: 4572.503 Thread 0x0000024080f57830 DEOPT PACKING pc=0x00000240a7cd1f78 sp=0x000000936c0fd400
Event: 4572.503 Thread 0x0000024080f57830 DEOPT UNPACKING pc=0x00000240af254242 sp=0x000000936c0fc888 mode 0

Classes loaded (20 events):
Event: 95.058 Loading class java/lang/ProcessHandleImpl$1
Event: 95.058 Loading class java/lang/ProcessHandleImpl$1 done
Event: 95.059 Loading class java/util/concurrent/CompletableFuture$UniHandle
Event: 95.059 Loading class java/util/concurrent/CompletableFuture$UniHandle done
Event: 318.141 Loading class java/util/stream/Nodes$CollectorTask$OfRef
Event: 318.142 Loading class java/util/stream/Nodes$CollectorTask
Event: 318.143 Loading class java/util/stream/Nodes$CollectorTask done
Event: 318.143 Loading class java/util/stream/Nodes$CollectorTask$OfRef done
Event: 318.170 Loading class java/util/function/LongFunction
Event: 318.170 Loading class java/util/function/LongFunction done
Event: 318.170 Loading class java/util/stream/Nodes$ConcNode
Event: 318.170 Loading class java/util/stream/Nodes$AbstractConcNode
Event: 318.171 Loading class java/util/stream/Nodes$AbstractConcNode done
Event: 318.171 Loading class java/util/stream/Nodes$ConcNode done
Event: 318.179 Loading class java/io/ObjectOutputStream$BlockDataOutputStream
Event: 318.179 Loading class java/io/ObjectOutputStream$BlockDataOutputStream done
Event: 318.179 Loading class java/io/ObjectOutputStream$HandleTable
Event: 318.180 Loading class java/io/ObjectOutputStream$HandleTable done
Event: 318.180 Loading class java/io/ObjectOutputStream$ReplaceTable
Event: 318.180 Loading class java/io/ObjectOutputStream$ReplaceTable done

Classes unloaded (7 events):
Event: 14.774 Thread 0x00000240b8e0f0f0 Unloading class 0x00000240ba199400 'java/lang/invoke/LambdaForm$MH+0x00000240ba199400'
Event: 14.774 Thread 0x00000240b8e0f0f0 Unloading class 0x00000240ba199000 'java/lang/invoke/LambdaForm$MH+0x00000240ba199000'
Event: 14.774 Thread 0x00000240b8e0f0f0 Unloading class 0x00000240ba198c00 'java/lang/invoke/LambdaForm$MH+0x00000240ba198c00'
Event: 14.774 Thread 0x00000240b8e0f0f0 Unloading class 0x00000240ba198800 'java/lang/invoke/LambdaForm$MH+0x00000240ba198800'
Event: 14.774 Thread 0x00000240b8e0f0f0 Unloading class 0x00000240ba198400 'java/lang/invoke/LambdaForm$BMH+0x00000240ba198400'
Event: 14.774 Thread 0x00000240b8e0f0f0 Unloading class 0x00000240ba198000 'java/lang/invoke/LambdaForm$DMH+0x00000240ba198000'
Event: 14.774 Thread 0x00000240b8e0f0f0 Unloading class 0x00000240ba196c00 'java/lang/invoke/LambdaForm$DMH+0x00000240ba196c00'

Classes redefined (0 events):
No events

Internal exceptions (20 events):
Event: 93.009 Thread 0x00000240825f84e0 Exception <a 'java/lang/NoSuchMethodError'{0x00000000eadd01d8}: 'int java.lang.invoke.DirectMethodHandle$Holder.invokeStatic(java.lang.Object)'> (0x00000000eadd01d8) 
thrown [s\src\hotspot\share\interpreter\linkResolver.cpp, line 773]
Event: 93.134 Thread 0x00000240825f84e0 Exception <a 'sun/nio/fs/WindowsException'{0x00000000eab6d6f8}> (0x00000000eab6d6f8) 
thrown [s\src\hotspot\share\prims\jni.cpp, line 520]
Event: 93.134 Thread 0x00000240825f84e0 Exception <a 'sun/nio/fs/WindowsException'{0x00000000eab6dff8}> (0x00000000eab6dff8) 
thrown [s\src\hotspot\share\prims\jni.cpp, line 520]
Event: 93.135 Thread 0x00000240825f84e0 Exception <a 'sun/nio/fs/WindowsException'{0x00000000eab6ee38}> (0x00000000eab6ee38) 
thrown [s\src\hotspot\share\prims\jni.cpp, line 520]
Event: 93.135 Thread 0x00000240825f84e0 Exception <a 'sun/nio/fs/WindowsException'{0x00000000eab6f738}> (0x00000000eab6f738) 
thrown [s\src\hotspot\share\prims\jni.cpp, line 520]
Event: 93.135 Thread 0x00000240825f84e0 Exception <a 'sun/nio/fs/WindowsException'{0x00000000eab70f88}> (0x00000000eab70f88) 
thrown [s\src\hotspot\share\prims\jni.cpp, line 520]
Event: 93.135 Thread 0x00000240825f84e0 Exception <a 'sun/nio/fs/WindowsException'{0x00000000eab715d8}> (0x00000000eab715d8) 
thrown [s\src\hotspot\share\prims\jni.cpp, line 520]
Event: 93.139 Thread 0x00000240825f84e0 Exception <a 'sun/nio/fs/WindowsException'{0x00000000eab933d8}> (0x00000000eab933d8) 
thrown [s\src\hotspot\share\prims\jni.cpp, line 520]
Event: 93.139 Thread 0x00000240825f84e0 Exception <a 'sun/nio/fs/WindowsException'{0x00000000eab93cd8}> (0x00000000eab93cd8) 
thrown [s\src\hotspot\share\prims\jni.cpp, line 520]
Event: 93.422 Thread 0x0000024080f59270 Exception <a 'java/io/FileNotFoundException'{0x00000000ead42ee0}> (0x00000000ead42ee0) 
thrown [s\src\hotspot\share\prims\jni.cpp, line 520]
Event: 93.578 Thread 0x0000024080f59270 Exception <a 'java/lang/NoSuchMethodError'{0x00000000eae2d348}: 'java.lang.Object java.lang.invoke.DirectMethodHandle$Holder.invokeVirtual(java.lang.Object, java.lang.Object, java.lang.Object, java.lang.Object)'> (0x00000000eae2d348) 
thrown [s\src\hotspot\share\interpreter\linkResolver.cpp, line 773]
Event: 93.618 Thread 0x0000024080f571a0 Exception <a 'java/lang/NoSuchMethodError'{0x00000000eada9c40}: 'java.lang.Object java.lang.invoke.DirectMethodHandle$Holder.invokeStatic(java.lang.Object, long, java.lang.Object, java.lang.Object)'> (0x00000000eada9c40) 
thrown [s\src\hotspot\share\interpreter\linkResolver.cpp, line 773]
Event: 93.634 Thread 0x0000024080f571a0 Exception <a 'sun/nio/fs/WindowsException'{0x00000000eae59560}> (0x00000000eae59560) 
thrown [s\src\hotspot\share\prims\jni.cpp, line 520]
Event: 93.634 Thread 0x0000024080f571a0 Exception <a 'sun/nio/fs/WindowsException'{0x00000000eae5a5e8}> (0x00000000eae5a5e8) 
thrown [s\src\hotspot\share\prims\jni.cpp, line 520]
Event: 93.649 Thread 0x0000024080f571a0 Exception <a 'java/lang/NoSuchMethodError'{0x00000000eaed64a8}: 'void java.lang.invoke.DirectMethodHandle$Holder.invokeStatic(java.lang.Object, java.lang.Object, java.lang.Object, java.lang.Object, java.lang.Object, java.lang.Object, java.lang.Object)'> (0x00000000eaed64a8) 
thrown [s\src\hotspot\share\interpreter\linkResolver.cpp, line 773]
Event: 94.635 Thread 0x0000024080f5e130 Exception <a 'java/lang/NoSuchMethodError'{0x00000000eaf17918}: 'long java.lang.invoke.DelegatingMethodHandle$Holder.reinvoke_L(java.lang.Object, java.lang.Object)'> (0x00000000eaf17918) 
thrown [s\src\hotspot\share\interpreter\linkResolver.cpp, line 773]
Event: 94.636 Thread 0x0000024080f5e130 Exception <a 'java/lang/NoSuchMethodError'{0x00000000eaf21ac0}: 'void java.lang.invoke.DelegatingMethodHandle$Holder.reinvoke_L(java.lang.Object, java.lang.Object, long)'> (0x00000000eaf21ac0) 
thrown [s\src\hotspot\share\interpreter\linkResolver.cpp, line 773]
Event: 95.060 Thread 0x0000024080f5e130 Exception <a 'java/lang/NoSuchMethodError'{0x00000000eab7b978}: 'long java.lang.invoke.Invokers$Holder.invokeExact_MT(java.lang.Object, java.lang.Object, java.lang.Object)'> (0x00000000eab7b978) 
thrown [s\src\hotspot\share\interpreter\linkResolver.cpp, line 773]
Event: 318.200 Thread 0x0000024080f58550 Exception <a 'java/lang/NoSuchMethodError'{0x00000000eadb56b8}: static [J.<clinit>()V> (0x00000000eadb56b8) 
thrown [s\src\hotspot\share\prims\jni.cpp, line 1111]
Event: 318.205 Thread 0x0000024080f58550 Exception <a 'java/lang/NoSuchMethodError'{0x00000000eadf11f8}: 'java.lang.Object java.lang.invoke.DirectMethodHandle$Holder.newInvokeSpecial(java.lang.Object, java.lang.Object, java.lang.Object, java.lang.Object, java.lang.Object, java.lang.Object, java.lang.Object, java.lang.Object)'> (0x00000000eadf11f8) 
thrown [s\src\hotspot\share\interpreter\linkResolver.cpp, line 773]

ZGC Phase Switch (0 events):
No events

VM Operations (20 events):
Event: 3969.140 Executing VM operation: RendezvousGCThreads
Event: 3969.140 Executing VM operation: RendezvousGCThreads done
Event: 4149.621 Executing VM operation: HandshakeAllThreads (HandshakeForDeflation)
Event: 4149.621 Executing VM operation: HandshakeAllThreads (HandshakeForDeflation) done
Event: 4149.621 Executing VM operation: RendezvousGCThreads
Event: 4149.621 Executing VM operation: RendezvousGCThreads done
Event: 4269.865 Executing VM operation: HandshakeAllThreads (HandshakeForDeflation)
Event: 4269.865 Executing VM operation: HandshakeAllThreads (HandshakeForDeflation) done
Event: 4269.865 Executing VM operation: RendezvousGCThreads
Event: 4269.865 Executing VM operation: RendezvousGCThreads done
Event: 4450.337 Executing VM operation: HandshakeAllThreads (HandshakeForDeflation)
Event: 4450.337 Executing VM operation: HandshakeAllThreads (HandshakeForDeflation) done
Event: 4450.337 Executing VM operation: RendezvousGCThreads
Event: 4450.337 Executing VM operation: RendezvousGCThreads done
Event: 4558.357 Executing VM operation: Cleanup
Event: 4558.357 Executing VM operation: Cleanup done
Event: 4570.466 Executing VM operation: Cleanup
Event: 4571.299 Executing VM operation: Cleanup done
Event: 4572.230 Executing VM operation: ParallelGCFailedAllocation (Allocation Failure)
Event: 4572.243 Executing VM operation: ParallelGCFailedAllocation (Allocation Failure) done

Memory protections (0 events):
No events

Nmethod flushes (20 events):
Event: 83.410 Thread 0x00000240b8e0f0f0 flushing  nmethod 0x00000240a8d4df90
Event: 83.410 Thread 0x00000240b8e0f0f0 flushing  nmethod 0x00000240a8d7a090
Event: 83.410 Thread 0x00000240b8e0f0f0 flushing  nmethod 0x00000240a8d7ea10
Event: 83.410 Thread 0x00000240b8e0f0f0 flushing  nmethod 0x00000240a8d7f390
Event: 83.410 Thread 0x00000240b8e0f0f0 flushing  nmethod 0x00000240a8d90d90
Event: 83.410 Thread 0x00000240b8e0f0f0 flushing  nmethod 0x00000240a8da0110
Event: 83.410 Thread 0x00000240b8e0f0f0 flushing  nmethod 0x00000240a8da2510
Event: 83.410 Thread 0x00000240b8e0f0f0 flushing  nmethod 0x00000240a8da4490
Event: 83.410 Thread 0x00000240b8e0f0f0 flushing  nmethod 0x00000240a8da7310
Event: 83.410 Thread 0x00000240b8e0f0f0 flushing  nmethod 0x00000240a8db7390
Event: 83.410 Thread 0x00000240b8e0f0f0 flushing  nmethod 0x00000240a8dcfa90
Event: 83.410 Thread 0x00000240b8e0f0f0 flushing  nmethod 0x00000240a8ddfe10
Event: 83.410 Thread 0x00000240b8e0f0f0 flushing  nmethod 0x00000240a8e0cd90
Event: 83.410 Thread 0x00000240b8e0f0f0 flushing  nmethod 0x00000240a8e0d410
Event: 83.410 Thread 0x00000240b8e0f0f0 flushing  nmethod 0x00000240a8e0dd90
Event: 83.410 Thread 0x00000240b8e0f0f0 flushing  nmethod 0x00000240a8e0e590
Event: 83.410 Thread 0x00000240b8e0f0f0 flushing  nmethod 0x00000240a8e1d610
Event: 83.410 Thread 0x00000240b8e0f0f0 flushing  nmethod 0x00000240a8e36e10
Event: 83.410 Thread 0x00000240b8e0f0f0 flushing  nmethod 0x00000240a8e3be10
Event: 83.410 Thread 0x00000240b8e0f0f0 flushing  nmethod 0x00000240a8eaa890

Events (20 events):
Event: 299.256 Thread 0x00000240825f6aa0 Thread exited: 0x00000240825f6aa0
Event: 318.140 Thread 0x0000024080f58550 Thread added: 0x0000024080f5acb0
Event: 318.171 Thread 0x0000024080f5acb0 Thread exited: 0x0000024080f5acb0
Event: 318.228 Thread 0x00000240b8e1cb00 Thread added: 0x000002408ac276f0
Event: 323.337 Thread 0x000002408ac276f0 Thread exited: 0x000002408ac276f0
Event: 342.438 Thread 0x00000240825f3cb0 Thread exited: 0x00000240825f3cb0
Event: 342.641 Thread 0x00000240825f3620 Thread exited: 0x00000240825f3620
Event: 382.539 Thread 0x00000240825f2f90 Thread exited: 0x00000240825f2f90
Event: 382.539 Thread 0x00000240825f1be0 Thread exited: 0x00000240825f1be0
Event: 558.719 Thread 0x0000024081d29280 Thread added: 0x0000024080f5acb0
Event: 618.730 Thread 0x0000024080f5acb0 Thread exited: 0x0000024080f5acb0
Event: 2246.324 Thread 0x0000024081d29280 Thread added: 0x0000024080f5acb0
Event: 2247.690 Thread 0x00000240b8e99060 Thread added: 0x000002408ac276f0
Event: 2252.786 Thread 0x000002408ac276f0 Thread exited: 0x000002408ac276f0
Event: 2307.748 Thread 0x0000024080f5acb0 Thread exited: 0x0000024080f5acb0
Event: 3474.626 Thread 0x0000024081d25770 Thread added: 0x0000024080f5acb0
Event: 3534.837 Thread 0x0000024081d27840 Thread exited: 0x0000024081d27840
Event: 3774.773 Thread 0x0000024080f5acb0 Thread added: 0x0000024080f57830
Event: 3774.782 Thread 0x0000024080f57830 Thread exited: 0x0000024080f57830
Event: 4567.774 Thread 0x0000024081d29280 Thread added: 0x0000024080f57830


Dynamic libraries:
0x00007ff6dabb0000 - 0x00007ff6dabbe000 	c:\Users\student\.vscode\extensions\redhat.java-1.40.0-win32-x64\jre\21.0.6-win32-x86_64\bin\java.exe
0x00007ffc9bda0000 - 0x00007ffc9c003000 	C:\WINDOWS\SYSTEM32\ntdll.dll
0x00007ffc6bb10000 - 0x00007ffc6bb2a000 	C:\Program Files\Avast Software\Avast\aswhook.dll
0x00007ffc9a7e0000 - 0x00007ffc9a8a7000 	C:\WINDOWS\System32\KERNEL32.DLL
0x00007ffc98fd0000 - 0x00007ffc99399000 	C:\WINDOWS\System32\KERNELBASE.dll
0x00007ffc995d0000 - 0x00007ffc9971c000 	C:\WINDOWS\System32\ucrtbase.dll
0x00007ffc96060000 - 0x00007ffc96078000 	c:\Users\student\.vscode\extensions\redhat.java-1.40.0-win32-x64\jre\21.0.6-win32-x86_64\bin\jli.dll
0x00007ffc9bb50000 - 0x00007ffc9bd1a000 	C:\WINDOWS\System32\USER32.dll
0x00007ffc98fa0000 - 0x00007ffc98fc7000 	C:\WINDOWS\System32\win32u.dll
0x00007ffc99bc0000 - 0x00007ffc99bea000 	C:\WINDOWS\System32\GDI32.dll
0x00007ffc99870000 - 0x00007ffc999a1000 	C:\WINDOWS\System32\gdi32full.dll
0x00007ffc99720000 - 0x00007ffc997c3000 	C:\WINDOWS\System32\msvcp_win.dll
0x00007ffc93540000 - 0x00007ffc9355e000 	c:\Users\student\.vscode\extensions\redhat.java-1.40.0-win32-x64\jre\21.0.6-win32-x86_64\bin\VCRUNTIME140.dll
0x00007ffc797e0000 - 0x00007ffc79a70000 	C:\WINDOWS\WinSxS\amd64_microsoft.windows.common-controls_6595b64144ccf1df_6.0.26100.3323_none_3e088096e3344490\COMCTL32.dll
0x00007ffc99cf0000 - 0x00007ffc99d99000 	C:\WINDOWS\System32\msvcrt.dll
0x00007ffc9b830000 - 0x00007ffc9b85f000 	C:\WINDOWS\System32\IMM32.DLL
0x00007ffc8a960000 - 0x00007ffc8a96c000 	c:\Users\student\.vscode\extensions\redhat.java-1.40.0-win32-x64\jre\21.0.6-win32-x86_64\bin\vcruntime140_1.dll
0x00007ffc698d0000 - 0x00007ffc6995d000 	c:\Users\student\.vscode\extensions\redhat.java-1.40.0-win32-x64\jre\21.0.6-win32-x86_64\bin\msvcp140.dll
0x00007ffc48830000 - 0x00007ffc495c0000 	c:\Users\student\.vscode\extensions\redhat.java-1.40.0-win32-x64\jre\21.0.6-win32-x86_64\bin\server\jvm.dll
0x00007ffc9b960000 - 0x00007ffc9ba12000 	C:\WINDOWS\System32\ADVAPI32.dll
0x00007ffc9adf0000 - 0x00007ffc9ae96000 	C:\WINDOWS\System32\sechost.dll
0x00007ffc9a6c0000 - 0x00007ffc9a7d6000 	C:\WINDOWS\System32\RPCRT4.dll
0x00007ffc9ba20000 - 0x00007ffc9ba94000 	C:\WINDOWS\System32\WS2_32.dll
0x00007ffc98e30000 - 0x00007ffc98e7e000 	C:\WINDOWS\SYSTEM32\POWRPROF.dll
0x00007ffc79a80000 - 0x00007ffc79ab6000 	C:\WINDOWS\SYSTEM32\WINMM.dll
0x00007ffc8f9e0000 - 0x00007ffc8f9eb000 	C:\WINDOWS\SYSTEM32\VERSION.dll
0x00007ffc98e10000 - 0x00007ffc98e24000 	C:\WINDOWS\SYSTEM32\UMPDC.dll
0x00007ffc97dc0000 - 0x00007ffc97dda000 	C:\WINDOWS\SYSTEM32\kernel.appcore.dll
0x00007ffc8a950000 - 0x00007ffc8a95a000 	c:\Users\student\.vscode\extensions\redhat.java-1.40.0-win32-x64\jre\21.0.6-win32-x86_64\bin\jimage.dll
0x00007ffc8c340000 - 0x00007ffc8c581000 	C:\WINDOWS\SYSTEM32\DBGHELP.DLL
0x00007ffc9a8b0000 - 0x00007ffc9ac32000 	C:\WINDOWS\System32\combase.dll
0x00007ffc9b350000 - 0x00007ffc9b426000 	C:\WINDOWS\System32\OLEAUT32.dll
0x00007ffc8c250000 - 0x00007ffc8c289000 	C:\WINDOWS\SYSTEM32\dbgcore.DLL
0x00007ffc997d0000 - 0x00007ffc99869000 	C:\WINDOWS\System32\bcryptPrimitives.dll
0x00007ffc82a90000 - 0x00007ffc82a9f000 	c:\Users\student\.vscode\extensions\redhat.java-1.40.0-win32-x64\jre\21.0.6-win32-x86_64\bin\instrument.dll
0x00007ffc82a70000 - 0x00007ffc82a8f000 	c:\Users\student\.vscode\extensions\redhat.java-1.40.0-win32-x64\jre\21.0.6-win32-x86_64\bin\java.dll
0x00007ffc99f80000 - 0x00007ffc9a695000 	C:\WINDOWS\System32\SHELL32.dll
0x00007ffc993a0000 - 0x00007ffc99508000 	C:\WINDOWS\System32\wintypes.dll
0x00007ffc96cc0000 - 0x00007ffc97505000 	C:\WINDOWS\SYSTEM32\windows.storage.dll
0x00007ffc9b870000 - 0x00007ffc9b95b000 	C:\WINDOWS\System32\SHCORE.dll
0x00007ffc9b770000 - 0x00007ffc9b7cd000 	C:\WINDOWS\System32\shlwapi.dll
0x00007ffc98eb0000 - 0x00007ffc98edf000 	C:\WINDOWS\SYSTEM32\profapi.dll
0x00007ffc810f0000 - 0x00007ffc81108000 	c:\Users\student\.vscode\extensions\redhat.java-1.40.0-win32-x64\jre\21.0.6-win32-x86_64\bin\zip.dll
0x00007ffc82870000 - 0x00007ffc82880000 	C:\Users\student\.vscode\extensions\redhat.java-1.40.0-win32-x64\jre\21.0.6-win32-x86_64\bin\net.dll
0x00007ffc8fe90000 - 0x00007ffc8ffae000 	C:\WINDOWS\SYSTEM32\WINHTTP.dll
0x00007ffc982e0000 - 0x00007ffc9834a000 	C:\WINDOWS\system32\mswsock.dll
0x00007ffc7f280000 - 0x00007ffc7f296000 	C:\Users\student\.vscode\extensions\redhat.java-1.40.0-win32-x64\jre\21.0.6-win32-x86_64\bin\nio.dll
0x00007ffc810e0000 - 0x00007ffc810f0000 	c:\Users\student\.vscode\extensions\redhat.java-1.40.0-win32-x64\jre\21.0.6-win32-x86_64\bin\verify.dll
0x00007ffc69830000 - 0x00007ffc69875000 	C:\Users\student\AppData\Roaming\Code\User\globalStorage\redhat.java\1.40.0\config_win\org.eclipse.equinox.launcher\org.eclipse.equinox.launcher.win32.win32.x86_64_1.2.1200.v20250212-0927\eclipse_11909.dll
0x00007ffc9ac40000 - 0x00007ffc9add5000 	C:\WINDOWS\System32\ole32.dll
0x00007ffc98580000 - 0x00007ffc9859c000 	C:\WINDOWS\SYSTEM32\CRYPTSP.dll
0x00007ffc97d20000 - 0x00007ffc97d5a000 	C:\WINDOWS\system32\rsaenh.dll
0x00007ffc98380000 - 0x00007ffc983ab000 	C:\WINDOWS\SYSTEM32\USERENV.dll
0x00007ffc987c0000 - 0x00007ffc987e6000 	C:\WINDOWS\SYSTEM32\bcrypt.dll
0x00007ffc985a0000 - 0x00007ffc985ac000 	C:\WINDOWS\SYSTEM32\CRYPTBASE.dll
0x00007ffc97800000 - 0x00007ffc97833000 	C:\WINDOWS\SYSTEM32\IPHLPAPI.DLL
0x00007ffc9ade0000 - 0x00007ffc9adea000 	C:\WINDOWS\System32\NSI.dll
0x00007ffc5c020000 - 0x00007ffc5c069000 	C:\Users\student\AppData\Local\Temp\jna--1879145925\jna13518835947104585386.dll
0x00007ffc9a6a0000 - 0x00007ffc9a6a8000 	C:\WINDOWS\System32\PSAPI.DLL
0x00007ffc8f9f0000 - 0x00007ffc8fa0f000 	C:\WINDOWS\SYSTEM32\dhcpcsvc6.DLL
0x00007ffc8f8a0000 - 0x00007ffc8f8c5000 	C:\WINDOWS\SYSTEM32\dhcpcsvc.DLL
0x00007ffc7f150000 - 0x00007ffc7f15e000 	C:\Users\student\.vscode\extensions\redhat.java-1.40.0-win32-x64\jre\21.0.6-win32-x86_64\bin\sunmscapi.dll
0x00007ffc999b0000 - 0x00007ffc99b27000 	C:\WINDOWS\System32\CRYPT32.dll
0x00007ffc98780000 - 0x00007ffc987b0000 	C:\WINDOWS\SYSTEM32\ncrypt.dll
0x00007ffc98730000 - 0x00007ffc9876f000 	C:\WINDOWS\SYSTEM32\NTASN1.dll
0x00007ffc97890000 - 0x00007ffc979b5000 	C:\WINDOWS\SYSTEM32\DNSAPI.dll
0x00007ffc8f8d0000 - 0x00007ffc8f8db000 	C:\Windows\System32\rasadhlp.dll
0x00007ffc8c1c0000 - 0x00007ffc8c245000 	C:\WINDOWS\System32\fwpuclnt.dll
0x00007ffc7f0e0000 - 0x00007ffc7f0e9000 	C:\Users\student\.vscode\extensions\redhat.java-1.40.0-win32-x64\jre\21.0.6-win32-x86_64\bin\extnet.dll
0x00007ffc97ee0000 - 0x00007ffc97f15000 	C:\WINDOWS\SYSTEM32\ntmarta.dll

dbghelp: loaded successfully - version: 4.0.5 - missing functions: none
symbol engine: initialized successfully - sym options: 0x614 - pdb path: .;c:\Users\student\.vscode\extensions\redhat.java-1.40.0-win32-x64\jre\21.0.6-win32-x86_64\bin;C:\WINDOWS\SYSTEM32;C:\Program Files\Avast Software\Avast;C:\WINDOWS\WinSxS\amd64_microsoft.windows.common-controls_6595b64144ccf1df_6.0.26100.3323_none_3e088096e3344490;c:\Users\student\.vscode\extensions\redhat.java-1.40.0-win32-x64\jre\21.0.6-win32-x86_64\bin\server;C:\Users\student\AppData\Roaming\Code\User\globalStorage\redhat.java\1.40.0\config_win\org.eclipse.equinox.launcher\org.eclipse.equinox.launcher.win32.win32.x86_64_1.2.1200.v20250212-0927;C:\Users\student\AppData\Local\Temp\jna--1879145925

VM Arguments:
jvm_args: --add-modules=ALL-SYSTEM --add-opens=java.base/java.util=ALL-UNNAMED --add-opens=java.base/java.lang=ALL-UNNAMED --add-opens=java.base/sun.nio.fs=ALL-UNNAMED -Declipse.application=org.eclipse.jdt.ls.core.id1 -Dosgi.bundles.defaultStartLevel=4 -Declipse.product=org.eclipse.jdt.ls.core.product -Djava.import.generatesMetadataFilesAtProjectRoot=false -DDetectVMInstallationsJob.disabled=true -Dfile.encoding=utf8 -XX:+UseParallelGC -XX:GCTimeRatio=4 -XX:AdaptiveSizePolicyWeight=90 -Dsun.zip.disableMemoryMapping=true -Xmx1G -Xms100m -Xlog:disable -javaagent:c:\Users\student\.vscode\extensions\redhat.java-1.40.0-win32-x64\lombok\lombok-1.18.36.jar -XX:+HeapDumpOnOutOfMemoryError -XX:HeapDumpPath=c:\Users\student\AppData\Roaming\Code\User\workspaceStorage\34e1f0536f3a9bbe09a70fa07904f662\redhat.java -Daether.dependencyCollector.impl=bf 
java_command: c:\Users\student\.vscode\extensions\redhat.java-1.40.0-win32-x64\server\plugins\org.eclipse.equinox.launcher_1.6.1000.v20250131-0606.jar -configuration c:\Users\student\AppData\Roaming\Code\User\globalStorage\redhat.java\1.40.0\config_win -data c:\Users\student\AppData\Roaming\Code\User\workspaceStorage\34e1f0536f3a9bbe09a70fa07904f662\redhat.java\jdt_ws --pipe=\\.\pipe\lsp-012e4402083e9292044ebbe306f09e8d-sock
java_class_path (initial): c:\Users\student\.vscode\extensions\redhat.java-1.40.0-win32-x64\server\plugins\org.eclipse.equinox.launcher_1.6.1000.v20250131-0606.jar
Launcher Type: SUN_STANDARD

[Global flags]
    uintx AdaptiveSizePolicyWeight                 = 90                                        {product} {command line}
     intx CICompilerCount                          = 3                                         {product} {ergonomic}
    uintx GCTimeRatio                              = 4                                         {product} {command line}
     bool HeapDumpOnOutOfMemoryError               = true                                   {manageable} {command line}
    ccstr HeapDumpPath                             = c:\Users\student\AppData\Roaming\Code\User\workspaceStorage\34e1f0536f3a9bbe09a70fa07904f662\redhat.java         {manageable} {command line}
   size_t InitialHeapSize                          = 104857600                                 {product} {command line}
   size_t MaxHeapSize                              = 1073741824                                {product} {command line}
   size_t MaxNewSize                               = 357564416                                 {product} {ergonomic}
   size_t MinHeapDeltaBytes                        = 524288                                    {product} {ergonomic}
   size_t MinHeapSize                              = 104857600                                 {product} {command line}
   size_t NewSize                                  = 34603008                                  {product} {ergonomic}
    uintx NonNMethodCodeHeapSize                   = 5832780                                {pd product} {ergonomic}
    uintx NonProfiledCodeHeapSize                  = 122912730                              {pd product} {ergonomic}
   size_t OldSize                                  = 70254592                                  {product} {ergonomic}
    uintx ProfiledCodeHeapSize                     = 122912730                              {pd product} {ergonomic}
    uintx ReservedCodeCacheSize                    = 251658240                              {pd product} {ergonomic}
     bool SegmentedCodeCache                       = true                                      {product} {ergonomic}
   size_t SoftMaxHeapSize                          = 1073741824                             {manageable} {ergonomic}
     bool UseCompressedOops                        = true                           {product lp64_product} {ergonomic}
     bool UseLargePagesIndividualAllocation        = false                                  {pd product} {ergonomic}
     bool UseParallelGC                            = true                                      {product} {command line}

Logging:
Log output configuration:
 #0: stdout all=off uptime,level,tags foldmultilines=false
 #1: stderr all=off uptime,level,tags foldmultilines=false

Environment Variables:
PATH=C:\Program Files\Java\jdk-17.0.10\bin;C:\Program Files (x86)\Common Files\Oracle\Java\javapath;C:\WINDOWS\system32;C:\WINDOWS;C:\WINDOWS\System32\Wbem;C:\WINDOWS\System32\WindowsPowerShell\v1.0\;C:\WINDOWS\System32\OpenSSH\;C:\Users\admin\AppData\Local\Programs\Python\Python312;C:\Users\admin\AppData\Local\Programs\Python\Python312\Scripts;C:\Program Files\MySQL\MySQL Server 8.0\bin;C:\Program Files\node-v20.18.0;C:\Program Files\nodejs;C:\Program Files\apache-maven-3.8.8\bin;C:\Program Files\GitHub CLI\;C:\Program Files\nodejs\;C:\Program Files\Android\Android Studio\bin;C:\Users\student\AppData\Local\Android\Sdk\platform-tools;C:\Users\student\AppData\Local\Android\Sdk\tools;C:\Users\student\AppData\Local\Android\Sdk\emulator;C:\Users\student\AppData\Local\Programs\Python\Launcher\;C:\Users\student\AppData\Local\Microsoft\WindowsApps;C:\Users\admin\AppData\Local\Programs\Python\Python312;C:\Users\admin\AppData\Local\Programs\Python\Python312\Scripts;C:\Users\student\AppData\Local\Programs\Microsoft VS Code\bin;C:\Users\student\AppData\Local\GitHubDesktop\bin;C:\Users\student\AppData\Local\Programs\Git\cmd;C:\Program Files\MongoDB\Server\7.0\bin;C:\Users\student\AppData\Roaming\npm
USERNAME=student
OS=Windows_NT
PROCESSOR_IDENTIFIER=Intel64 Family 6 Model 158 Stepping 11, GenuineIntel
TMP=C:\Users\student\AppData\Local\Temp
TEMP=C:\Users\student\AppData\Local\Temp




Periodic native trim disabled

---------------  S Y S T E M  ---------------

OS:
 Windows 11 , 64 bit Build 26100 (10.0.26100.3323)
OS uptime: 0 days 1:22 hours

CPU: total 4 (initial active 4) (4 cores per cpu, 1 threads per core) family 6 model 158 stepping 11 microcode 0xde, cx8, cmov, fxsr, mmx, 3dnowpref, sse, sse2, sse3, ssse3, sse4.1, sse4.2, popcnt, lzcnt, tsc, tscinvbit, avx, avx2, aes, erms, clmul, bmi1, bmi2, adx, fma, vzeroupper, clflush, clflushopt, rdtscp, f16c
Processor Information for the first 4 processors :
  Max Mhz: 3096, Current Mhz: 3096, Mhz Limit: 3096

Memory: 4k page, system-wide physical 8024M (1132M free)
TotalPageFile size 16081M (AvailPageFile size 44M)
current process WorkingSet (physical memory assigned to process): 129M, peak: 1097M
current process commit charge ("private bytes"): 532M, peak: 985M

vm_info: OpenJDK 64-Bit Server VM (21.0.6+7-LTS) for windows-amd64 JRE (21.0.6+7-LTS), built on 2025-01-21T00:00:00Z by "admin" with MS VC++ 17.7 (VS2022)

END.
