#
# There is insufficient memory for the Java Runtime Environment to continue.
# Native memory allocation (malloc) failed to allocate 219136 bytes. Error detail: Chunk::new
# Possible reasons:
#   The system is out of physical RAM or swap space
#   This process is running with CompressedOops enabled, and the Java Heap may be blocking the growth of the native heap
# Possible solutions:
#   Reduce memory load on the system
#   Increase physical memory or swap space
#   Check if swap backing store is full
#   Decrease Java heap size (-Xmx/-Xms)
#   Decrease number of Java threads
#   Decrease Java thread stack sizes (-Xss)
#   Set larger code cache with -XX:ReservedCodeCacheSize=
#   JVM is running with Unscaled Compressed Oops mode in which the Java heap is
#     placed in the first 4GB address space. The Java Heap base address is the
#     maximum limit for the native heap growth. Please use -XX:HeapBaseMinAddress
#     to set the Java Heap base and to place the Java Heap above 4GB virtual address.
# This output file may be truncated or incomplete.
#
#  Out of Memory Error (arena.cpp:168), pid=15016, tid=21912
#
# JRE version: OpenJDK Runtime Environment Temurin-21.0.6+7 (21.0.6+7) (build 21.0.6+7-LTS)
# Java VM: OpenJDK 64-Bit Server VM Temurin-21.0.6+7 (21.0.6+7-LTS, mixed mode, sharing, tiered, compressed oops, compressed class ptrs, parallel gc, windows-amd64)
# No core dump will be written. Minidumps are not enabled by default on client versions of Windows
#

---------------  S U M M A R Y ------------

Command Line: --add-modules=ALL-SYSTEM --add-opens=java.base/java.util=ALL-UNNAMED --add-opens=java.base/java.lang=ALL-UNNAMED --add-opens=java.base/sun.nio.fs=ALL-UNNAMED -Declipse.application=org.eclipse.jdt.ls.core.id1 -Dosgi.bundles.defaultStartLevel=4 -Declipse.product=org.eclipse.jdt.ls.core.product -Djava.import.generatesMetadataFilesAtProjectRoot=false -DDetectVMInstallationsJob.disabled=true -Dfile.encoding=utf8 -XX:+UseParallelGC -XX:GCTimeRatio=4 -XX:AdaptiveSizePolicyWeight=90 -Dsun.zip.disableMemoryMapping=true -Xmx1G -Xms100m -Xlog:disable -javaagent:c:\Users\student\.vscode\extensions\redhat.java-1.40.0-win32-x64\lombok\lombok-1.18.36.jar c:\Users\student\.vscode\extensions\redhat.java-1.40.0-win32-x64\server\plugins\org.eclipse.equinox.launcher_1.6.1000.v20250131-0606.jar -configuration c:\Users\student\AppData\Roaming\Code\User\globalStorage\redhat.java\1.40.0\config_ss_win -data c:\Users\student\AppData\Roaming\Code\User\workspaceStorage\ec8f5fe802b5364a02ddefdc53ea4874\redhat.java\ss_ws --pipe=\\.\pipe\lsp-174d390fa0f2f216e3610565ae28fddd-sock

Host: Intel(R) Core(TM) i3-8100T CPU @ 3.10GHz, 4 cores, 7G,  Windows 11 , 64 bit Build 26100 (10.0.26100.3323)
Time: Thu Mar 27 13:03:07 2025 India Standard Time elapsed time: 1.517881 seconds (0d 0h 0m 1s)

---------------  T H R E A D  ---------------

Current thread (0x0000029f62918360):  JavaThread "C2 CompilerThread1" daemon [_thread_in_native, id=21912, stack(0x000000e7a7300000,0x000000e7a7400000) (1024K)]


Current CompileTask:
C2:1517 1611   !   4       java.lang.String::<init> (890 bytes)

Stack: [0x000000e7a7300000,0x000000e7a7400000]
Native frames: (J=compiled Java code, j=interpreted, Vv=VM code, C=native code)
V  [jvm.dll+0x6cdee9]
V  [jvm.dll+0x8a83d1]
V  [jvm.dll+0x8aa8fe]
V  [jvm.dll+0x8aafe3]
V  [jvm.dll+0x27f706]
V  [jvm.dll+0xc500d]
V  [jvm.dll+0xc5543]
V  [jvm.dll+0x3b678c]
V  [jvm.dll+0x382935]
V  [jvm.dll+0x381d9a]
V  [jvm.dll+0x2479f0]
V  [jvm.dll+0x246fcf]
V  [jvm.dll+0x1c75ee]
V  [jvm.dll+0x25685a]
V  [jvm.dll+0x254dfa]
V  [jvm.dll+0x3f0256]
V  [jvm.dll+0x851f8b]
V  [jvm.dll+0x6cc5ed]
C  [ucrtbase.dll+0x37b0]
C  [KERNEL32.DLL+0x2e8d7]
C  [ntdll.dll+0xbbf6c]


---------------  P R O C E S S  ---------------

Threads class SMR info:
_java_thread_list=0x0000029f674e6d80, length=13, elements={
0x0000029f4b20d540, 0x0000029f61814400, 0x0000029f4d59dff0, 0x0000029f618174c0,
0x0000029f618184a0, 0x0000029f6181b180, 0x0000029f6181f960, 0x0000029f61825dd0,
0x0000029f6188db30, 0x0000029f625d3510, 0x0000029f62821060, 0x0000029f62918360,
0x0000029f67704fc0
}

Java Threads: ( => current thread )
  0x0000029f4b20d540 JavaThread "main"                              [_thread_in_vm, id=15220, stack(0x000000e7a6400000,0x000000e7a6500000) (1024K)]
  0x0000029f61814400 JavaThread "Reference Handler"          daemon [_thread_blocked, id=23736, stack(0x000000e7a6800000,0x000000e7a6900000) (1024K)]
  0x0000029f4d59dff0 JavaThread "Finalizer"                  daemon [_thread_blocked, id=16628, stack(0x000000e7a6900000,0x000000e7a6a00000) (1024K)]
  0x0000029f618174c0 JavaThread "Signal Dispatcher"          daemon [_thread_blocked, id=24076, stack(0x000000e7a6a00000,0x000000e7a6b00000) (1024K)]
  0x0000029f618184a0 JavaThread "Attach Listener"            daemon [_thread_blocked, id=22356, stack(0x000000e7a6b00000,0x000000e7a6c00000) (1024K)]
  0x0000029f6181b180 JavaThread "Service Thread"             daemon [_thread_blocked, id=29544, stack(0x000000e7a6c00000,0x000000e7a6d00000) (1024K)]
  0x0000029f6181f960 JavaThread "Monitor Deflation Thread"   daemon [_thread_blocked, id=2384, stack(0x000000e7a6d00000,0x000000e7a6e00000) (1024K)]
  0x0000029f61825dd0 JavaThread "C2 CompilerThread0"         daemon [_thread_blocked, id=24516, stack(0x000000e7a6e00000,0x000000e7a6f00000) (1024K)]
  0x0000029f6188db30 JavaThread "C1 CompilerThread0"         daemon [_thread_blocked, id=4024, stack(0x000000e7a6f00000,0x000000e7a7000000) (1024K)]
  0x0000029f625d3510 JavaThread "Common-Cleaner"             daemon [_thread_blocked, id=12500, stack(0x000000e7a7000000,0x000000e7a7100000) (1024K)]
  0x0000029f62821060 JavaThread "Notification Thread"        daemon [_thread_blocked, id=26156, stack(0x000000e7a7200000,0x000000e7a7300000) (1024K)]
=>0x0000029f62918360 JavaThread "C2 CompilerThread1"         daemon [_thread_in_native, id=21912, stack(0x000000e7a7300000,0x000000e7a7400000) (1024K)]
  0x0000029f67704fc0 JavaThread "Active Thread: Equinox Container: a7c094f8-a188-434c-bb48-fe74f34863b6"        [_thread_blocked, id=26820, stack(0x000000e7a7700000,0x000000e7a7800000) (1024K)]
Total: 13

Other Threads:
  0x0000029f6180f720 VMThread "VM Thread"                           [id=22016, stack(0x000000e7a6700000,0x000000e7a6800000) (1024K)]
  0x0000029f617aba00 WatcherThread "VM Periodic Task Thread"        [id=9712, stack(0x000000e7a6600000,0x000000e7a6700000) (1024K)]
  0x0000029f4d5070a0 WorkerThread "GC Thread#0"                     [id=14360, stack(0x000000e7a6500000,0x000000e7a6600000) (1024K)]
  0x0000029f674f8380 WorkerThread "GC Thread#1"                     [id=25288, stack(0x000000e7a7400000,0x000000e7a7500000) (1024K)]
  0x0000029f629366d0 WorkerThread "GC Thread#2"                     [id=25392, stack(0x000000e7a7500000,0x000000e7a7600000) (1024K)]
  0x0000029f62936a70 WorkerThread "GC Thread#3"                     [id=9892, stack(0x000000e7a7600000,0x000000e7a7700000) (1024K)]
Total: 6

Threads with active compile tasks:
C2 CompilerThread1  1546 1611   !   4       java.lang.String::<init> (890 bytes)
Total: 1

VM state: not at safepoint (normal execution)

VM Mutex/Monitor currently owned by a thread: None

Heap address: 0x00000000c0000000, size: 1024 MB, Compressed Oops mode: 32-bit

CDS archive(s) mapped at: [0x0000029f00000000-0x0000029f00ba0000-0x0000029f00ba0000), size 12189696, SharedBaseAddress: 0x0000029f00000000, ArchiveRelocationMode: 1.
Compressed class space mapped at: 0x0000029f01000000-0x0000029f41000000, reserved size: 1073741824
Narrow klass base: 0x0000029f00000000, Narrow klass shift: 0, Narrow klass range: 0x100000000

GC Precious Log:
 CardTable entry size: 512
 CPUs: 4 total, 4 available
 Memory: 8024M
 Large Page Support: Disabled
 NUMA Support: Disabled
 Compressed Oops: Enabled (32-bit)
 Alignments: Space 512K, Generation 512K, Heap 2M
 Heap Min Capacity: 100M
 Heap Initial Capacity: 100M
 Heap Max Capacity: 1G
 Pre-touch: Disabled
 Parallel Workers: 4

Heap:
 PSYoungGen      total 29696K, used 23562K [0x00000000eab00000, 0x00000000ecc00000, 0x0000000100000000)
  eden space 25600K, 79% used [0x00000000eab00000,0x00000000ebee9198,0x00000000ec400000)
  from space 4096K, 77% used [0x00000000ec400000,0x00000000ec7197f0,0x00000000ec800000)
  to   space 4096K, 0% used [0x00000000ec800000,0x00000000ec800000,0x00000000ecc00000)
 ParOldGen       total 68608K, used 8K [0x00000000c0000000, 0x00000000c4300000, 0x00000000eab00000)
  object space 68608K, 0% used [0x00000000c0000000,0x00000000c0002000,0x00000000c4300000)
 Metaspace       used 7525K, committed 7808K, reserved 1114112K
  class space    used 724K, committed 896K, reserved 1048576K

Card table byte_map: [0x0000029f4ce80000,0x0000029f4d090000] _byte_map_base: 0x0000029f4c880000

Marking Bits: (ParMarkBitMap*) 0x00007ffc494e3260
 Begin Bits: [0x0000029f5f6d0000, 0x0000029f606d0000)
 End Bits:   [0x0000029f606d0000, 0x0000029f616d0000)

Polling page: 0x0000029f4b1a0000

Metaspace:

Usage:
  Non-class:      6.64 MB used.
      Class:    724.35 KB used.
       Both:      7.35 MB used.

Virtual space:
  Non-class space:       64.00 MB reserved,       6.75 MB ( 11%) committed,  1 nodes.
      Class space:        1.00 GB reserved,     896.00 KB ( <1%) committed,  1 nodes.
             Both:        1.06 GB reserved,       7.62 MB ( <1%) committed. 

Chunk freelists:
   Non-Class:  8.94 MB
       Class:  14.98 MB
        Both:  23.92 MB

MaxMetaspaceSize: unlimited
CompressedClassSpaceSize: 1.00 GB
Initial GC threshold: 21.00 MB
Current GC threshold: 21.00 MB
CDS: on
 - commit_granule_bytes: 65536.
 - commit_granule_words: 8192.
 - virtual_space_node_default_size: 8388608.
 - enlarge_chunks_in_place: 1.
 - use_allocation_guard: 0.


Internal statistics:

num_allocs_failed_limit: 0.
num_arena_births: 176.
num_arena_deaths: 0.
num_vsnodes_births: 2.
num_vsnodes_deaths: 0.
num_space_committed: 122.
num_space_uncommitted: 0.
num_chunks_returned_to_freelist: 0.
num_chunks_taken_from_freelist: 342.
num_chunk_merges: 0.
num_chunk_splits: 235.
num_chunks_enlarged: 168.
num_inconsistent_stats: 0.

CodeHeap 'non-profiled nmethods': size=120000Kb used=681Kb max_used=681Kb free=119318Kb
 bounds [0x0000029f581a0000, 0x0000029f58410000, 0x0000029f5f6d0000]
CodeHeap 'profiled nmethods': size=120000Kb used=2901Kb max_used=2901Kb free=117098Kb
 bounds [0x0000029f506d0000, 0x0000029f509b0000, 0x0000029f57c00000]
CodeHeap 'non-nmethods': size=5760Kb used=1212Kb max_used=1232Kb free=4547Kb
 bounds [0x0000029f57c00000, 0x0000029f57e70000, 0x0000029f581a0000]
 total_blobs=2107 nmethods=1630 adapters=384
 compilation: enabled
              stopped_count=0, restarted_count=0
 full_count=0

Compilation events (20 events):
Event: 1.505 Thread 0x0000029f6188db30 1620       3       java.math.MutableBigInteger::normalize (91 bytes)
Event: 1.505 Thread 0x0000029f6188db30 nmethod 1620 0x0000029f50999710 code [0x0000029f509998e0, 0x0000029f50999c30]
Event: 1.506 Thread 0x0000029f6188db30 1621       3       java.util.regex.Pattern$SliceI::match (96 bytes)
Event: 1.506 Thread 0x0000029f6188db30 nmethod 1621 0x0000029f50999d90 code [0x0000029f50999fa0, 0x0000029f5099a5c8]
Event: 1.508 Thread 0x0000029f61825dd0 nmethod 1609 0x0000029f58247b10 code [0x0000029f58247d40, 0x0000029f58248760]
Event: 1.508 Thread 0x0000029f61825dd0 1614       4       java.math.BigInteger::implMultiplyToLen (216 bytes)
Event: 1.509 Thread 0x0000029f6188db30 1622       3       java.lang.invoke.LambdaForm$DMH/0x0000029f01088400::newInvokeSpecial (27 bytes)
Event: 1.509 Thread 0x0000029f6188db30 nmethod 1622 0x0000029f5099a810 code [0x0000029f5099aa20, 0x0000029f5099b258]
Event: 1.509 Thread 0x0000029f6188db30 1623       3       java.lang.Math::clamp (49 bytes)
Event: 1.510 Thread 0x0000029f6188db30 nmethod 1623 0x0000029f5099b510 code [0x0000029f5099b760, 0x0000029f5099bf28]
Event: 1.510 Thread 0x0000029f6188db30 1624       3       java.lang.Math::min (12 bytes)
Event: 1.510 Thread 0x0000029f6188db30 nmethod 1624 0x0000029f5099c290 code [0x0000029f5099c420, 0x0000029f5099c550]
Event: 1.510 Thread 0x0000029f6188db30 1625       3       sun.security.provider.SHA2::resetHashes (19 bytes)
Event: 1.510 Thread 0x0000029f6188db30 nmethod 1625 0x0000029f5099c610 code [0x0000029f5099c7c0, 0x0000029f5099c970]
Event: 1.510 Thread 0x0000029f6188db30 1626   !   3       java.security.MessageDigest$Delegate::of (84 bytes)
Event: 1.511 Thread 0x0000029f6188db30 nmethod 1626 0x0000029f5099ca90 code [0x0000029f5099cd00, 0x0000029f5099d960]
Event: 1.511 Thread 0x0000029f6188db30 1627       3       java.security.MessageDigest$Delegate$CloneableDelegate::<init> (8 bytes)
Event: 1.511 Thread 0x0000029f6188db30 nmethod 1627 0x0000029f5099de10 code [0x0000029f5099dfc0, 0x0000029f5099e290]
Event: 1.511 Thread 0x0000029f6188db30 1628       3       java.security.MessageDigest$Delegate::<init> (12 bytes)
Event: 1.512 Thread 0x0000029f6188db30 nmethod 1628 0x0000029f5099e410 code [0x0000029f5099e5c0, 0x0000029f5099e830]

GC Heap History (2 events):
Event: 0.826 GC heap before
{Heap before GC invocations=1 (full 0):
 PSYoungGen      total 29696K, used 25600K [0x00000000eab00000, 0x00000000ecc00000, 0x0000000100000000)
  eden space 25600K, 100% used [0x00000000eab00000,0x00000000ec400000,0x00000000ec400000)
  from space 4096K, 0% used [0x00000000ec800000,0x00000000ec800000,0x00000000ecc00000)
  to   space 4096K, 0% used [0x00000000ec400000,0x00000000ec400000,0x00000000ec800000)
 ParOldGen       total 68608K, used 0K [0x00000000c0000000, 0x00000000c4300000, 0x00000000eab00000)
  object space 68608K, 0% used [0x00000000c0000000,0x00000000c0000000,0x00000000c4300000)
 Metaspace       used 4345K, committed 4544K, reserved 1114112K
  class space    used 436K, committed 512K, reserved 1048576K
}
Event: 0.835 GC heap after
{Heap after GC invocations=1 (full 0):
 PSYoungGen      total 29696K, used 3173K [0x00000000eab00000, 0x00000000ecc00000, 0x0000000100000000)
  eden space 25600K, 0% used [0x00000000eab00000,0x00000000eab00000,0x00000000ec400000)
  from space 4096K, 77% used [0x00000000ec400000,0x00000000ec7197f0,0x00000000ec800000)
  to   space 4096K, 0% used [0x00000000ec800000,0x00000000ec800000,0x00000000ecc00000)
 ParOldGen       total 68608K, used 8K [0x00000000c0000000, 0x00000000c4300000, 0x00000000eab00000)
  object space 68608K, 0% used [0x00000000c0000000,0x00000000c0002000,0x00000000c4300000)
 Metaspace       used 4345K, committed 4544K, reserved 1114112K
  class space    used 436K, committed 512K, reserved 1048576K
}

Dll operation events (8 events):
Event: 0.036 Loaded shared library c:\Users\student\.vscode\extensions\redhat.java-1.40.0-win32-x64\jre\21.0.6-win32-x86_64\bin\java.dll
Event: 0.120 Loaded shared library c:\Users\student\.vscode\extensions\redhat.java-1.40.0-win32-x64\jre\21.0.6-win32-x86_64\bin\zip.dll
Event: 0.144 Loaded shared library C:\Users\student\.vscode\extensions\redhat.java-1.40.0-win32-x64\jre\21.0.6-win32-x86_64\bin\instrument.dll
Event: 0.151 Loaded shared library C:\Users\student\.vscode\extensions\redhat.java-1.40.0-win32-x64\jre\21.0.6-win32-x86_64\bin\net.dll
Event: 0.156 Loaded shared library C:\Users\student\.vscode\extensions\redhat.java-1.40.0-win32-x64\jre\21.0.6-win32-x86_64\bin\nio.dll
Event: 0.159 Loaded shared library C:\Users\student\.vscode\extensions\redhat.java-1.40.0-win32-x64\jre\21.0.6-win32-x86_64\bin\zip.dll
Event: 0.175 Loaded shared library C:\Users\student\.vscode\extensions\redhat.java-1.40.0-win32-x64\jre\21.0.6-win32-x86_64\bin\jimage.dll
Event: 0.266 Loaded shared library c:\Users\student\.vscode\extensions\redhat.java-1.40.0-win32-x64\jre\21.0.6-win32-x86_64\bin\verify.dll

Deoptimization events (20 events):
Event: 1.450 Thread 0x0000029f4b20d540 DEOPT PACKING pc=0x0000029f581f8890 sp=0x000000e7a64fe040
Event: 1.450 Thread 0x0000029f4b20d540 DEOPT UNPACKING pc=0x0000029f57c53aa2 sp=0x000000e7a64fdfd0 mode 2
Event: 1.452 Thread 0x0000029f4b20d540 Uncommon trap: trap_request=0xffffffde fr.pc=0x0000029f581f8890 relative=0x0000000000000b10
Event: 1.452 Thread 0x0000029f4b20d540 Uncommon trap: reason=class_check action=maybe_recompile pc=0x0000029f581f8890 method=java.util.HashMap.putVal(ILjava/lang/Object;Ljava/lang/Object;ZZ)Ljava/lang/Object; @ 253 c2
Event: 1.452 Thread 0x0000029f4b20d540 DEOPT PACKING pc=0x0000029f581f8890 sp=0x000000e7a64fe040
Event: 1.452 Thread 0x0000029f4b20d540 DEOPT UNPACKING pc=0x0000029f57c53aa2 sp=0x000000e7a64fdfd0 mode 2
Event: 1.452 Thread 0x0000029f4b20d540 Uncommon trap: trap_request=0xffffffde fr.pc=0x0000029f581f8890 relative=0x0000000000000b10
Event: 1.452 Thread 0x0000029f4b20d540 Uncommon trap: reason=class_check action=maybe_recompile pc=0x0000029f581f8890 method=java.util.HashMap.putVal(ILjava/lang/Object;Ljava/lang/Object;ZZ)Ljava/lang/Object; @ 253 c2
Event: 1.452 Thread 0x0000029f4b20d540 DEOPT PACKING pc=0x0000029f581f8890 sp=0x000000e7a64fdf40
Event: 1.452 Thread 0x0000029f4b20d540 DEOPT UNPACKING pc=0x0000029f57c53aa2 sp=0x000000e7a64fded0 mode 2
Event: 1.499 Thread 0x0000029f4b20d540 DEOPT PACKING pc=0x0000029f50813331 sp=0x000000e7a64fd020
Event: 1.499 Thread 0x0000029f4b20d540 DEOPT UNPACKING pc=0x0000029f57c54242 sp=0x000000e7a64fc498 mode 0
Event: 1.501 Thread 0x0000029f4b20d540 DEOPT PACKING pc=0x0000029f50823408 sp=0x000000e7a64fc220
Event: 1.501 Thread 0x0000029f4b20d540 DEOPT UNPACKING pc=0x0000029f57c54242 sp=0x000000e7a64fb6a0 mode 0
Event: 1.504 Thread 0x0000029f4b20d540 DEOPT PACKING pc=0x0000029f50823408 sp=0x000000e7a64fc530
Event: 1.504 Thread 0x0000029f4b20d540 DEOPT UNPACKING pc=0x0000029f57c54242 sp=0x000000e7a64fb9b0 mode 0
Event: 1.505 Thread 0x0000029f4b20d540 DEOPT PACKING pc=0x0000029f50823408 sp=0x000000e7a64fc480
Event: 1.505 Thread 0x0000029f4b20d540 DEOPT UNPACKING pc=0x0000029f57c54242 sp=0x000000e7a64fb900 mode 0
Event: 1.505 Thread 0x0000029f4b20d540 DEOPT PACKING pc=0x0000029f50823408 sp=0x000000e7a64fc780
Event: 1.505 Thread 0x0000029f4b20d540 DEOPT UNPACKING pc=0x0000029f57c54242 sp=0x000000e7a64fbc00 mode 0

Classes loaded (20 events):
Event: 1.406 Loading class java/util/concurrent/Executors$RunnableAdapter
Event: 1.406 Loading class java/util/concurrent/Executors$RunnableAdapter done
Event: 1.406 Loading class java/util/concurrent/ThreadPoolExecutor$Worker
Event: 1.406 Loading class java/util/concurrent/ThreadPoolExecutor$Worker done
Event: 1.424 Loading class java/util/ArrayList$ListItr
Event: 1.424 Loading class java/util/ArrayList$ListItr done
Event: 1.451 Loading class java/util/ConcurrentModificationException
Event: 1.451 Loading class java/util/ConcurrentModificationException done
Event: 1.459 Loading class java/util/LinkedList
Event: 1.459 Loading class java/util/AbstractSequentialList
Event: 1.460 Loading class java/util/AbstractSequentialList done
Event: 1.460 Loading class java/util/LinkedList done
Event: 1.467 Loading class java/net/ContentHandlerFactory
Event: 1.467 Loading class java/net/ContentHandlerFactory done
Event: 1.470 Loading class java/net/ContentHandler
Event: 1.470 Loading class java/net/ContentHandler done
Event: 1.490 Loading class javax/xml/parsers/ParserConfigurationException
Event: 1.491 Loading class javax/xml/parsers/ParserConfigurationException done
Event: 1.493 Loading class java/security/KeyStoreException
Event: 1.493 Loading class java/security/KeyStoreException done

Classes unloaded (0 events):
No events

Classes redefined (0 events):
No events

Internal exceptions (20 events):
Event: 0.771 Thread 0x0000029f4b20d540 Exception <a 'java/io/FileNotFoundException'{0x00000000ec27c8d0}> (0x00000000ec27c8d0) 
thrown [s\src\hotspot\share\prims\jni.cpp, line 520]
Event: 0.814 Thread 0x0000029f4b20d540 Implicit null exception at 0x0000029f581fa666 to 0x0000029f581fa712
Event: 0.815 Thread 0x0000029f4b20d540 Implicit null exception at 0x0000029f581fd920 to 0x0000029f581fdb38
Event: 0.815 Thread 0x0000029f4b20d540 Exception <a 'java/lang/NoSuchMethodError'{0x00000000ec3a7128}: 'void java.lang.invoke.DirectMethodHandle$Holder.invokeStatic(java.lang.Object, java.lang.Object, java.lang.Object, java.lang.Object)'> (0x00000000ec3a7128) 
thrown [s\src\hotspot\share\interpreter\linkResolver.cpp, line 773]
Event: 0.816 Thread 0x0000029f4b20d540 Implicit null exception at 0x0000029f581f1620 to 0x0000029f581f183c
Event: 0.816 Thread 0x0000029f4b20d540 Implicit null exception at 0x0000029f581eccc0 to 0x0000029f581ecd45
Event: 0.869 Thread 0x0000029f4b20d540 Exception <a 'java/lang/NoSuchMethodError'{0x00000000eace9200}: 'long java.lang.invoke.DirectMethodHandle$Holder.invokeStatic(java.lang.Object, java.lang.Object, int)'> (0x00000000eace9200) 
thrown [s\src\hotspot\share\interpreter\linkResolver.cpp, line 773]
Event: 0.871 Thread 0x0000029f4b20d540 Exception <a 'java/lang/NoSuchMethodError'{0x00000000eacf0d68}: 'java.lang.Object java.lang.invoke.DirectMethodHandle$Holder.invokeSpecial(java.lang.Object, java.lang.Object, java.lang.Object, java.lang.Object, long)'> (0x00000000eacf0d68) 
thrown [s\src\hotspot\share\interpreter\linkResolver.cpp, line 773]
Event: 0.872 Thread 0x0000029f4b20d540 Exception <a 'java/lang/NoSuchMethodError'{0x00000000eacfec48}: 'java.lang.Object java.lang.invoke.DirectMethodHandle$Holder.invokeSpecial(java.lang.Object, java.lang.Object, java.lang.Object, int, java.lang.Object)'> (0x00000000eacfec48) 
thrown [s\src\hotspot\share\interpreter\linkResolver.cpp, line 773]
Event: 0.875 Thread 0x0000029f4b20d540 Exception <a 'java/lang/NoSuchMethodError'{0x00000000ead18648}: 'java.lang.Object java.lang.invoke.Invokers$Holder.invokeExact_MT(java.lang.Object, java.lang.Object, java.lang.Object, java.lang.Object, java.lang.Object, java.lang.Object)'> (0x00000000ead18648) 
thrown [s\src\hotspot\share\interpreter\linkResolver.cpp, line 773]
Event: 0.878 Thread 0x0000029f4b20d540 Exception <a 'java/lang/NoSuchMethodError'{0x00000000ead31f20}: 'int java.lang.invoke.DirectMethodHandle$Holder.invokeStaticInit(java.lang.Object, java.lang.Object, java.lang.Object, java.lang.Object)'> (0x00000000ead31f20) 
thrown [s\src\hotspot\share\interpreter\linkResolver.cpp, line 773]
Event: 0.881 Thread 0x0000029f4b20d540 Exception <a 'java/lang/NoSuchMethodError'{0x00000000ead3a970}: 'java.lang.Object java.lang.invoke.DirectMethodHandle$Holder.invokeInterface(java.lang.Object, java.lang.Object)'> (0x00000000ead3a970) 
thrown [s\src\hotspot\share\interpreter\linkResolver.cpp, line 773]
Event: 0.881 Thread 0x0000029f4b20d540 Exception <a 'java/lang/IncompatibleClassChangeError'{0x00000000ead3dea8}: Found class java.lang.Object, but interface was expected> (0x00000000ead3dea8) 
thrown [s\src\hotspot\share\interpreter\linkResolver.cpp, line 840]
Event: 0.882 Thread 0x0000029f4b20d540 Exception <a 'java/lang/NoSuchMethodError'{0x00000000ead42060}: 'void java.lang.invoke.DirectMethodHandle$Holder.invokeStatic(java.lang.Object, java.lang.Object)'> (0x00000000ead42060) 
thrown [s\src\hotspot\share\interpreter\linkResolver.cpp, line 773]
Event: 0.882 Thread 0x0000029f4b20d540 Exception <a 'java/lang/NoSuchMethodError'{0x00000000ead45408}: 'void java.lang.invoke.DirectMethodHandle$Holder.invokeStaticInit(java.lang.Object, java.lang.Object)'> (0x00000000ead45408) 
thrown [s\src\hotspot\share\interpreter\linkResolver.cpp, line 773]
Event: 0.883 Thread 0x0000029f4b20d540 Exception <a 'java/lang/NoSuchMethodError'{0x00000000ead4c8e8}: 'int java.lang.invoke.DirectMethodHandle$Holder.invokeStaticInit(java.lang.Object, java.lang.Object)'> (0x00000000ead4c8e8) 
thrown [s\src\hotspot\share\interpreter\linkResolver.cpp, line 773]
Event: 1.025 Thread 0x0000029f4b20d540 Exception <a 'java/lang/NoSuchMethodError'{0x00000000eae8a550}: 'void java.lang.invoke.DirectMethodHandle$Holder.invokeSpecial(java.lang.Object, java.lang.Object, java.lang.Object)'> (0x00000000eae8a550) 
thrown [s\src\hotspot\share\interpreter\linkResolver.cpp, line 773]
Event: 1.334 Thread 0x0000029f4b20d540 Exception <a 'java/lang/NoSuchMethodError'{0x00000000eb730ea0}: 'int java.lang.invoke.DirectMethodHandle$Holder.invokeVirtual(java.lang.Object, java.lang.Object)'> (0x00000000eb730ea0) 
thrown [s\src\hotspot\share\interpreter\linkResolver.cpp, line 773]
Event: 1.439 Thread 0x0000029f4b20d540 Exception <a 'java/lang/NoSuchMethodError'{0x00000000eba69ea8}: 'java.lang.Object java.lang.invoke.DirectMethodHandle$Holder.newInvokeSpecial(java.lang.Object, int, java.lang.Object)'> (0x00000000eba69ea8) 
thrown [s\src\hotspot\share\interpreter\linkResolver.cpp, line 773]
Event: 1.462 Thread 0x0000029f4b20d540 Exception <a 'java/lang/NoSuchMethodError'{0x00000000ebbfc1e8}: 'java.lang.Object java.lang.invoke.DirectMethodHandle$Holder.newInvokeSpecial(java.lang.Object, java.lang.Object, java.lang.Object, java.lang.Object, int, java.lang.Object)'> (0x00000000ebbfc1e8) 
thrown [s\src\hotspot\share\interpreter\linkResolver.cpp, line 773]

ZGC Phase Switch (0 events):
No events

VM Operations (18 events):
Event: 0.118 Executing VM operation: HandshakeAllThreads (Deoptimize)
Event: 0.119 Executing VM operation: HandshakeAllThreads (Deoptimize) done
Event: 0.188 Executing VM operation: HandshakeAllThreads (Deoptimize)
Event: 0.188 Executing VM operation: HandshakeAllThreads (Deoptimize) done
Event: 0.535 Executing VM operation: HandshakeAllThreads (Deoptimize)
Event: 0.535 Executing VM operation: HandshakeAllThreads (Deoptimize) done
Event: 0.550 Executing VM operation: HandshakeAllThreads (Deoptimize)
Event: 0.550 Executing VM operation: HandshakeAllThreads (Deoptimize) done
Event: 0.804 Executing VM operation: ICBufferFull
Event: 0.804 Executing VM operation: ICBufferFull done
Event: 0.826 Executing VM operation: ParallelGCFailedAllocation (Allocation Failure)
Event: 0.835 Executing VM operation: ParallelGCFailedAllocation (Allocation Failure) done
Event: 1.417 Executing VM operation: HandshakeAllThreads (Deoptimize)
Event: 1.417 Executing VM operation: HandshakeAllThreads (Deoptimize) done
Event: 1.424 Executing VM operation: HandshakeAllThreads (Deoptimize)
Event: 1.424 Executing VM operation: HandshakeAllThreads (Deoptimize) done
Event: 1.460 Executing VM operation: HandshakeAllThreads (Deoptimize)
Event: 1.460 Executing VM operation: HandshakeAllThreads (Deoptimize) done

Memory protections (0 events):
No events

Nmethod flushes (0 events):
No events

Events (13 events):
Event: 0.058 Thread 0x0000029f4b20d540 Thread added: 0x0000029f4b20d540
Event: 0.078 Thread 0x0000029f4b20d540 Thread added: 0x0000029f61814400
Event: 0.079 Thread 0x0000029f4b20d540 Thread added: 0x0000029f4d59dff0
Event: 0.079 Thread 0x0000029f4b20d540 Thread added: 0x0000029f618174c0
Event: 0.079 Thread 0x0000029f4b20d540 Thread added: 0x0000029f618184a0
Event: 0.080 Thread 0x0000029f4b20d540 Thread added: 0x0000029f6181b180
Event: 0.080 Thread 0x0000029f4b20d540 Thread added: 0x0000029f6181f960
Event: 0.080 Thread 0x0000029f4b20d540 Thread added: 0x0000029f61825dd0
Event: 0.082 Thread 0x0000029f4b20d540 Thread added: 0x0000029f6188db30
Event: 0.104 Thread 0x0000029f4b20d540 Thread added: 0x0000029f625d3510
Event: 0.357 Thread 0x0000029f4b20d540 Thread added: 0x0000029f62821060
Event: 0.360 Thread 0x0000029f6188db30 Thread added: 0x0000029f62918360
Event: 1.406 Thread 0x0000029f4b20d540 Thread added: 0x0000029f67704fc0


Dynamic libraries:
0x00007ff6dabb0000 - 0x00007ff6dabbe000 	c:\Users\student\.vscode\extensions\redhat.java-1.40.0-win32-x64\jre\21.0.6-win32-x86_64\bin\java.exe
0x00007ffc9bda0000 - 0x00007ffc9c003000 	C:\WINDOWS\SYSTEM32\ntdll.dll
0x00007ffc6bb10000 - 0x00007ffc6bb2a000 	C:\Program Files\Avast Software\Avast\aswhook.dll
0x00007ffc9a7e0000 - 0x00007ffc9a8a7000 	C:\WINDOWS\System32\KERNEL32.DLL
0x00007ffc98fd0000 - 0x00007ffc99399000 	C:\WINDOWS\System32\KERNELBASE.dll
0x00007ffc995d0000 - 0x00007ffc9971c000 	C:\WINDOWS\System32\ucrtbase.dll
0x00007ffc96060000 - 0x00007ffc96078000 	c:\Users\student\.vscode\extensions\redhat.java-1.40.0-win32-x64\jre\21.0.6-win32-x86_64\bin\jli.dll
0x00007ffc9bb50000 - 0x00007ffc9bd1a000 	C:\WINDOWS\System32\USER32.dll
0x00007ffc98fa0000 - 0x00007ffc98fc7000 	C:\WINDOWS\System32\win32u.dll
0x00007ffc99bc0000 - 0x00007ffc99bea000 	C:\WINDOWS\System32\GDI32.dll
0x00007ffc99870000 - 0x00007ffc999a1000 	C:\WINDOWS\System32\gdi32full.dll
0x00007ffc99720000 - 0x00007ffc997c3000 	C:\WINDOWS\System32\msvcp_win.dll
0x00007ffc94120000 - 0x00007ffc9413e000 	c:\Users\student\.vscode\extensions\redhat.java-1.40.0-win32-x64\jre\21.0.6-win32-x86_64\bin\VCRUNTIME140.dll
0x00007ffc797e0000 - 0x00007ffc79a70000 	C:\WINDOWS\WinSxS\amd64_microsoft.windows.common-controls_6595b64144ccf1df_6.0.26100.3323_none_3e088096e3344490\COMCTL32.dll
0x00007ffc99cf0000 - 0x00007ffc99d99000 	C:\WINDOWS\System32\msvcrt.dll
0x00007ffc9b830000 - 0x00007ffc9b85f000 	C:\WINDOWS\System32\IMM32.DLL
0x00007ffc93550000 - 0x00007ffc9355c000 	c:\Users\student\.vscode\extensions\redhat.java-1.40.0-win32-x64\jre\21.0.6-win32-x86_64\bin\vcruntime140_1.dll
0x00007ffc863e0000 - 0x00007ffc8646d000 	c:\Users\student\.vscode\extensions\redhat.java-1.40.0-win32-x64\jre\21.0.6-win32-x86_64\bin\msvcp140.dll
0x00007ffc48830000 - 0x00007ffc495c0000 	c:\Users\student\.vscode\extensions\redhat.java-1.40.0-win32-x64\jre\21.0.6-win32-x86_64\bin\server\jvm.dll
0x00007ffc9b960000 - 0x00007ffc9ba12000 	C:\WINDOWS\System32\ADVAPI32.dll
0x00007ffc9adf0000 - 0x00007ffc9ae96000 	C:\WINDOWS\System32\sechost.dll
0x00007ffc9a6c0000 - 0x00007ffc9a7d6000 	C:\WINDOWS\System32\RPCRT4.dll
0x00007ffc9ba20000 - 0x00007ffc9ba94000 	C:\WINDOWS\System32\WS2_32.dll
0x00007ffc98e30000 - 0x00007ffc98e7e000 	C:\WINDOWS\SYSTEM32\POWRPROF.dll
0x00007ffc79a80000 - 0x00007ffc79ab6000 	C:\WINDOWS\SYSTEM32\WINMM.dll
0x00007ffc8f9e0000 - 0x00007ffc8f9eb000 	C:\WINDOWS\SYSTEM32\VERSION.dll
0x00007ffc98e10000 - 0x00007ffc98e24000 	C:\WINDOWS\SYSTEM32\UMPDC.dll
0x00007ffc97dc0000 - 0x00007ffc97dda000 	C:\WINDOWS\SYSTEM32\kernel.appcore.dll
0x00007ffc93540000 - 0x00007ffc9354a000 	c:\Users\student\.vscode\extensions\redhat.java-1.40.0-win32-x64\jre\21.0.6-win32-x86_64\bin\jimage.dll
0x00007ffc8c340000 - 0x00007ffc8c581000 	C:\WINDOWS\SYSTEM32\DBGHELP.DLL
0x00007ffc9a8b0000 - 0x00007ffc9ac32000 	C:\WINDOWS\System32\combase.dll
0x00007ffc9b350000 - 0x00007ffc9b426000 	C:\WINDOWS\System32\OLEAUT32.dll
0x00007ffc8c250000 - 0x00007ffc8c289000 	C:\WINDOWS\SYSTEM32\dbgcore.DLL
0x00007ffc997d0000 - 0x00007ffc99869000 	C:\WINDOWS\System32\bcryptPrimitives.dll
0x00007ffc93110000 - 0x00007ffc9311f000 	c:\Users\student\.vscode\extensions\redhat.java-1.40.0-win32-x64\jre\21.0.6-win32-x86_64\bin\instrument.dll
0x00007ffc92ac0000 - 0x00007ffc92adf000 	c:\Users\student\.vscode\extensions\redhat.java-1.40.0-win32-x64\jre\21.0.6-win32-x86_64\bin\java.dll
0x00007ffc99f80000 - 0x00007ffc9a695000 	C:\WINDOWS\System32\SHELL32.dll
0x00007ffc993a0000 - 0x00007ffc99508000 	C:\WINDOWS\System32\wintypes.dll
0x00007ffc96cc0000 - 0x00007ffc97505000 	C:\WINDOWS\SYSTEM32\windows.storage.dll
0x00007ffc9b870000 - 0x00007ffc9b95b000 	C:\WINDOWS\System32\SHCORE.dll
0x00007ffc9b770000 - 0x00007ffc9b7cd000 	C:\WINDOWS\System32\shlwapi.dll
0x00007ffc98eb0000 - 0x00007ffc98edf000 	C:\WINDOWS\SYSTEM32\profapi.dll
0x00007ffc92a40000 - 0x00007ffc92a58000 	c:\Users\student\.vscode\extensions\redhat.java-1.40.0-win32-x64\jre\21.0.6-win32-x86_64\bin\zip.dll
0x00007ffc92bc0000 - 0x00007ffc92bd0000 	C:\Users\student\.vscode\extensions\redhat.java-1.40.0-win32-x64\jre\21.0.6-win32-x86_64\bin\net.dll
0x00007ffc8fe90000 - 0x00007ffc8ffae000 	C:\WINDOWS\SYSTEM32\WINHTTP.dll
0x00007ffc982e0000 - 0x00007ffc9834a000 	C:\WINDOWS\system32\mswsock.dll
0x00007ffc8a950000 - 0x00007ffc8a966000 	C:\Users\student\.vscode\extensions\redhat.java-1.40.0-win32-x64\jre\21.0.6-win32-x86_64\bin\nio.dll
0x00007ffc92b40000 - 0x00007ffc92b50000 	c:\Users\student\.vscode\extensions\redhat.java-1.40.0-win32-x64\jre\21.0.6-win32-x86_64\bin\verify.dll

dbghelp: loaded successfully - version: 4.0.5 - missing functions: none
symbol engine: initialized successfully - sym options: 0x614 - pdb path: .;c:\Users\student\.vscode\extensions\redhat.java-1.40.0-win32-x64\jre\21.0.6-win32-x86_64\bin;C:\WINDOWS\SYSTEM32;C:\Program Files\Avast Software\Avast;C:\WINDOWS\WinSxS\amd64_microsoft.windows.common-controls_6595b64144ccf1df_6.0.26100.3323_none_3e088096e3344490;c:\Users\student\.vscode\extensions\redhat.java-1.40.0-win32-x64\jre\21.0.6-win32-x86_64\bin\server

VM Arguments:
jvm_args: --add-modules=ALL-SYSTEM --add-opens=java.base/java.util=ALL-UNNAMED --add-opens=java.base/java.lang=ALL-UNNAMED --add-opens=java.base/sun.nio.fs=ALL-UNNAMED -Declipse.application=org.eclipse.jdt.ls.core.id1 -Dosgi.bundles.defaultStartLevel=4 -Declipse.product=org.eclipse.jdt.ls.core.product -Djava.import.generatesMetadataFilesAtProjectRoot=false -DDetectVMInstallationsJob.disabled=true -Dfile.encoding=utf8 -XX:+UseParallelGC -XX:GCTimeRatio=4 -XX:AdaptiveSizePolicyWeight=90 -Dsun.zip.disableMemoryMapping=true -Xmx1G -Xms100m -Xlog:disable -javaagent:c:\Users\student\.vscode\extensions\redhat.java-1.40.0-win32-x64\lombok\lombok-1.18.36.jar 
java_command: c:\Users\student\.vscode\extensions\redhat.java-1.40.0-win32-x64\server\plugins\org.eclipse.equinox.launcher_1.6.1000.v20250131-0606.jar -configuration c:\Users\student\AppData\Roaming\Code\User\globalStorage\redhat.java\1.40.0\config_ss_win -data c:\Users\student\AppData\Roaming\Code\User\workspaceStorage\ec8f5fe802b5364a02ddefdc53ea4874\redhat.java\ss_ws --pipe=\\.\pipe\lsp-174d390fa0f2f216e3610565ae28fddd-sock
java_class_path (initial): c:\Users\student\.vscode\extensions\redhat.java-1.40.0-win32-x64\server\plugins\org.eclipse.equinox.launcher_1.6.1000.v20250131-0606.jar
Launcher Type: SUN_STANDARD

[Global flags]
    uintx AdaptiveSizePolicyWeight                 = 90                                        {product} {command line}
     intx CICompilerCount                          = 3                                         {product} {ergonomic}
    uintx GCTimeRatio                              = 4                                         {product} {command line}
   size_t InitialHeapSize                          = 104857600                                 {product} {command line}
   size_t MaxHeapSize                              = 1073741824                                {product} {command line}
   size_t MaxNewSize                               = 357564416                                 {product} {ergonomic}
   size_t MinHeapDeltaBytes                        = 524288                                    {product} {ergonomic}
   size_t MinHeapSize                              = 104857600                                 {product} {command line}
   size_t NewSize                                  = 34603008                                  {product} {ergonomic}
    uintx NonNMethodCodeHeapSize                   = 5832780                                {pd product} {ergonomic}
    uintx NonProfiledCodeHeapSize                  = 122912730                              {pd product} {ergonomic}
   size_t OldSize                                  = 70254592                                  {product} {ergonomic}
    uintx ProfiledCodeHeapSize                     = 122912730                              {pd product} {ergonomic}
    uintx ReservedCodeCacheSize                    = 251658240                              {pd product} {ergonomic}
     bool SegmentedCodeCache                       = true                                      {product} {ergonomic}
   size_t SoftMaxHeapSize                          = 1073741824                             {manageable} {ergonomic}
     bool UseCompressedOops                        = true                           {product lp64_product} {ergonomic}
     bool UseLargePagesIndividualAllocation        = false                                  {pd product} {ergonomic}
     bool UseParallelGC                            = true                                      {product} {command line}

Logging:
Log output configuration:
 #0: stdout all=off uptime,level,tags foldmultilines=false
 #1: stderr all=off uptime,level,tags foldmultilines=false

Environment Variables:
PATH=C:\Program Files\Java\jdk-17.0.10\bin;C:\Program Files (x86)\Common Files\Oracle\Java\javapath;C:\WINDOWS\system32;C:\WINDOWS;C:\WINDOWS\System32\Wbem;C:\WINDOWS\System32\WindowsPowerShell\v1.0\;C:\WINDOWS\System32\OpenSSH\;C:\Users\admin\AppData\Local\Programs\Python\Python312;C:\Users\admin\AppData\Local\Programs\Python\Python312\Scripts;C:\Program Files\MySQL\MySQL Server 8.0\bin;C:\Program Files\node-v20.18.0;C:\Program Files\nodejs;C:\Program Files\apache-maven-3.8.8\bin;C:\Program Files\GitHub CLI\;C:\Program Files\nodejs\;C:\Program Files\Android\Android Studio\bin;C:\Users\student\AppData\Local\Android\Sdk\platform-tools;C:\Users\student\AppData\Local\Android\Sdk\tools;C:\Users\student\AppData\Local\Android\Sdk\emulator;C:\Users\student\AppData\Local\Programs\Python\Launcher\;C:\Users\student\AppData\Local\Microsoft\WindowsApps;C:\Users\admin\AppData\Local\Programs\Python\Python312;C:\Users\admin\AppData\Local\Programs\Python\Python312\Scripts;C:\Users\student\AppData\Local\Programs\Microsoft VS Code\bin;C:\Users\student\AppData\Local\GitHubDesktop\bin;C:\Users\student\AppData\Local\Programs\Git\cmd;C:\Program Files\MongoDB\Server\7.0\bin;C:\Users\student\AppData\Roaming\npm
USERNAME=student
OS=Windows_NT
PROCESSOR_IDENTIFIER=Intel64 Family 6 Model 158 Stepping 11, GenuineIntel
TMP=C:\Users\student\AppData\Local\Temp
TEMP=C:\Users\student\AppData\Local\Temp




Periodic native trim disabled

---------------  S Y S T E M  ---------------

OS:
 Windows 11 , 64 bit Build 26100 (10.0.26100.3323)
OS uptime: 0 days 2:59 hours

CPU: total 4 (initial active 4) (4 cores per cpu, 1 threads per core) family 6 model 158 stepping 11 microcode 0xde, cx8, cmov, fxsr, mmx, 3dnowpref, sse, sse2, sse3, ssse3, sse4.1, sse4.2, popcnt, lzcnt, tsc, tscinvbit, avx, avx2, aes, erms, clmul, bmi1, bmi2, adx, fma, vzeroupper, clflush, clflushopt, rdtscp, f16c
Processor Information for the first 4 processors :
  Max Mhz: 3096, Current Mhz: 3096, Mhz Limit: 3096

Memory: 4k page, system-wide physical 8024M (1152M free)
TotalPageFile size 13189M (AvailPageFile size 4M)
current process WorkingSet (physical memory assigned to process): 88M, peak: 88M
current process commit charge ("private bytes"): 193M, peak: 193M

vm_info: OpenJDK 64-Bit Server VM (21.0.6+7-LTS) for windows-amd64 JRE (21.0.6+7-LTS), built on 2025-01-21T00:00:00Z by "admin" with MS VC++ 17.7 (VS2022)

END.
